[  0%] Built target std_msgs_generate_messages_eus
[  0%] Built target std_msgs_generate_messages_py
[  0%] Built target _ped_generate_messages_check_deps_set_user
[  0%] Built target _ped_generate_messages_check_deps_User
[  0%] Built target std_msgs_generate_messages_lisp
[  0%] Built target std_msgs_generate_messages_nodejs
[  0%] Built target std_msgs_generate_messages_cpp
[ 15%] Built target ped_generate_messages_eus
[ 36%] Built target ped_generate_messages_py
[ 47%] Built target ped_generate_messages_lisp
[ 57%] Built target ped_generate_messages_nodejs
[ 68%] Built target ped_generate_messages_cpp
[35m[1mScanning dependencies of target ped_client[0m
[ 73%] [32mBuilding CXX object CMakeFiles/ped_client.dir/src/ped_client.cpp.o[0m
[ 84%] Built target ped_server
[ 94%] Built target ped_status
[ 94%] Built target ped_generate_messages
[01m[K/home/me/progetto_labiagi/src/ped/src/ped_client.cpp:[m[K In function ‘[01m[Kint main(int, char**)[m[K’:
[01m[K/home/me/progetto_labiagi/src/ped/src/ped_client.cpp:86:8:[m[K [01;31m[Kerror: [m[Kno post-increment operator for type
   count[01;31m[K++[m[K;
        [01;31m[K^~[m[K
CMakeFiles/ped_client.dir/build.make:62: recipe for target 'CMakeFiles/ped_client.dir/src/ped_client.cpp.o' failed
make[2]: *** [CMakeFiles/ped_client.dir/src/ped_client.cpp.o] Error 1
CMakeFiles/Makefile2:71: recipe for target 'CMakeFiles/ped_client.dir/all' failed
make[1]: *** [CMakeFiles/ped_client.dir/all] Error 2
Makefile:140: recipe for target 'all' failed
make: *** [all] Error 2
