[01m[K/home/me/progetto_labiagi/src/ped/src/ped_server.cpp:[m[K In function ‘[01m[Kvoid CB(const ConstPtr&)[m[K’:
[01m[K/home/me/progetto_labiagi/src/ped/src/ped_server.cpp:102:8:[m[K [01;31m[Kerror: [m[K‘[01m[Kaspetta[m[K’ was not declared in this scope
     if([01;31m[Kaspetta[m[K) break;
        [01;31m[K^~~~~~~[m[K
[01m[K/home/me/progetto_labiagi/src/ped/src/ped_server.cpp:102:8:[m[K [01;36m[Knote: [m[Ksuggested alternative: ‘[01m[Kaspettare[m[K’
     if([01;36m[Kaspetta[m[K) break;
        [01;36m[K^~~~~~~[m[K
        [32m[Kaspettare[m[K
[01m[K/home/me/progetto_labiagi/src/ped/src/ped_server.cpp:103:9:[m[K [01;31m[Kerror: [m[Kexpected primary-expression before ‘[01m[K.[m[K’ token
     ros:[01;31m[K.[m[KspinOnce();
         [01;31m[K^[m[K
[01m[K/home/me/progetto_labiagi/src/ped/src/ped_server.cpp:[m[K In function ‘[01m[Kvoid stato_robot(const ConstPtr&)[m[K’:
[01m[K/home/me/progetto_labiagi/src/ped/src/ped_server.cpp:114:3:[m[K [01;31m[Kerror: [m[K‘[01m[Kaspetta[m[K’ was not declared in this scope
   [01;31m[Kaspetta[m[K=false;
   [01;31m[K^~~~~~~[m[K
[01m[K/home/me/progetto_labiagi/src/ped/src/ped_server.cpp:114:3:[m[K [01;36m[Knote: [m[Ksuggested alternative: ‘[01m[Kaspettare[m[K’
   [01;36m[Kaspetta[m[K=false;
   [01;36m[K^~~~~~~[m[K
   [32m[Kaspettare[m[K
make[2]: *** [CMakeFiles/ped_server.dir/src/ped_server.cpp.o] Error 1
make[1]: *** [CMakeFiles/ped_server.dir/all] Error 2
make: *** [all] Error 2
