CMakeFiles/ped_server.dir/src/ped_server.cpp.o: In function `actionlib::ActionServerBase<ped::msgAction_<std::allocator<void> > >::ActionServerBase(boost::function<void (actionlib::ServerGoalHandle<ped::msgAction_<std::allocator<void> > >)>, boost::function<void (actionlib::ServerGoalHandle<ped::msgAction_<std::allocator<void> > >)>, bool)':
ped_server.cpp:(.text._ZN9actionlib16ActionServerBaseIN3ped10msgAction_ISaIvEEEEC2EN5boost8functionIFvNS_16ServerGoalHandleIS4_EEEEESB_b[_ZN9actionlib16ActionServerBaseIN3ped10msgAction_ISaIvEEEEC5EN5boost8functionIFvNS_16ServerGoalHandleIS4_EEEEESB_b]+0xaa): undefined reference to `actionlib::GoalIDGenerator::GoalIDGenerator()'
CMakeFiles/ped_server.dir/src/ped_server.cpp.o: In function `actionlib::StatusTracker<ped::msgAction_<std::allocator<void> > >::StatusTracker(boost::shared_ptr<ped::msgActionGoal_<std::allocator<void> > const> const&)':
ped_server.cpp:(.text._ZN9actionlib13StatusTrackerIN3ped10msgAction_ISaIvEEEEC2ERKN5boost10shared_ptrIKNS1_14msgActionGoal_IS3_EEEE[_ZN9actionlib13StatusTrackerIN3ped10msgAction_ISaIvEEEEC5ERKN5boost10shared_ptrIKNS1_14msgActionGoal_IS3_EEEE]+0x6f): undefined reference to `actionlib::GoalIDGenerator::GoalIDGenerator()'
ped_server.cpp:(.text._ZN9actionlib13StatusTrackerIN3ped10msgAction_ISaIvEEEEC2ERKN5boost10shared_ptrIKNS1_14msgActionGoal_IS3_EEEE[_ZN9actionlib13StatusTrackerIN3ped10msgAction_ISaIvEEEEC5ERKN5boost10shared_ptrIKNS1_14msgActionGoal_IS3_EEEE]+0xcc): undefined reference to `actionlib::GoalIDGenerator::generateID()'
CMakeFiles/ped_server.dir/src/ped_server.cpp.o: In function `actionlib::StatusTracker<ped::msgAction_<std::allocator<void> > >::StatusTracker(actionlib_msgs::GoalID_<std::allocator<void> > const&, unsigned int)':
ped_server.cpp:(.text._ZN9actionlib13StatusTrackerIN3ped10msgAction_ISaIvEEEEC2ERKN14actionlib_msgs7GoalID_IS3_EEj[_ZN9actionlib13StatusTrackerIN3ped10msgAction_ISaIvEEEEC5ERKN14actionlib_msgs7GoalID_IS3_EEj]+0x5c): undefined reference to `actionlib::GoalIDGenerator::GoalIDGenerator()'
collect2: error: ld returned 1 exit status
make[2]: *** [/home/me/progetto_labiagi/devel/.private/ped/lib/ped/ped_server] Error 1
make[1]: *** [CMakeFiles/ped_server.dir/all] Error 2
make[1]: *** Waiting for unfinished jobs....
CMakeFiles/ped_client.dir/src/ped_client.cpp.o: In function `actionlib::ActionClient<ped::msgAction_<std::allocator<void> > >::waitForActionServerToStart(ros::Duration const&)':
ped_client.cpp:(.text._ZN9actionlib12ActionClientIN3ped10msgAction_ISaIvEEEE26waitForActionServerToStartERKN3ros8DurationE[_ZN9actionlib12ActionClientIN3ped10msgAction_ISaIvEEEE26waitForActionServerToStartERKN3ros8DurationE]+0x9d): undefined reference to `actionlib::ConnectionMonitor::waitForActionServerToStart(ros::Duration const&, ros::NodeHandle const&)'
CMakeFiles/ped_client.dir/src/ped_client.cpp.o: In function `actionlib::GoalManager<ped::msgAction_<std::allocator<void> > >::GoalManager(boost::shared_ptr<actionlib::DestructionGuard> const&)':
ped_client.cpp:(.text._ZN9actionlib11GoalManagerIN3ped10msgAction_ISaIvEEEEC2ERKN5boost10shared_ptrINS_16DestructionGuardEEE[_ZN9actionlib11GoalManagerIN3ped10msgAction_ISaIvEEEEC5ERKN5boost10shared_ptrINS_16DestructionGuardEEE]+0x72): undefined reference to `actionlib::GoalIDGenerator::GoalIDGenerator()'
CMakeFiles/ped_client.dir/src/ped_client.cpp.o: In function `actionlib::ActionClient<ped::msgAction_<std::allocator<void> > >::initClient(ros::CallbackQueueInterface*)':
ped_client.cpp:(.text._ZN9actionlib12ActionClientIN3ped10msgAction_ISaIvEEEE10initClientEPN3ros22CallbackQueueInterfaceE[_ZN9actionlib12ActionClientIN3ped10msgAction_ISaIvEEEE10initClientEPN3ros22CallbackQueueInterfaceE]+0x3e4): undefined reference to `actionlib::ConnectionMonitor::ConnectionMonitor(ros::Subscriber&, ros::Subscriber&)'
ped_client.cpp:(.text._ZN9actionlib12ActionClientIN3ped10msgAction_ISaIvEEEE10initClientEPN3ros22CallbackQueueInterfaceE[_ZN9actionlib12ActionClientIN3ped10msgAction_ISaIvEEEE10initClientEPN3ros22CallbackQueueInterfaceE]+0x416): undefined reference to `actionlib::ConnectionMonitor::goalDisconnectCallback(ros::SingleSubscriberPublisher const&)'
ped_client.cpp:(.text._ZN9actionlib12ActionClientIN3ped10msgAction_ISaIvEEEE10initClientEPN3ros22CallbackQueueInterfaceE[_ZN9actionlib12ActionClientIN3ped10msgAction_ISaIvEEEE10initClientEPN3ros22CallbackQueueInterfaceE]+0x4a2): undefined reference to `actionlib::ConnectionMonitor::goalConnectCallback(ros::SingleSubscriberPublisher const&)'
ped_client.cpp:(.text._ZN9actionlib12ActionClientIN3ped10msgAction_ISaIvEEEE10initClientEPN3ros22CallbackQueueInterfaceE[_ZN9actionlib12ActionClientIN3ped10msgAction_ISaIvEEEE10initClientEPN3ros22CallbackQueueInterfaceE]+0x655): undefined reference to `actionlib::ConnectionMonitor::cancelDisconnectCallback(ros::SingleSubscriberPublisher const&)'
ped_client.cpp:(.text._ZN9actionlib12ActionClientIN3ped10msgAction_ISaIvEEEE10initClientEPN3ros22CallbackQueueInterfaceE[_ZN9actionlib12ActionClientIN3ped10msgAction_ISaIvEEEE10initClientEPN3ros22CallbackQueueInterfaceE]+0x6ec): undefined reference to `actionlib::ConnectionMonitor::cancelConnectCallback(ros::SingleSubscriberPublisher const&)'
CMakeFiles/ped_client.dir/src/ped_client.cpp.o: In function `actionlib::ActionClient<ped::msgAction_<std::allocator<void> > >::statusCb(ros::MessageEvent<actionlib_msgs::GoalStatusArray_<std::allocator<void> > const> const&)':
ped_client.cpp:(.text._ZN9actionlib12ActionClientIN3ped10msgAction_ISaIvEEEE8statusCbERKN3ros12MessageEventIKN14actionlib_msgs16GoalStatusArray_IS3_EEEE[_ZN9actionlib12ActionClientIN3ped10msgAction_ISaIvEEEE8statusCbERKN3ros12MessageEventIKN14actionlib_msgs16GoalStatusArray_IS3_EEEE]+0x1eb): undefined reference to `actionlib::ConnectionMonitor::processStatus(boost::shared_ptr<actionlib_msgs::GoalStatusArray_<std::allocator<void> > const> const&, std::__cxx11::basic_string<char, std::char_traits<char>, std::allocator<char> > const&)'
collect2: error: ld returned 1 exit status
make[2]: *** [/home/me/progetto_labiagi/devel/.private/ped/lib/ped/ped_client] Error 1
make[1]: *** [CMakeFiles/ped_client.dir/all] Error 2
make: *** [all] Error 2
