[  0%] Built target std_msgs_generate_messages_eus
[  0%] Built target _ped_generate_messages_check_deps_User
[  0%] Built target _ped_generate_messages_check_deps_set_user
[  0%] Built target std_msgs_generate_messages_py
[  0%] Built target std_msgs_generate_messages_lisp
[  0%] Built target std_msgs_generate_messages_cpp
[  0%] Built target std_msgs_generate_messages_nodejs
[ 23%] Built target ped_generate_messages_py
[ 52%] Built target ped_generate_messages_eus
[ 35%] Built target ped_generate_messages_nodejs
[ 64%] Built target ped_generate_messages_lisp
[ 76%] Built target ped_generate_messages_cpp
[35m[1mScanning dependencies of target ped_client[0m
[ 76%] Built target ped_generate_messages
[ 88%] Built target ped_server
[ 94%] [32mBuilding CXX object CMakeFiles/ped_client.dir/src/ped_client.cpp.o[0m
[01m[K/home/me/progetto_labiagi/src/ped/src/ped_client.cpp:[m[K In function ‘[01m[Kvoid robot_status(const ConstPtr&)[m[K’:
[01m[K/home/me/progetto_labiagi/src/ped/src/ped_client.cpp:38:27:[m[K [01;31m[Kerror: [m[Kexpected primary-expression before ‘[01m[K<<[m[K’ token
   cout << "  p: 100%" <<  [01;31m[K<<[m[K " " << flush;
                           [01;31m[K^~[m[K
CMakeFiles/ped_client.dir/build.make:62: recipe for target 'CMakeFiles/ped_client.dir/src/ped_client.cpp.o' failed
CMakeFiles/Makefile2:71: recipe for target 'CMakeFiles/ped_client.dir/all' failed
Makefile:140: recipe for target 'all' failed
make[2]: *** [CMakeFiles/ped_client.dir/src/ped_client.cpp.o] Error 1
make[1]: *** [CMakeFiles/ped_client.dir/all] Error 2
make: *** [all] Error 2
