[  0%] Built target std_msgs_generate_messages_eus
[  0%] Built target std_msgs_generate_messages_py
[  0%] Built target _ped_generate_messages_check_deps_User
[  0%] Built target _ped_generate_messages_check_deps_set_user
[  0%] Built target std_msgs_generate_messages_lisp
[  0%] Built target std_msgs_generate_messages_nodejs
[  0%] Built target std_msgs_generate_messages_cpp
[ 36%] Built target ped_generate_messages_eus
[ 36%] Built target ped_generate_messages_py
[ 47%] Built target ped_generate_messages_lisp
[ 57%] Built target ped_generate_messages_nodejs
[ 68%] Built target ped_generate_messages_cpp
[35m[1mScanning dependencies of target ped_server[0m
[ 78%] Built target ped_client
[ 89%] Built target ped_status
[ 94%] [32mBuilding CXX object CMakeFiles/ped_server.dir/src/ped_server.cpp.o[0m
[ 94%] Built target ped_generate_messages
[01m[K/home/me/progetto_labiagi/src/ped/src/ped_server.cpp:[m[K In function ‘[01m[Kvoid CB(const ConstPtr&)[m[K’:
[01m[K/home/me/progetto_labiagi/src/ped/src/ped_server.cpp:26:13:[m[K [01;31m[Kerror: [m[Kno match for ‘[01m[Koperator!=[m[K’ (operand types are ‘[01m[K__gnu_cxx::__alloc_traits<std::allocator<char> >::value_type {aka char}[m[K’ and ‘[01m[Kstd::__cxx11::string {aka std::__cxx11::basic_string<char>}[m[K’)
   while(s[i]!=a){
In file included from [01m[K/usr/include/c++/7/iosfwd:40:0[m[K,
                 from [01m[K/usr/include/c++/7/ios:38[m[K,
                 from [01m[K/usr/include/c++/7/istream:38[m[K,
                 from [01m[K/usr/include/c++/7/sstream:38[m[K,
                 from [01m[K/home/me/progetto_labiagi/src/ped/src/utils.h:1[m[K,
                 from [01m[K/home/me/progetto_labiagi/src/ped/src/ped_server.cpp:1[m[K:
[01m[K/usr/include/c++/7/bits/postypes.h:221:5:[m[K [01;36m[Knote: [m[Kcandidate: template<class _StateT> bool std::operator!=(const std::fpos<_StateT>&, const std::fpos<_StateT>&)
     [01;36m[Koperator[m[K!=(const fpos<_StateT>& __lhs, const fpos<_StateT>& __rhs)
     [01;36m[K^~~~~~~~[m[K
[01m[K/usr/include/c++/7/bits/postypes.h:221:5:[m[K [01;36m[Knote: [m[K  template argument deduction/substitution failed:
[01m[K/home/me/progetto_labiagi/src/ped/src/ped_server.cpp:26:15:[m[K [01;36m[Knote: [m[K  mismatched types ‘[01m[Kconst std::fpos<_StateT>[m[K’ and ‘[01m[K__gnu_cxx::__alloc_traits<std::allocator<char> >::value_type {aka char}[m[K’
   while(s[i]!=[01;36m[Ka[m[K){
               [01;36m[K^[m[K
In file included from [01m[K/usr/include/c++/7/bits/stl_algobase.h:64:0[m[K,
                 from [01m[K/usr/include/c++/7/bits/char_traits.h:39[m[K,
                 from [01m[K/usr/include/c++/7/ios:40[m[K,
                 from [01m[K/usr/include/c++/7/istream:38[m[K,
                 from [01m[K/usr/include/c++/7/sstream:38[m[K,
                 from [01m[K/home/me/progetto_labiagi/src/ped/src/utils.h:1[m[K,
                 from [01m[K/home/me/progetto_labiagi/src/ped/src/ped_server.cpp:1[m[K:
[01m[K/usr/include/c++/7/bits/stl_pair.h:461:5:[m[K [01;36m[Knote: [m[Kcandidate: template<class _T1, class _T2> constexpr bool std::operator!=(const std::pair<_T1, _T2>&, const std::pair<_T1, _T2>&)
     [01;36m[Koperator[m[K!=(const pair<_T1, _T2>& __x, const pair<_T1, _T2>& __y)
     [01;36m[K^~~~~~~~[m[K
[01m[K/usr/include/c++/7/bits/stl_pair.h:461:5:[m[K [01;36m[Knote: [m[K  template argument deduction/substitution failed:
[01m[K/home/me/progetto_labiagi/src/ped/src/ped_server.cpp:26:15:[m[K [01;36m[Knote: [m[K  mismatched types ‘[01m[Kconst std::pair<_T1, _T2>[m[K’ and ‘[01m[K__gnu_cxx::__alloc_traits<std::allocator<char> >::value_type {aka char}[m[K’
   while(s[i]!=[01;36m[Ka[m[K){
               [01;36m[K^[m[K
In file included from [01m[K/usr/include/c++/7/bits/stl_algobase.h:67:0[m[K,
                 from [01m[K/usr/include/c++/7/bits/char_traits.h:39[m[K,
                 from [01m[K/usr/include/c++/7/ios:40[m[K,
                 from [01m[K/usr/include/c++/7/istream:38[m[K,
                 from [01m[K/usr/include/c++/7/sstream:38[m[K,
                 from [01m[K/home/me/progetto_labiagi/src/ped/src/utils.h:1[m[K,
                 from [01m[K/home/me/progetto_labiagi/src/ped/src/ped_server.cpp:1[m[K:
[01m[K/usr/include/c++/7/bits/stl_iterator.h:314:5:[m[K [01;36m[Knote: [m[Kcandidate: template<class _Iterator> bool std::operator!=(const std::reverse_iterator<_Iterator>&, const std::reverse_iterator<_Iterator>&)
     [01;36m[Koperator[m[K!=(const reverse_iterator<_Iterator>& __x,
     [01;36m[K^~~~~~~~[m[K
[01m[K/usr/include/c++/7/bits/stl_iterator.h:314:5:[m[K [01;36m[Knote: [m[K  template argument deduction/substitution failed:
[01m[K/home/me/progetto_labiagi/src/ped/src/ped_server.cpp:26:15:[m[K [01;36m[Knote: [m[K  mismatched types ‘[01m[Kconst std::reverse_iterator<_Iterator>[m[K’ and ‘[01m[K__gnu_cxx::__alloc_traits<std::allocator<char> >::value_type {aka char}[m[K’
   while(s[i]!=[01;36m[Ka[m[K){
               [01;36m[K^[m[K
In file included from [01m[K/usr/include/c++/7/bits/stl_algobase.h:67:0[m[K,
                 from [01m[K/usr/include/c++/7/bits/char_traits.h:39[m[K,
                 from [01m[K/usr/include/c++/7/ios:40[m[K,
                 from [01m[K/usr/include/c++/7/istream:38[m[K,
                 from [01m[K/usr/include/c++/7/sstream:38[m[K,
                 from [01m[K/home/me/progetto_labiagi/src/ped/src/utils.h:1[m[K,
                 from [01m[K/home/me/progetto_labiagi/src/ped/src/ped_server.cpp:1[m[K:
[01m[K/usr/include/c++/7/bits/stl_iterator.h:352:5:[m[K [01;36m[Knote: [m[Kcandidate: template<class _IteratorL, class _IteratorR> bool std::operator!=(const std::reverse_iterator<_Iterator>&, const std::reverse_iterator<_IteratorR>&)
     [01;36m[Koperator[m[K!=(const reverse_iterator<_IteratorL>& __x,
     [01;36m[K^~~~~~~~[m[K
[01m[K/usr/include/c++/7/bits/stl_iterator.h:352:5:[m[K [01;36m[Knote: [m[K  template argument deduction/substitution failed:
[01m[K/home/me/progetto_labiagi/src/ped/src/ped_server.cpp:26:15:[m[K [01;36m[Knote: [m[K  mismatched types ‘[01m[Kconst std::reverse_iterator<_Iterator>[m[K’ and ‘[01m[K__gnu_cxx::__alloc_traits<std::allocator<char> >::value_type {aka char}[m[K’
   while(s[i]!=[01;36m[Ka[m[K){
               [01;36m[K^[m[K
In file included from [01m[K/usr/include/c++/7/bits/stl_algobase.h:67:0[m[K,
                 from [01m[K/usr/include/c++/7/bits/char_traits.h:39[m[K,
                 from [01m[K/usr/include/c++/7/ios:40[m[K,
                 from [01m[K/usr/include/c++/7/istream:38[m[K,
                 from [01m[K/usr/include/c++/7/sstream:38[m[K,
                 from [01m[K/home/me/progetto_labiagi/src/ped/src/utils.h:1[m[K,
                 from [01m[K/home/me/progetto_labiagi/src/ped/src/ped_server.cpp:1[m[K:
[01m[K/usr/include/c++/7/bits/stl_iterator.h:1133:5:[m[K [01;36m[Knote: [m[Kcandidate: template<class _IteratorL, class _IteratorR> bool std::operator!=(const std::move_iterator<_IteratorL>&, const std::move_iterator<_IteratorR>&)
     [01;36m[Koperator[m[K!=(const move_iterator<_IteratorL>& __x,
     [01;36m[K^~~~~~~~[m[K
[01m[K/usr/include/c++/7/bits/stl_iterator.h:1133:5:[m[K [01;36m[Knote: [m[K  template argument deduction/substitution failed:
[01m[K/home/me/progetto_labiagi/src/ped/src/ped_server.cpp:26:15:[m[K [01;36m[Knote: [m[K  mismatched types ‘[01m[Kconst std::move_iterator<_IteratorL>[m[K’ and ‘[01m[K__gnu_cxx::__alloc_traits<std::allocator<char> >::value_type {aka char}[m[K’
   while(s[i]!=[01;36m[Ka[m[K){
               [01;36m[K^[m[K
In file included from [01m[K/usr/include/c++/7/bits/stl_algobase.h:67:0[m[K,
                 from [01m[K/usr/include/c++/7/bits/char_traits.h:39[m[K,
                 from [01m[K/usr/include/c++/7/ios:40[m[K,
                 from [01m[K/usr/include/c++/7/istream:38[m[K,
                 from [01m[K/usr/include/c++/7/sstream:38[m[K,
                 from [01m[K/home/me/progetto_labiagi/src/ped/src/utils.h:1[m[K,
                 from [01m[K/home/me/progetto_labiagi/src/ped/src/ped_server.cpp:1[m[K:
[01m[K/usr/include/c++/7/bits/stl_iterator.h:1139:5:[m[K [01;36m[Knote: [m[Kcandidate: template<class _Iterator> bool std::operator!=(const std::move_iterator<_IteratorL>&, const std::move_iterator<_IteratorL>&)
     [01;36m[Koperator[m[K!=(const move_iterator<_Iterator>& __x,
     [01;36m[K^~~~~~~~[m[K
[01m[K/usr/include/c++/7/bits/stl_iterator.h:1139:5:[m[K [01;36m[Knote: [m[K  template argument deduction/substitution failed:
[01m[K/home/me/progetto_labiagi/src/ped/src/ped_server.cpp:26:15:[m[K [01;36m[Knote: [m[K  mismatched types ‘[01m[Kconst std::move_iterator<_IteratorL>[m[K’ and ‘[01m[K__gnu_cxx::__alloc_traits<std::allocator<char> >::value_type {aka char}[m[K’
   while(s[i]!=[01;36m[Ka[m[K){
               [01;36m[K^[m[K
In file included from [01m[K/usr/include/c++/7/string:41:0[m[K,
                 from [01m[K/usr/include/c++/7/bits/locale_classes.h:40[m[K,
                 from [01m[K/usr/include/c++/7/bits/ios_base.h:41[m[K,
                 from [01m[K/usr/include/c++/7/ios:42[m[K,
                 from [01m[K/usr/include/c++/7/istream:38[m[K,
                 from [01m[K/usr/include/c++/7/sstream:38[m[K,
                 from [01m[K/home/me/progetto_labiagi/src/ped/src/utils.h:1[m[K,
                 from [01m[K/home/me/progetto_labiagi/src/ped/src/ped_server.cpp:1[m[K:
[01m[K/usr/include/c++/7/bits/allocator.h:158:5:[m[K [01;36m[Knote: [m[Kcandidate: template<class _T1, class _T2> bool std::operator!=(const std::allocator<_CharT>&, const std::allocator<_T2>&)
     [01;36m[Koperator[m[K!=(const allocator<_T1>&, const allocator<_T2>&)
     [01;36m[K^~~~~~~~[m[K
[01m[K/usr/include/c++/7/bits/allocator.h:158:5:[m[K [01;36m[Knote: [m[K  template argument deduction/substitution failed:
[01m[K/home/me/progetto_labiagi/src/ped/src/ped_server.cpp:26:15:[m[K [01;36m[Knote: [m[K  mismatched types ‘[01m[Kconst std::allocator<_CharT>[m[K’ and ‘[01m[K__gnu_cxx::__alloc_traits<std::allocator<char> >::value_type {aka char}[m[K’
   while(s[i]!=[01;36m[Ka[m[K){
               [01;36m[K^[m[K
In file included from [01m[K/usr/include/c++/7/string:41:0[m[K,
                 from [01m[K/usr/include/c++/7/bits/locale_classes.h:40[m[K,
                 from [01m[K/usr/include/c++/7/bits/ios_base.h:41[m[K,
                 from [01m[K/usr/include/c++/7/ios:42[m[K,
                 from [01m[K/usr/include/c++/7/istream:38[m[K,
                 from [01m[K/usr/include/c++/7/sstream:38[m[K,
                 from [01m[K/home/me/progetto_labiagi/src/ped/src/utils.h:1[m[K,
                 from [01m[K/home/me/progetto_labiagi/src/ped/src/ped_server.cpp:1[m[K:
[01m[K/usr/include/c++/7/bits/allocator.h:164:5:[m[K [01;36m[Knote: [m[Kcandidate: template<class _Tp> bool std::operator!=(const std::allocator<_CharT>&, const std::allocator<_CharT>&)
     [01;36m[Koperator[m[K!=(const allocator<_Tp>&, const allocator<_Tp>&)
     [01;36m[K^~~~~~~~[m[K
[01m[K/usr/include/c++/7/bits/allocator.h:164:5:[m[K [01;36m[Knote: [m[K  template argument deduction/substitution failed:
[01m[K/home/me/progetto_labiagi/src/ped/src/ped_server.cpp:26:15:[m[K [01;36m[Knote: [m[K  mismatched types ‘[01m[Kconst std::allocator<_CharT>[m[K’ and ‘[01m[K__gnu_cxx::__alloc_traits<std::allocator<char> >::value_type {aka char}[m[K’
   while(s[i]!=[01;36m[Ka[m[K){
               [01;36m[K^[m[K
In file included from [01m[K/usr/include/c++/7/string:52:0[m[K,
                 from [01m[K/usr/include/c++/7/bits/locale_classes.h:40[m[K,
                 from [01m[K/usr/include/c++/7/bits/ios_base.h:41[m[K,
                 from [01m[K/usr/include/c++/7/ios:42[m[K,
                 from [01m[K/usr/include/c++/7/istream:38[m[K,
                 from [01m[K/usr/include/c++/7/sstream:38[m[K,
                 from [01m[K/home/me/progetto_labiagi/src/ped/src/utils.h:1[m[K,
                 from [01m[K/home/me/progetto_labiagi/src/ped/src/ped_server.cpp:1[m[K:
[01m[K/usr/include/c++/7/bits/basic_string.h:6056:5:[m[K [01;36m[Knote: [m[Kcandidate: template<class _CharT, class _Traits, class _Alloc> bool std::operator!=(const std::__cxx11::basic_string<_CharT, _Traits, _Alloc>&, const std::__cxx11::basic_string<_CharT, _Traits, _Alloc>&)
     [01;36m[Koperator[m[K!=(const basic_string<_CharT, _Traits, _Alloc>& __lhs,
     [01;36m[K^~~~~~~~[m[K
[01m[K/usr/include/c++/7/bits/basic_string.h:6056:5:[m[K [01;36m[Knote: [m[K  template argument deduction/substitution failed:
[01m[K/home/me/progetto_labiagi/src/ped/src/ped_server.cpp:26:15:[m[K [01;36m[Knote: [m[K  mismatched types ‘[01m[Kconst std::__cxx11::basic_string<_CharT, _Traits, _Alloc>[m[K’ and ‘[01m[K__gnu_cxx::__alloc_traits<std::allocator<char> >::value_type {aka char}[m[K’
   while(s[i]!=[01;36m[Ka[m[K){
               [01;36m[K^[m[K
In file included from [01m[K/usr/include/c++/7/string:52:0[m[K,
                 from [01m[K/usr/include/c++/7/bits/locale_classes.h:40[m[K,
                 from [01m[K/usr/include/c++/7/bits/ios_base.h:41[m[K,
                 from [01m[K/usr/include/c++/7/ios:42[m[K,
                 from [01m[K/usr/include/c++/7/istream:38[m[K,
                 from [01m[K/usr/include/c++/7/sstream:38[m[K,
                 from [01m[K/home/me/progetto_labiagi/src/ped/src/utils.h:1[m[K,
                 from [01m[K/home/me/progetto_labiagi/src/ped/src/ped_server.cpp:1[m[K:
[01m[K/usr/include/c++/7/bits/basic_string.h:6069:5:[m[K [01;36m[Knote: [m[Kcandidate: template<class _CharT, class _Traits, class _Alloc> bool std::operator!=(const _CharT*, const std::__cxx11::basic_string<_CharT, _Traits, _Alloc>&)
     [01;36m[Koperator[m[K!=(const _CharT* __lhs,
     [01;36m[K^~~~~~~~[m[K
[01m[K/usr/include/c++/7/bits/basic_string.h:6069:5:[m[K [01;36m[Knote: [m[K  template argument deduction/substitution failed:
[01m[K/home/me/progetto_labiagi/src/ped/src/ped_server.cpp:26:15:[m[K [01;36m[Knote: [m[K  mismatched types ‘[01m[Kconst _CharT*[m[K’ and ‘[01m[Kchar[m[K’
   while(s[i]!=[01;36m[Ka[m[K){
               [01;36m[K^[m[K
In file included from [01m[K/usr/include/c++/7/string:52:0[m[K,
                 from [01m[K/usr/include/c++/7/bits/locale_classes.h:40[m[K,
                 from [01m[K/usr/include/c++/7/bits/ios_base.h:41[m[K,
                 from [01m[K/usr/include/c++/7/ios:42[m[K,
                 from [01m[K/usr/include/c++/7/istream:38[m[K,
                 from [01m[K/usr/include/c++/7/sstream:38[m[K,
                 from [01m[K/home/me/progetto_labiagi/src/ped/src/utils.h:1[m[K,
                 from [01m[K/home/me/progetto_labiagi/src/ped/src/ped_server.cpp:1[m[K:
[01m[K/usr/include/c++/7/bits/basic_string.h:6081:5:[m[K [01;36m[Knote: [m[Kcandidate: template<class _CharT, class _Traits, class _Alloc> bool std::operator!=(const std::__cxx11::basic_string<_CharT, _Traits, _Alloc>&, const _CharT*)
     [01;36m[Koperator[m[K!=(const basic_string<_CharT, _Traits, _Alloc>& __lhs,
     [01;36m[K^~~~~~~~[m[K
[01m[K/usr/include/c++/7/bits/basic_string.h:6081:5:[m[K [01;36m[Knote: [m[K  template argument deduction/substitution failed:
[01m[K/home/me/progetto_labiagi/src/ped/src/ped_server.cpp:26:15:[m[K [01;36m[Knote: [m[K  mismatched types ‘[01m[Kconst std::__cxx11::basic_string<_CharT, _Traits, _Alloc>[m[K’ and ‘[01m[K__gnu_cxx::__alloc_traits<std::allocator<char> >::value_type {aka char}[m[K’
   while(s[i]!=[01;36m[Ka[m[K){
               [01;36m[K^[m[K
In file included from [01m[K/usr/include/c++/7/bits/ios_base.h:46:0[m[K,
                 from [01m[K/usr/include/c++/7/ios:42[m[K,
                 from [01m[K/usr/include/c++/7/istream:38[m[K,
                 from [01m[K/usr/include/c++/7/sstream:38[m[K,
                 from [01m[K/home/me/progetto_labiagi/src/ped/src/utils.h:1[m[K,
                 from [01m[K/home/me/progetto_labiagi/src/ped/src/ped_server.cpp:1[m[K:
[01m[K/usr/include/c++/7/system_error:319:3:[m[K [01;36m[Knote: [m[Kcandidate: bool std::operator!=(const std::error_code&, const std::error_code&)
   [01;36m[Koperator[m[K!=(const error_code& __lhs, const error_code& __rhs) noexcept
   [01;36m[K^~~~~~~~[m[K
[01m[K/usr/include/c++/7/system_error:319:3:[m[K [01;36m[Knote: [m[K  no known conversion for argument 1 from ‘[01m[K__gnu_cxx::__alloc_traits<std::allocator<char> >::value_type {aka char}[m[K’ to ‘[01m[Kconst std::error_code&[m[K’
[01m[K/usr/include/c++/7/system_error:323:3:[m[K [01;36m[Knote: [m[Kcandidate: bool std::operator!=(const std::error_code&, const std::error_condition&)
   [01;36m[Koperator[m[K!=(const error_code& __lhs, const error_condition& __rhs) noexcept
   [01;36m[K^~~~~~~~[m[K
[01m[K/usr/include/c++/7/system_error:323:3:[m[K [01;36m[Knote: [m[K  no known conversion for argument 1 from ‘[01m[K__gnu_cxx::__alloc_traits<std::allocator<char> >::value_type {aka char}[m[K’ to ‘[01m[Kconst std::error_code&[m[K’
[01m[K/usr/include/c++/7/system_error:327:3:[m[K [01;36m[Knote: [m[Kcandidate: bool std::operator!=(const std::error_condition&, const std::error_code&)
   [01;36m[Koperator[m[K!=(const error_condition& __lhs, const error_code& __rhs) noexcept
   [01;36m[K^~~~~~~~[m[K
[01m[K/usr/include/c++/7/system_error:327:3:[m[K [01;36m[Knote: [m[K  no known conversion for argument 1 from ‘[01m[K__gnu_cxx::__alloc_traits<std::allocator<char> >::value_type {aka char}[m[K’ to ‘[01m[Kconst std::error_condition&[m[K’
[01m[K/usr/include/c++/7/system_error:331:3:[m[K [01;36m[Knote: [m[Kcandidate: bool std::operator!=(const std::error_condition&, const std::error_condition&)
   [01;36m[Koperator[m[K!=(const error_condition& __lhs,
   [01;36m[K^~~~~~~~[m[K
[01m[K/usr/include/c++/7/system_error:331:3:[m[K [01;36m[Knote: [m[K  no known conversion for argument 1 from ‘[01m[K__gnu_cxx::__alloc_traits<std::allocator<char> >::value_type {aka char}[m[K’ to ‘[01m[Kconst std::error_condition&[m[K’
In file included from [01m[K/usr/include/c++/7/bits/locale_facets.h:48:0[m[K,
                 from [01m[K/usr/include/c++/7/bits/basic_ios.h:37[m[K,
                 from [01m[K/usr/include/c++/7/ios:44[m[K,
                 from [01m[K/usr/include/c++/7/istream:38[m[K,
                 from [01m[K/usr/include/c++/7/sstream:38[m[K,
                 from [01m[K/home/me/progetto_labiagi/src/ped/src/utils.h:1[m[K,
                 from [01m[K/home/me/progetto_labiagi/src/ped/src/ped_server.cpp:1[m[K:
[01m[K/usr/include/c++/7/bits/streambuf_iterator.h:210:5:[m[K [01;36m[Knote: [m[Kcandidate: template<class _CharT, class _Traits> bool std::operator!=(const std::istreambuf_iterator<_CharT, _Traits>&, const std::istreambuf_iterator<_CharT, _Traits>&)
     [01;36m[Koperator[m[K!=(const istreambuf_iterator<_CharT, _Traits>& __a,
     [01;36m[K^~~~~~~~[m[K
[01m[K/usr/include/c++/7/bits/streambuf_iterator.h:210:5:[m[K [01;36m[Knote: [m[K  template argument deduction/substitution failed:
[01m[K/home/me/progetto_labiagi/src/ped/src/ped_server.cpp:26:15:[m[K [01;36m[Knote: [m[K  mismatched types ‘[01m[Kconst std::istreambuf_iterator<_CharT, _Traits>[m[K’ and ‘[01m[K__gnu_cxx::__alloc_traits<std::allocator<char> >::value_type {aka char}[m[K’
   while(s[i]!=[01;36m[Ka[m[K){
               [01;36m[K^[m[K
In file included from [01m[K/usr/include/c++/7/tuple:39:0[m[K,
                 from [01m[K/usr/include/c++/7/bits/unique_ptr.h:37[m[K,
                 from [01m[K/usr/include/c++/7/bits/locale_conv.h:41[m[K,
                 from [01m[K/usr/include/c++/7/locale:43[m[K,
                 from [01m[K/usr/include/c++/7/iomanip:43[m[K,
                 from [01m[K/usr/include/boost/math/policies/error_handling.hpp:12[m[K,
                 from [01m[K/usr/include/boost/math/special_functions/round.hpp:14[m[K,
                 from [01m[K/opt/ros/melodic/include/ros/time.h:58[m[K,
                 from [01m[K/opt/ros/melodic/include/ros/ros.h:38[m[K,
                 from [01m[K/home/me/progetto_labiagi/src/ped/src/utils.h:2[m[K,
                 from [01m[K/home/me/progetto_labiagi/src/ped/src/ped_server.cpp:1[m[K:
[01m[K/usr/include/c++/7/array:257:5:[m[K [01;36m[Knote: [m[Kcandidate: template<class _Tp, long unsigned int _Nm> bool std::operator!=(const std::array<_Tp, _Nm>&, const std::array<_Tp, _Nm>&)
     [01;36m[Koperator[m[K!=(const array<_Tp, _Nm>& __one, const array<_Tp, _Nm>& __two)
     [01;36m[K^~~~~~~~[m[K
[01m[K/usr/include/c++/7/array:257:5:[m[K [01;36m[Knote: [m[K  template argument deduction/substitution failed:
[01m[K/home/me/progetto_labiagi/src/ped/src/ped_server.cpp:26:15:[m[K [01;36m[Knote: [m[K  mismatched types ‘[01m[Kconst std::array<_Tp, _Nm>[m[K’ and ‘[01m[K__gnu_cxx::__alloc_traits<std::allocator<char> >::value_type {aka char}[m[K’
   while(s[i]!=[01;36m[Ka[m[K){
               [01;36m[K^[m[K
In file included from [01m[K/usr/include/c++/7/bits/unique_ptr.h:37:0[m[K,
                 from [01m[K/usr/include/c++/7/bits/locale_conv.h:41[m[K,
                 from [01m[K/usr/include/c++/7/locale:43[m[K,
                 from [01m[K/usr/include/c++/7/iomanip:43[m[K,
                 from [01m[K/usr/include/boost/math/policies/error_handling.hpp:12[m[K,
                 from [01m[K/usr/include/boost/math/special_functions/round.hpp:14[m[K,
                 from [01m[K/opt/ros/melodic/include/ros/time.h:58[m[K,
                 from [01m[K/opt/ros/melodic/include/ros/ros.h:38[m[K,
                 from [01m[K/home/me/progetto_labiagi/src/ped/src/utils.h:2[m[K,
                 from [01m[K/home/me/progetto_labiagi/src/ped/src/ped_server.cpp:1[m[K:
[01m[K/usr/include/c++/7/tuple:1423:5:[m[K [01;36m[Knote: [m[Kcandidate: template<class ... _TElements, class ... _UElements> constexpr bool std::operator!=(const std::tuple<_Tps ...>&, const std::tuple<_Elements ...>&)
     [01;36m[Koperator[m[K!=(const tuple<_TElements...>& __t,
     [01;36m[K^~~~~~~~[m[K
[01m[K/usr/include/c++/7/tuple:1423:5:[m[K [01;36m[Knote: [m[K  template argument deduction/substitution failed:
[01m[K/home/me/progetto_labiagi/src/ped/src/ped_server.cpp:26:15:[m[K [01;36m[Knote: [m[K  mismatched types ‘[01m[Kconst std::tuple<_Tps ...>[m[K’ and ‘[01m[K__gnu_cxx::__alloc_traits<std::allocator<char> >::value_type {aka char}[m[K’
   while(s[i]!=[01;36m[Ka[m[K){
               [01;36m[K^[m[K
In file included from [01m[K/usr/include/c++/7/bits/locale_conv.h:41:0[m[K,
                 from [01m[K/usr/include/c++/7/locale:43[m[K,
                 from [01m[K/usr/include/c++/7/iomanip:43[m[K,
                 from [01m[K/usr/include/boost/math/policies/error_handling.hpp:12[m[K,
                 from [01m[K/usr/include/boost/math/special_functions/round.hpp:14[m[K,
                 from [01m[K/opt/ros/melodic/include/ros/time.h:58[m[K,
                 from [01m[K/opt/ros/melodic/include/ros/ros.h:38[m[K,
                 from [01m[K/home/me/progetto_labiagi/src/ped/src/utils.h:2[m[K,
                 from [01m[K/home/me/progetto_labiagi/src/ped/src/ped_server.cpp:1[m[K:
[01m[K/usr/include/c++/7/bits/unique_ptr.h:696:5:[m[K [01;36m[Knote: [m[Kcandidate: template<class _Tp, class _Dp, class _Up, class _Ep> bool std::operator!=(const std::unique_ptr<_Tp, _Dp>&, const std::unique_ptr<_Up, _Ep>&)
     [01;36m[Koperator[m[K!=(const unique_ptr<_Tp, _Dp>& __x,
     [01;36m[K^~~~~~~~[m[K
[01m[K/usr/include/c++/7/bits/unique_ptr.h:696:5:[m[K [01;36m[Knote: [m[K  template argument deduction/substitution failed:
[01m[K/home/me/progetto_labiagi/src/ped/src/ped_server.cpp:26:15:[m[K [01;36m[Knote: [m[K  mismatched types ‘[01m[Kconst std::unique_ptr<_Tp, _Dp>[m[K’ and ‘[01m[K__gnu_cxx::__alloc_traits<std::allocator<char> >::value_type {aka char}[m[K’
   while(s[i]!=[01;36m[Ka[m[K){
               [01;36m[K^[m[K
In file included from [01m[K/usr/include/c++/7/bits/locale_conv.h:41:0[m[K,
                 from [01m[K/usr/include/c++/7/locale:43[m[K,
                 from [01m[K/usr/include/c++/7/iomanip:43[m[K,
                 from [01m[K/usr/include/boost/math/policies/error_handling.hpp:12[m[K,
                 from [01m[K/usr/include/boost/math/special_functions/round.hpp:14[m[K,
                 from [01m[K/opt/ros/melodic/include/ros/time.h:58[m[K,
                 from [01m[K/opt/ros/melodic/include/ros/ros.h:38[m[K,
                 from [01m[K/home/me/progetto_labiagi/src/ped/src/utils.h:2[m[K,
                 from [01m[K/home/me/progetto_labiagi/src/ped/src/ped_server.cpp:1[m[K:
[01m[K/usr/include/c++/7/bits/unique_ptr.h:702:5:[m[K [01;36m[Knote: [m[Kcandidate: template<class _Tp, class _Dp> bool std::operator!=(const std::unique_ptr<_Tp, _Dp>&, std::nullptr_t)
     [01;36m[Koperator[m[K!=(const unique_ptr<_Tp, _Dp>& __x, nullptr_t) noexcept
     [01;36m[K^~~~~~~~[m[K
[01m[K/usr/include/c++/7/bits/unique_ptr.h:702:5:[m[K [01;36m[Knote: [m[K  template argument deduction/substitution failed:
[01m[K/home/me/progetto_labiagi/src/ped/src/ped_server.cpp:26:15:[m[K [01;36m[Knote: [m[K  mismatched types ‘[01m[Kconst std::unique_ptr<_Tp, _Dp>[m[K’ and ‘[01m[K__gnu_cxx::__alloc_traits<std::allocator<char> >::value_type {aka char}[m[K’
   while(s[i]!=[01;36m[Ka[m[K){
               [01;36m[K^[m[K
In file included from [01m[K/usr/include/c++/7/bits/locale_conv.h:41:0[m[K,
                 from [01m[K/usr/include/c++/7/locale:43[m[K,
                 from [01m[K/usr/include/c++/7/iomanip:43[m[K,
                 from [01m[K/usr/include/boost/math/policies/error_handling.hpp:12[m[K,
                 from [01m[K/usr/include/boost/math/special_functions/round.hpp:14[m[K,
                 from [01m[K/opt/ros/melodic/include/ros/time.h:58[m[K,
                 from [01m[K/opt/ros/melodic/include/ros/ros.h:38[m[K,
                 from [01m[K/home/me/progetto_labiagi/src/ped/src/utils.h:2[m[K,
                 from [01m[K/home/me/progetto_labiagi/src/ped/src/ped_server.cpp:1[m[K:
[01m[K/usr/include/c++/7/bits/unique_ptr.h:707:5:[m[K [01;36m[Knote: [m[Kcandidate: template<class _Tp, class _Dp> bool std::operator!=(std::nullptr_t, const std::unique_ptr<_Tp, _Dp>&)
     [01;36m[Koperator[m[K!=(nullptr_t, const unique_ptr<_Tp, _Dp>& __x) noexcept
     [01;36m[K^~~~~~~~[m[K
[01m[K/usr/include/c++/7/bits/unique_ptr.h:707:5:[m[K [01;36m[Knote: [m[K  template argument deduction/substitution failed:
[01m[K/home/me/progetto_labiagi/src/ped/src/ped_server.cpp:26:15:[m[K [01;36m[Knote: [m[K  ‘[01m[Kstd::__cxx11::string {aka std::__cxx11::basic_string<char>}[m[K’ is not derived from ‘[01m[Kconst std::unique_ptr<_Tp, _Dp>[m[K’
   while(s[i]!=[01;36m[Ka[m[K){
               [01;36m[K^[m[K
In file included from [01m[K/usr/include/boost/config/no_tr1/complex.hpp:21:0[m[K,
                 from [01m[K/usr/include/boost/math/policies/error_handling.hpp:17[m[K,
                 from [01m[K/usr/include/boost/math/special_functions/round.hpp:14[m[K,
                 from [01m[K/opt/ros/melodic/include/ros/time.h:58[m[K,
                 from [01m[K/opt/ros/melodic/include/ros/ros.h:38[m[K,
                 from [01m[K/home/me/progetto_labiagi/src/ped/src/utils.h:2[m[K,
                 from [01m[K/home/me/progetto_labiagi/src/ped/src/ped_server.cpp:1[m[K:
[01m[K/usr/include/c++/7/complex:476:5:[m[K [01;36m[Knote: [m[Kcandidate: template<class _Tp> constexpr bool std::operator!=(const std::complex<_Tp>&, const std::complex<_Tp>&)
     [01;36m[Koperator[m[K!=(const complex<_Tp>& __x, const complex<_Tp>& __y)
     [01;36m[K^~~~~~~~[m[K
[01m[K/usr/include/c++/7/complex:476:5:[m[K [01;36m[Knote: [m[K  template argument deduction/substitution failed:
[01m[K/home/me/progetto_labiagi/src/ped/src/ped_server.cpp:26:15:[m[K [01;36m[Knote: [m[K  mismatched types ‘[01m[Kconst std::complex<_Tp>[m[K’ and ‘[01m[K__gnu_cxx::__alloc_traits<std::allocator<char> >::value_type {aka char}[m[K’
   while(s[i]!=[01;36m[Ka[m[K){
               [01;36m[K^[m[K
In file included from [01m[K/usr/include/boost/config/no_tr1/complex.hpp:21:0[m[K,
                 from [01m[K/usr/include/boost/math/policies/error_handling.hpp:17[m[K,
                 from [01m[K/usr/include/boost/math/special_functions/round.hpp:14[m[K,
                 from [01m[K/opt/ros/melodic/include/ros/time.h:58[m[K,
                 from [01m[K/opt/ros/melodic/include/ros/ros.h:38[m[K,
                 from [01m[K/home/me/progetto_labiagi/src/ped/src/utils.h:2[m[K,
                 from [01m[K/home/me/progetto_labiagi/src/ped/src/ped_server.cpp:1[m[K:
[01m[K/usr/include/c++/7/complex:481:5:[m[K [01;36m[Knote: [m[Kcandidate: template<class _Tp> constexpr bool std::operator!=(const std::complex<_Tp>&, const _Tp&)
     [01;36m[Koperator[m[K!=(const complex<_Tp>& __x, const _Tp& __y)
     [01;36m[K^~~~~~~~[m[K
[01m[K/usr/include/c++/7/complex:481:5:[m[K [01;36m[Knote: [m[K  template argument deduction/substitution failed:
[01m[K/home/me/progetto_labiagi/src/ped/src/ped_server.cpp:26:15:[m[K [01;36m[Knote: [m[K  mismatched types ‘[01m[Kconst std::complex<_Tp>[m[K’ and ‘[01m[K__gnu_cxx::__alloc_traits<std::allocator<char> >::value_type {aka char}[m[K’
   while(s[i]!=[01;36m[Ka[m[K){
               [01;36m[K^[m[K
In file included from [01m[K/usr/include/boost/config/no_tr1/complex.hpp:21:0[m[K,
                 from [01m[K/usr/include/boost/math/policies/error_handling.hpp:17[m[K,
                 from [01m[K/usr/include/boost/math/special_functions/round.hpp:14[m[K,
                 from [01m[K/opt/ros/melodic/include/ros/time.h:58[m[K,
                 from [01m[K/opt/ros/melodic/include/ros/ros.h:38[m[K,
                 from [01m[K/home/me/progetto_labiagi/src/ped/src/utils.h:2[m[K,
                 from [01m[K/home/me/progetto_labiagi/src/ped/src/ped_server.cpp:1[m[K:
[01m[K/usr/include/c++/7/complex:486:5:[m[K [01;36m[Knote: [m[Kcandidate: template<class _Tp> constexpr bool std::operator!=(const _Tp&, const std::complex<_Tp>&)
     [01;36m[Koperator[m[K!=(const _Tp& __x, const complex<_Tp>& __y)
     [01;36m[K^~~~~~~~[m[K
[01m[K/usr/include/c++/7/complex:486:5:[m[K [01;36m[Knote: [m[K  template argument deduction/substitution failed:
[01m[K/home/me/progetto_labiagi/src/ped/src/ped_server.cpp:26:15:[m[K [01;36m[Knote: [m[K  ‘[01m[Kstd::__cxx11::string {aka std::__cxx11::basic_string<char>}[m[K’ is not derived from ‘[01m[Kconst std::complex<_Tp>[m[K’
   while(s[i]!=[01;36m[Ka[m[K){
               [01;36m[K^[m[K
In file included from [01m[K/usr/include/c++/7/vector:64:0[m[K,
                 from [01m[K/usr/include/boost/math/special_functions/math_fwd.hpp:26[m[K,
                 from [01m[K/usr/include/boost/math/special_functions/round.hpp:15[m[K,
                 from [01m[K/opt/ros/melodic/include/ros/time.h:58[m[K,
                 from [01m[K/opt/ros/melodic/include/ros/ros.h:38[m[K,
                 from [01m[K/home/me/progetto_labiagi/src/ped/src/utils.h:2[m[K,
                 from [01m[K/home/me/progetto_labiagi/src/ped/src/ped_server.cpp:1[m[K:
[01m[K/usr/include/c++/7/bits/stl_vector.h:1625:5:[m[K [01;36m[Knote: [m[Kcandidate: template<class _Tp, class _Alloc> bool std::operator!=(const std::vector<_Tp, _Alloc>&, const std::vector<_Tp, _Alloc>&)
     [01;36m[Koperator[m[K!=(const vector<_Tp, _Alloc>& __x, const vector<_Tp, _Alloc>& __y)
     [01;36m[K^~~~~~~~[m[K
[01m[K/usr/include/c++/7/bits/stl_vector.h:1625:5:[m[K [01;36m[Knote: [m[K  template argument deduction/substitution failed:
[01m[K/home/me/progetto_labiagi/src/ped/src/ped_server.cpp:26:15:[m[K [01;36m[Knote: [m[K  mismatched types ‘[01m[Kconst std::vector<_Tp, _Alloc>[m[K’ and ‘[01m[K__gnu_cxx::__alloc_traits<std::allocator<char> >::value_type {aka char}[m[K’
   while(s[i]!=[01;36m[Ka[m[K){
               [01;36m[K^[m[K
In file included from [01m[K/usr/include/c++/7/map:60:0[m[K,
                 from [01m[K/opt/ros/melodic/include/ros/console.h:42[m[K,
                 from [01m[K/opt/ros/melodic/include/ros/ros.h:40[m[K,
                 from [01m[K/home/me/progetto_labiagi/src/ped/src/utils.h:2[m[K,
                 from [01m[K/home/me/progetto_labiagi/src/ped/src/ped_server.cpp:1[m[K:
[01m[K/usr/include/c++/7/bits/stl_tree.h:412:5:[m[K [01;36m[Knote: [m[Kcandidate: template<class _Val> bool std::operator!=(const std::_Rb_tree_iterator<_Tp>&, const std::_Rb_tree_const_iterator<_Val>&)
     [01;36m[Koperator[m[K!=(const _Rb_tree_iterator<_Val>& __x,
     [01;36m[K^~~~~~~~[m[K
[01m[K/usr/include/c++/7/bits/stl_tree.h:412:5:[m[K [01;36m[Knote: [m[K  template argument deduction/substitution failed:
[01m[K/home/me/progetto_labiagi/src/ped/src/ped_server.cpp:26:15:[m[K [01;36m[Knote: [m[K  mismatched types ‘[01m[Kconst std::_Rb_tree_iterator<_Tp>[m[K’ and ‘[01m[K__gnu_cxx::__alloc_traits<std::allocator<char> >::value_type {aka char}[m[K’
   while(s[i]!=[01;36m[Ka[m[K){
               [01;36m[K^[m[K
In file included from [01m[K/usr/include/c++/7/map:60:0[m[K,
                 from [01m[K/opt/ros/melodic/include/ros/console.h:42[m[K,
                 from [01m[K/opt/ros/melodic/include/ros/ros.h:40[m[K,
                 from [01m[K/home/me/progetto_labiagi/src/ped/src/utils.h:2[m[K,
                 from [01m[K/home/me/progetto_labiagi/src/ped/src/ped_server.cpp:1[m[K:
[01m[K/usr/include/c++/7/bits/stl_tree.h:1553:5:[m[K [01;36m[Knote: [m[Kcandidate: template<class _Key, class _Val, class _KeyOfValue, class _Compare, class _Alloc> bool std::operator!=(const std::_Rb_tree<_Key, _Val, _KeyOfValue, _Compare, _Alloc>&, const std::_Rb_tree<_Key, _Val, _KeyOfValue, _Compare, _Alloc>&)
     [01;36m[Koperator[m[K!=(const _Rb_tree<_Key, _Val, _KeyOfValue, _Compare, _Alloc>& __x,
     [01;36m[K^~~~~~~~[m[K
[01m[K/usr/include/c++/7/bits/stl_tree.h:1553:5:[m[K [01;36m[Knote: [m[K  template argument deduction/substitution failed:
[01m[K/home/me/progetto_labiagi/src/ped/src/ped_server.cpp:26:15:[m[K [01;36m[Knote: [m[K  mismatched types ‘[01m[Kconst std::_Rb_tree<_Key, _Val, _KeyOfValue, _Compare, _Alloc>[m[K’ and ‘[01m[K__gnu_cxx::__alloc_traits<std::allocator<char> >::value_type {aka char}[m[K’
   while(s[i]!=[01;36m[Ka[m[K){
               [01;36m[K^[m[K
In file included from [01m[K/usr/include/c++/7/map:61:0[m[K,
                 from [01m[K/opt/ros/melodic/include/ros/console.h:42[m[K,
                 from [01m[K/opt/ros/melodic/include/ros/ros.h:40[m[K,
                 from [01m[K/home/me/progetto_labiagi/src/ped/src/utils.h:2[m[K,
                 from [01m[K/home/me/progetto_labiagi/src/ped/src/ped_server.cpp:1[m[K:
[01m[K/usr/include/c++/7/bits/stl_map.h:1418:5:[m[K [01;36m[Knote: [m[Kcandidate: template<class _Key, class _Tp, class _Compare, class _Alloc> bool std::operator!=(const std::map<_Key, _Tp, _Compare, _Alloc>&, const std::map<_Key, _Tp, _Compare, _Alloc>&)
     [01;36m[Koperator[m[K!=(const map<_Key, _Tp, _Compare, _Alloc>& __x,
     [01;36m[K^~~~~~~~[m[K
[01m[K/usr/include/c++/7/bits/stl_map.h:1418:5:[m[K [01;36m[Knote: [m[K  template argument deduction/substitution failed:
[01m[K/home/me/progetto_labiagi/src/ped/src/ped_server.cpp:26:15:[m[K [01;36m[Knote: [m[K  mismatched types ‘[01m[Kconst std::map<_Key, _Tp, _Compare, _Alloc>[m[K’ and ‘[01m[K__gnu_cxx::__alloc_traits<std::allocator<char> >::value_type {aka char}[m[K’
   while(s[i]!=[01;36m[Ka[m[K){
               [01;36m[K^[m[K
In file included from [01m[K/usr/include/c++/7/map:62:0[m[K,
                 from [01m[K/opt/ros/melodic/include/ros/console.h:42[m[K,
                 from [01m[K/opt/ros/melodic/include/ros/ros.h:40[m[K,
                 from [01m[K/home/me/progetto_labiagi/src/ped/src/utils.h:2[m[K,
                 from [01m[K/home/me/progetto_labiagi/src/ped/src/ped_server.cpp:1[m[K:
[01m[K/usr/include/c++/7/bits/stl_multimap.h:1083:5:[m[K [01;36m[Knote: [m[Kcandidate: template<class _Key, class _Tp, class _Compare, class _Alloc> bool std::operator!=(const std::multimap<_Key, _Tp, _Compare, _Alloc>&, const std::multimap<_Key, _Tp, _Compare, _Alloc>&)
     [01;36m[Koperator[m[K!=(const multimap<_Key, _Tp, _Compare, _Alloc>& __x,
     [01;36m[K^~~~~~~~[m[K
[01m[K/usr/include/c++/7/bits/stl_multimap.h:1083:5:[m[K [01;36m[Knote: [m[K  template argument deduction/substitution failed:
[01m[K/home/me/progetto_labiagi/src/ped/src/ped_server.cpp:26:15:[m[K [01;36m[Knote: [m[K  mismatched types ‘[01m[Kconst std::multimap<_Key, _Tp, _Compare, _Alloc>[m[K’ and ‘[01m[K__gnu_cxx::__alloc_traits<std::allocator<char> >::value_type {aka char}[m[K’
   while(s[i]!=[01;36m[Ka[m[K){
               [01;36m[K^[m[K
In file included from [01m[K/usr/include/c++/7/set:61:0[m[K,
                 from [01m[K/opt/ros/melodic/include/ros/forwards.h:34[m[K,
                 from [01m[K/opt/ros/melodic/include/ros/common.h:37[m[K,
                 from [01m[K/opt/ros/melodic/include/ros/ros.h:43[m[K,
                 from [01m[K/home/me/progetto_labiagi/src/ped/src/utils.h:2[m[K,
                 from [01m[K/home/me/progetto_labiagi/src/ped/src/ped_server.cpp:1[m[K:
[01m[K/usr/include/c++/7/bits/stl_set.h:937:5:[m[K [01;36m[Knote: [m[Kcandidate: template<class _Key, class _Compare, class _Alloc> bool std::operator!=(const std::set<_Key, _Compare, _Alloc>&, const std::set<_Key, _Compare, _Alloc>&)
     [01;36m[Koperator[m[K!=(const set<_Key, _Compare, _Alloc>& __x,
     [01;36m[K^~~~~~~~[m[K
[01m[K/usr/include/c++/7/bits/stl_set.h:937:5:[m[K [01;36m[Knote: [m[K  template argument deduction/substitution failed:
[01m[K/home/me/progetto_labiagi/src/ped/src/ped_server.cpp:26:15:[m[K [01;36m[Knote: [m[K  mismatched types ‘[01m[Kconst std::set<_Key, _Compare, _Alloc>[m[K’ and ‘[01m[K__gnu_cxx::__alloc_traits<std::allocator<char> >::value_type {aka char}[m[K’
   while(s[i]!=[01;36m[Ka[m[K){
               [01;36m[K^[m[K
In file included from [01m[K/usr/include/c++/7/set:62:0[m[K,
                 from [01m[K/opt/ros/melodic/include/ros/forwards.h:34[m[K,
                 from [01m[K/opt/ros/melodic/include/ros/common.h:37[m[K,
                 from [01m[K/opt/ros/melodic/include/ros/ros.h:43[m[K,
                 from [01m[K/home/me/progetto_labiagi/src/ped/src/utils.h:2[m[K,
                 from [01m[K/home/me/progetto_labiagi/src/ped/src/ped_server.cpp:1[m[K:
[01m[K/usr/include/c++/7/bits/stl_multiset.h:920:5:[m[K [01;36m[Knote: [m[Kcandidate: template<class _Key, class _Compare, class _Alloc> bool std::operator!=(const std::multiset<_Key, _Compare, _Alloc>&, const std::multiset<_Key, _Compare, _Alloc>&)
     [01;36m[Koperator[m[K!=(const multiset<_Key, _Compare, _Alloc>& __x,
     [01;36m[K^~~~~~~~[m[K
[01m[K/usr/include/c++/7/bits/stl_multiset.h:920:5:[m[K [01;36m[Knote: [m[K  template argument deduction/substitution failed:
[01m[K/home/me/progetto_labiagi/src/ped/src/ped_server.cpp:26:15:[m[K [01;36m[Knote: [m[K  mismatched types ‘[01m[Kconst std::multiset<_Key, _Compare, _Alloc>[m[K’ and ‘[01m[K__gnu_cxx::__alloc_traits<std::allocator<char> >::value_type {aka char}[m[K’
   while(s[i]!=[01;36m[Ka[m[K){
               [01;36m[K^[m[K
In file included from [01m[K/usr/include/c++/7/list:63:0[m[K,
                 from [01m[K/opt/ros/melodic/include/ros/forwards.h:35[m[K,
                 from [01m[K/opt/ros/melodic/include/ros/common.h:37[m[K,
                 from [01m[K/opt/ros/melodic/include/ros/ros.h:43[m[K,
                 from [01m[K/home/me/progetto_labiagi/src/ped/src/utils.h:2[m[K,
                 from [01m[K/home/me/progetto_labiagi/src/ped/src/ped_server.cpp:1[m[K:
[01m[K/usr/include/c++/7/bits/stl_list.h:293:5:[m[K [01;36m[Knote: [m[Kcandidate: template<class _Val> bool std::operator!=(const std::_List_iterator<_Tp>&, const std::_List_const_iterator<_Tp>&)
     [01;36m[Koperator[m[K!=(const _List_iterator<_Val>& __x,
     [01;36m[K^~~~~~~~[m[K
[01m[K/usr/include/c++/7/bits/stl_list.h:293:5:[m[K [01;36m[Knote: [m[K  template argument deduction/substitution failed:
[01m[K/home/me/progetto_labiagi/src/ped/src/ped_server.cpp:26:15:[m[K [01;36m[Knote: [m[K  mismatched types ‘[01m[Kconst std::_List_iterator<_Tp>[m[K’ and ‘[01m[K__gnu_cxx::__alloc_traits<std::allocator<char> >::value_type {aka char}[m[K’
   while(s[i]!=[01;36m[Ka[m[K){
               [01;36m[K^[m[K
In file included from [01m[K/usr/include/c++/7/list:63:0[m[K,
                 from [01m[K/opt/ros/melodic/include/ros/forwards.h:35[m[K,
                 from [01m[K/opt/ros/melodic/include/ros/common.h:37[m[K,
                 from [01m[K/opt/ros/melodic/include/ros/ros.h:43[m[K,
                 from [01m[K/home/me/progetto_labiagi/src/ped/src/utils.h:2[m[K,
                 from [01m[K/home/me/progetto_labiagi/src/ped/src/ped_server.cpp:1[m[K:
[01m[K/usr/include/c++/7/bits/stl_list.h:1925:5:[m[K [01;36m[Knote: [m[Kcandidate: template<class _Tp, class _Alloc> bool std::operator!=(const std::__cxx11::list<_Tp, _Alloc>&, const std::__cxx11::list<_Tp, _Alloc>&)
     [01;36m[Koperator[m[K!=(const list<_Tp, _Alloc>& __x, const list<_Tp, _Alloc>& __y)
     [01;36m[K^~~~~~~~[m[K
[01m[K/usr/include/c++/7/bits/stl_list.h:1925:5:[m[K [01;36m[Knote: [m[K  template argument deduction/substitution failed:
[01m[K/home/me/progetto_labiagi/src/ped/src/ped_server.cpp:26:15:[m[K [01;36m[Knote: [m[K  mismatched types ‘[01m[Kconst std::__cxx11::list<_Tp, _Alloc>[m[K’ and ‘[01m[K__gnu_cxx::__alloc_traits<std::allocator<char> >::value_type {aka char}[m[K’
   while(s[i]!=[01;36m[Ka[m[K){
               [01;36m[K^[m[K
In file included from [01m[K/usr/include/c++/7/bits/shared_ptr.h:52:0[m[K,
                 from [01m[K/usr/include/c++/7/memory:81[m[K,
                 from [01m[K/usr/include/boost/config/no_tr1/memory.hpp:21[m[K,
                 from [01m[K/usr/include/boost/smart_ptr/shared_ptr.hpp:23[m[K,
                 from [01m[K/usr/include/boost/shared_ptr.hpp:17[m[K,
                 from [01m[K/opt/ros/melodic/include/ros/forwards.h:37[m[K,
                 from [01m[K/opt/ros/melodic/include/ros/common.h:37[m[K,
                 from [01m[K/opt/ros/melodic/include/ros/ros.h:43[m[K,
                 from [01m[K/home/me/progetto_labiagi/src/ped/src/utils.h:2[m[K,
                 from [01m[K/home/me/progetto_labiagi/src/ped/src/ped_server.cpp:1[m[K:
[01m[K/usr/include/c++/7/bits/shared_ptr_base.h:1425:5:[m[K [01;36m[Knote: [m[Kcandidate: template<class _Tp1, class _Tp2, __gnu_cxx::_Lock_policy _Lp> bool std::operator!=(const std::__shared_ptr<_Tp1, _Lp>&, const std::__shared_ptr<_Tp2, _Lp>&)
     [01;36m[Koperator[m[K!=(const __shared_ptr<_Tp1, _Lp>& __a,
     [01;36m[K^~~~~~~~[m[K
[01m[K/usr/include/c++/7/bits/shared_ptr_base.h:1425:5:[m[K [01;36m[Knote: [m[K  template argument deduction/substitution failed:
[01m[K/home/me/progetto_labiagi/src/ped/src/ped_server.cpp:26:15:[m[K [01;36m[Knote: [m[K  mismatched types ‘[01m[Kconst std::__shared_ptr<_Tp1, _Lp>[m[K’ and ‘[01m[K__gnu_cxx::__alloc_traits<std::allocator<char> >::value_type {aka char}[m[K’
   while(s[i]!=[01;36m[Ka[m[K){
               [01;36m[K^[m[K
In file included from [01m[K/usr/include/c++/7/bits/shared_ptr.h:52:0[m[K,
                 from [01m[K/usr/include/c++/7/memory:81[m[K,
                 from [01m[K/usr/include/boost/config/no_tr1/memory.hpp:21[m[K,
                 from [01m[K/usr/include/boost/smart_ptr/shared_ptr.hpp:23[m[K,
                 from [01m[K/usr/include/boost/shared_ptr.hpp:17[m[K,
                 from [01m[K/opt/ros/melodic/include/ros/forwards.h:37[m[K,
                 from [01m[K/opt/ros/melodic/include/ros/common.h:37[m[K,
                 from [01m[K/opt/ros/melodic/include/ros/ros.h:43[m[K,
                 from [01m[K/home/me/progetto_labiagi/src/ped/src/utils.h:2[m[K,
                 from [01m[K/home/me/progetto_labiagi/src/ped/src/ped_server.cpp:1[m[K:
[01m[K/usr/include/c++/7/bits/shared_ptr_base.h:1431:5:[m[K [01;36m[Knote: [m[Kcandidate: template<class _Tp, __gnu_cxx::_Lock_policy _Lp> bool std::operator!=(const std::__shared_ptr<_Tp, _Lp>&, std::nullptr_t)
     [01;36m[Koperator[m[K!=(const __shared_ptr<_Tp, _Lp>& __a, nullptr_t) noexcept
     [01;36m[K^~~~~~~~[m[K
[01m[K/usr/include/c++/7/bits/shared_ptr_base.h:1431:5:[m[K [01;36m[Knote: [m[K  template argument deduction/substitution failed:
[01m[K/home/me/progetto_labiagi/src/ped/src/ped_server.cpp:26:15:[m[K [01;36m[Knote: [m[K  mismatched types ‘[01m[Kconst std::__shared_ptr<_Tp, _Lp>[m[K’ and ‘[01m[K__gnu_cxx::__alloc_traits<std::allocator<char> >::value_type {aka char}[m[K’
   while(s[i]!=[01;36m[Ka[m[K){
               [01;36m[K^[m[K
In file included from [01m[K/usr/include/c++/7/bits/shared_ptr.h:52:0[m[K,
                 from [01m[K/usr/include/c++/7/memory:81[m[K,
                 from [01m[K/usr/include/boost/config/no_tr1/memory.hpp:21[m[K,
                 from [01m[K/usr/include/boost/smart_ptr/shared_ptr.hpp:23[m[K,
                 from [01m[K/usr/include/boost/shared_ptr.hpp:17[m[K,
                 from [01m[K/opt/ros/melodic/include/ros/forwards.h:37[m[K,
                 from [01m[K/opt/ros/melodic/include/ros/common.h:37[m[K,
                 from [01m[K/opt/ros/melodic/include/ros/ros.h:43[m[K,
                 from [01m[K/home/me/progetto_labiagi/src/ped/src/utils.h:2[m[K,
                 from [01m[K/home/me/progetto_labiagi/src/ped/src/ped_server.cpp:1[m[K:
[01m[K/usr/include/c++/7/bits/shared_ptr_base.h:1436:5:[m[K [01;36m[Knote: [m[Kcandidate: template<class _Tp, __gnu_cxx::_Lock_policy _Lp> bool std::operator!=(std::nullptr_t, const std::__shared_ptr<_Tp, _Lp>&)
     [01;36m[Koperator[m[K!=(nullptr_t, const __shared_ptr<_Tp, _Lp>& __a) noexcept
     [01;36m[K^~~~~~~~[m[K
[01m[K/usr/include/c++/7/bits/shared_ptr_base.h:1436:5:[m[K [01;36m[Knote: [m[K  template argument deduction/substitution failed:
[01m[K/home/me/progetto_labiagi/src/ped/src/ped_server.cpp:26:15:[m[K [01;36m[Knote: [m[K  ‘[01m[Kstd::__cxx11::string {aka std::__cxx11::basic_string<char>}[m[K’ is not derived from ‘[01m[Kconst std::__shared_ptr<_Tp, _Lp>[m[K’
   while(s[i]!=[01;36m[Ka[m[K){
               [01;36m[K^[m[K
In file included from [01m[K/usr/include/c++/7/memory:81:0[m[K,
                 from [01m[K/usr/include/boost/config/no_tr1/memory.hpp:21[m[K,
                 from [01m[K/usr/include/boost/smart_ptr/shared_ptr.hpp:23[m[K,
                 from [01m[K/usr/include/boost/shared_ptr.hpp:17[m[K,
                 from [01m[K/opt/ros/melodic/include/ros/forwards.h:37[m[K,
                 from [01m[K/opt/ros/melodic/include/ros/common.h:37[m[K,
                 from [01m[K/opt/ros/melodic/include/ros/ros.h:43[m[K,
                 from [01m[K/home/me/progetto_labiagi/src/ped/src/utils.h:2[m[K,
                 from [01m[K/home/me/progetto_labiagi/src/ped/src/ped_server.cpp:1[m[K:
[01m[K/usr/include/c++/7/bits/shared_ptr.h:383:5:[m[K [01;36m[Knote: [m[Kcandidate: template<class _Tp, class _Up> bool std::operator!=(const std::shared_ptr<_Tp>&, const std::shared_ptr<_Up>&)
     [01;36m[Koperator[m[K!=(const shared_ptr<_Tp>& __a, const shared_ptr<_Up>& __b) noexcept
     [01;36m[K^~~~~~~~[m[K
[01m[K/usr/include/c++/7/bits/shared_ptr.h:383:5:[m[K [01;36m[Knote: [m[K  template argument deduction/substitution failed:
[01m[K/home/me/progetto_labiagi/src/ped/src/ped_server.cpp:26:15:[m[K [01;36m[Knote: [m[K  mismatched types ‘[01m[Kconst std::shared_ptr<_Tp>[m[K’ and ‘[01m[K__gnu_cxx::__alloc_traits<std::allocator<char> >::value_type {aka char}[m[K’
   while(s[i]!=[01;36m[Ka[m[K){
               [01;36m[K^[m[K
In file included from [01m[K/usr/include/c++/7/memory:81:0[m[K,
                 from [01m[K/usr/include/boost/config/no_tr1/memory.hpp:21[m[K,
                 from [01m[K/usr/include/boost/smart_ptr/shared_ptr.hpp:23[m[K,
                 from [01m[K/usr/include/boost/shared_ptr.hpp:17[m[K,
                 from [01m[K/opt/ros/melodic/include/ros/forwards.h:37[m[K,
                 from [01m[K/opt/ros/melodic/include/ros/common.h:37[m[K,
                 from [01m[K/opt/ros/melodic/include/ros/ros.h:43[m[K,
                 from [01m[K/home/me/progetto_labiagi/src/ped/src/utils.h:2[m[K,
                 from [01m[K/home/me/progetto_labiagi/src/ped/src/ped_server.cpp:1[m[K:
[01m[K/usr/include/c++/7/bits/shared_ptr.h:388:5:[m[K [01;36m[Knote: [m[Kcandidate: template<class _Tp> bool std::operator!=(const std::shared_ptr<_Tp>&, std::nullptr_t)
     [01;36m[Koperator[m[K!=(const shared_ptr<_Tp>& __a, nullptr_t) noexcept
     [01;36m[K^~~~~~~~[m[K
[01m[K/usr/include/c++/7/bits/shared_ptr.h:388:5:[m[K [01;36m[Knote: [m[K  template argument deduction/substitution failed:
[01m[K/home/me/progetto_labiagi/src/ped/src/ped_server.cpp:26:15:[m[K [01;36m[Knote: [m[K  mismatched types ‘[01m[Kconst std::shared_ptr<_Tp>[m[K’ and ‘[01m[K__gnu_cxx::__alloc_traits<std::allocator<char> >::value_type {aka char}[m[K’
   while(s[i]!=[01;36m[Ka[m[K){
               [01;36m[K^[m[K
In file included from [01m[K/usr/include/c++/7/memory:81:0[m[K,
                 from [01m[K/usr/include/boost/config/no_tr1/memory.hpp:21[m[K,
                 from [01m[K/usr/include/boost/smart_ptr/shared_ptr.hpp:23[m[K,
                 from [01m[K/usr/include/boost/shared_ptr.hpp:17[m[K,
                 from [01m[K/opt/ros/melodic/include/ros/forwards.h:37[m[K,
                 from [01m[K/opt/ros/melodic/include/ros/common.h:37[m[K,
                 from [01m[K/opt/ros/melodic/include/ros/ros.h:43[m[K,
                 from [01m[K/home/me/progetto_labiagi/src/ped/src/utils.h:2[m[K,
                 from [01m[K/home/me/progetto_labiagi/src/ped/src/ped_server.cpp:1[m[K:
[01m[K/usr/include/c++/7/bits/shared_ptr.h:393:5:[m[K [01;36m[Knote: [m[Kcandidate: template<class _Tp> bool std::operator!=(std::nullptr_t, const std::shared_ptr<_Tp>&)
     [01;36m[Koperator[m[K!=(nullptr_t, const shared_ptr<_Tp>& __a) noexcept
     [01;36m[K^~~~~~~~[m[K
[01m[K/usr/include/c++/7/bits/shared_ptr.h:393:5:[m[K [01;36m[Knote: [m[K  template argument deduction/substitution failed:
[01m[K/home/me/progetto_labiagi/src/ped/src/ped_server.cpp:26:15:[m[K [01;36m[Knote: [m[K  ‘[01m[Kstd::__cxx11::string {aka std::__cxx11::basic_string<char>}[m[K’ is not derived from ‘[01m[Kconst std::shared_ptr<_Tp>[m[K’
   while(s[i]!=[01;36m[Ka[m[K){
               [01;36m[K^[m[K
In file included from [01m[K/usr/include/c++/7/functional:58:0[m[K,
                 from [01m[K/usr/include/boost/smart_ptr/detail/shared_count.hpp:38[m[K,
                 from [01m[K/usr/include/boost/smart_ptr/shared_ptr.hpp:28[m[K,
                 from [01m[K/usr/include/boost/shared_ptr.hpp:17[m[K,
                 from [01m[K/opt/ros/melodic/include/ros/forwards.h:37[m[K,
                 from [01m[K/opt/ros/melodic/include/ros/common.h:37[m[K,
                 from [01m[K/opt/ros/melodic/include/ros/ros.h:43[m[K,
                 from [01m[K/home/me/progetto_labiagi/src/ped/src/utils.h:2[m[K,
                 from [01m[K/home/me/progetto_labiagi/src/ped/src/ped_server.cpp:1[m[K:
[01m[K/usr/include/c++/7/bits/std_function.h:782:5:[m[K [01;36m[Knote: [m[Kcandidate: template<class _Res, class ... _Args> bool std::operator!=(const std::function<_Res(_ArgTypes ...)>&, std::nullptr_t)
     [01;36m[Koperator[m[K!=(const function<_Res(_Args...)>& __f, nullptr_t) noexcept
     [01;36m[K^~~~~~~~[m[K
[01m[K/usr/include/c++/7/bits/std_function.h:782:5:[m[K [01;36m[Knote: [m[K  template argument deduction/substitution failed:
[01m[K/home/me/progetto_labiagi/src/ped/src/ped_server.cpp:26:15:[m[K [01;36m[Knote: [m[K  mismatched types ‘[01m[Kconst std::function<_Res(_ArgTypes ...)>[m[K’ and ‘[01m[K__gnu_cxx::__alloc_traits<std::allocator<char> >::value_type {aka char}[m[K’
   while(s[i]!=[01;36m[Ka[m[K){
               [01;36m[K^[m[K
In file included from [01m[K/usr/include/c++/7/functional:58:0[m[K,
                 from [01m[K/usr/include/boost/smart_ptr/detail/shared_count.hpp:38[m[K,
                 from [01m[K/usr/include/boost/smart_ptr/shared_ptr.hpp:28[m[K,
                 from [01m[K/usr/include/boost/shared_ptr.hpp:17[m[K,
                 from [01m[K/opt/ros/melodic/include/ros/forwards.h:37[m[K,
                 from [01m[K/opt/ros/melodic/include/ros/common.h:37[m[K,
                 from [01m[K/opt/ros/melodic/include/ros/ros.h:43[m[K,
                 from [01m[K/home/me/progetto_labiagi/src/ped/src/utils.h:2[m[K,
                 from [01m[K/home/me/progetto_labiagi/src/ped/src/ped_server.cpp:1[m[K:
[01m[K/usr/include/c++/7/bits/std_function.h:788:5:[m[K [01;36m[Knote: [m[Kcandidate: template<class _Res, class ... _Args> bool std::operator!=(std::nullptr_t, const std::function<_Res(_ArgTypes ...)>&)
     [01;36m[Koperator[m[K!=(nullptr_t, const function<_Res(_Args...)>& __f) noexcept
     [01;36m[K^~~~~~~~[m[K
[01m[K/usr/include/c++/7/bits/std_function.h:788:5:[m[K [01;36m[Knote: [m[K  template argument deduction/substitution failed:
[01m[K/home/me/progetto_labiagi/src/ped/src/ped_server.cpp:26:15:[m[K [01;36m[Knote: [m[K  ‘[01m[Kstd::__cxx11::string {aka std::__cxx11::basic_string<char>}[m[K’ is not derived from ‘[01m[Kconst std::function<_Res(_ArgTypes ...)>[m[K’
   while(s[i]!=[01;36m[Ka[m[K){
               [01;36m[K^[m[K
In file included from [01m[K/usr/include/c++/7/iterator:66:0[m[K,
                 from [01m[K/usr/include/boost/detail/iterator.hpp:11[m[K,
                 from [01m[K/usr/include/boost/array.hpp:50[m[K,
                 from [01m[K/opt/ros/melodic/include/ros/message.h:38[m[K,
                 from [01m[K/opt/ros/melodic/include/ros/publisher.h:33[m[K,
                 from [01m[K/opt/ros/melodic/include/ros/node_handle.h:32[m[K,
                 from [01m[K/opt/ros/melodic/include/ros/ros.h:45[m[K,
                 from [01m[K/home/me/progetto_labiagi/src/ped/src/utils.h:2[m[K,
                 from [01m[K/home/me/progetto_labiagi/src/ped/src/ped_server.cpp:1[m[K:
[01m[K/usr/include/c++/7/bits/stream_iterator.h:137:5:[m[K [01;36m[Knote: [m[Kcandidate: template<class _Tp, class _CharT, class _Traits, class _Dist> bool std::operator!=(const std::istream_iterator<_Tp, _CharT, _Traits, _Dist>&, const std::istream_iterator<_Tp, _CharT, _Traits, _Dist>&)
     [01;36m[Koperator[m[K!=(const istream_iterator<_Tp, _CharT, _Traits, _Dist>& __x,
     [01;36m[K^~~~~~~~[m[K
[01m[K/usr/include/c++/7/bits/stream_iterator.h:137:5:[m[K [01;36m[Knote: [m[K  template argument deduction/substitution failed:
[01m[K/home/me/progetto_labiagi/src/ped/src/ped_server.cpp:26:15:[m[K [01;36m[Knote: [m[K  mismatched types ‘[01m[Kconst std::istream_iterator<_Tp, _CharT, _Traits, _Dist>[m[K’ and ‘[01m[K__gnu_cxx::__alloc_traits<std::allocator<char> >::value_type {aka char}[m[K’
   while(s[i]!=[01;36m[Ka[m[K){
               [01;36m[K^[m[K
In file included from [01m[K/usr/include/x86_64-linux-gnu/c++/7/bits/c++allocator.h:33:0[m[K,
                 from [01m[K/usr/include/c++/7/bits/allocator.h:46[m[K,
                 from [01m[K/usr/include/c++/7/string:41[m[K,
                 from [01m[K/usr/include/c++/7/bits/locale_classes.h:40[m[K,
                 from [01m[K/usr/include/c++/7/bits/ios_base.h:41[m[K,
                 from [01m[K/usr/include/c++/7/ios:42[m[K,
                 from [01m[K/usr/include/c++/7/istream:38[m[K,
                 from [01m[K/usr/include/c++/7/sstream:38[m[K,
                 from [01m[K/home/me/progetto_labiagi/src/ped/src/utils.h:1[m[K,
                 from [01m[K/home/me/progetto_labiagi/src/ped/src/ped_server.cpp:1[m[K:
[01m[K/usr/include/c++/7/ext/new_allocator.h:160:5:[m[K [01;36m[Knote: [m[Kcandidate: template<class _Tp> bool __gnu_cxx::operator!=(const __gnu_cxx::new_allocator<_Tp>&, const __gnu_cxx::new_allocator<_Tp>&)
     [01;36m[Koperator[m[K!=(const new_allocator<_Tp>&, const new_allocator<_Tp>&)
     [01;36m[K^~~~~~~~[m[K
[01m[K/usr/include/c++/7/ext/new_allocator.h:160:5:[m[K [01;36m[Knote: [m[K  template argument deduction/substitution failed:
[01m[K/home/me/progetto_labiagi/src/ped/src/ped_server.cpp:26:15:[m[K [01;36m[Knote: [m[K  mismatched types ‘[01m[Kconst __gnu_cxx::new_allocator<_Tp>[m[K’ and ‘[01m[K__gnu_cxx::__alloc_traits<std::allocator<char> >::value_type {aka char}[m[K’
   while(s[i]!=[01;36m[Ka[m[K){
               [01;36m[K^[m[K
In file included from [01m[K/usr/include/c++/7/bits/stl_algobase.h:67:0[m[K,
                 from [01m[K/usr/include/c++/7/bits/char_traits.h:39[m[K,
                 from [01m[K/usr/include/c++/7/ios:40[m[K,
                 from [01m[K/usr/include/c++/7/istream:38[m[K,
                 from [01m[K/usr/include/c++/7/sstream:38[m[K,
                 from [01m[K/home/me/progetto_labiagi/src/ped/src/utils.h:1[m[K,
                 from [01m[K/home/me/progetto_labiagi/src/ped/src/ped_server.cpp:1[m[K:
[01m[K/usr/include/c++/7/bits/stl_iterator.h:883:5:[m[K [01;36m[Knote: [m[Kcandidate: template<class _Iterator, class _Container> bool __gnu_cxx::operator!=(const __gnu_cxx::__normal_iterator<_Iterator, _Container>&, const __gnu_cxx::__normal_iterator<_Iterator, _Container>&)
     [01;36m[Koperator[m[K!=(const __normal_iterator<_Iterator, _Container>& __lhs,
     [01;36m[K^~~~~~~~[m[K
[01m[K/usr/include/c++/7/bits/stl_iterator.h:883:5:[m[K [01;36m[Knote: [m[K  template argument deduction/substitution failed:
[01m[K/home/me/progetto_labiagi/src/ped/src/ped_server.cpp:26:15:[m[K [01;36m[Knote: [m[K  mismatched types ‘[01m[Kconst __gnu_cxx::__normal_iterator<_Iterator, _Container>[m[K’ and ‘[01m[K__gnu_cxx::__alloc_traits<std::allocator<char> >::value_type {aka char}[m[K’
   while(s[i]!=[01;36m[Ka[m[K){
               [01;36m[K^[m[K
In file included from [01m[K/usr/include/c++/7/bits/stl_algobase.h:67:0[m[K,
                 from [01m[K/usr/include/c++/7/bits/char_traits.h:39[m[K,
                 from [01m[K/usr/include/c++/7/ios:40[m[K,
                 from [01m[K/usr/include/c++/7/istream:38[m[K,
                 from [01m[K/usr/include/c++/7/sstream:38[m[K,
                 from [01m[K/home/me/progetto_labiagi/src/ped/src/utils.h:1[m[K,
                 from [01m[K/home/me/progetto_labiagi/src/ped/src/ped_server.cpp:1[m[K:
[01m[K/usr/include/c++/7/bits/stl_iterator.h:876:5:[m[K [01;36m[Knote: [m[Kcandidate: template<class _IteratorL, class _IteratorR, class _Container> bool __gnu_cxx::operator!=(const __gnu_cxx::__normal_iterator<_IteratorL, _Container>&, const __gnu_cxx::__normal_iterator<_IteratorR, _Container>&)
     [01;36m[Koperator[m[K!=(const __normal_iterator<_IteratorL, _Container>& __lhs,
     [01;36m[K^~~~~~~~[m[K
[01m[K/usr/include/c++/7/bits/stl_iterator.h:876:5:[m[K [01;36m[Knote: [m[K  template argument deduction/substitution failed:
[01m[K/home/me/progetto_labiagi/src/ped/src/ped_server.cpp:26:15:[m[K [01;36m[Knote: [m[K  mismatched types ‘[01m[Kconst __gnu_cxx::__normal_iterator<_IteratorL, _Container>[m[K’ and ‘[01m[K__gnu_cxx::__alloc_traits<std::allocator<char> >::value_type {aka char}[m[K’
   while(s[i]!=[01;36m[Ka[m[K){
               [01;36m[K^[m[K
CMakeFiles/ped_server.dir/build.make:62: recipe for target 'CMakeFiles/ped_server.dir/src/ped_server.cpp.o' failed
CMakeFiles/Makefile2:112: recipe for target 'CMakeFiles/ped_server.dir/all' failed
make[2]: *** [CMakeFiles/ped_server.dir/src/ped_server.cpp.o] Error 1
make[1]: *** [CMakeFiles/ped_server.dir/all] Error 2
Makefile:140: recipe for target 'all' failed
make: *** [all] Error 2
