[01m[K/home/me/progetto_labiagi/src/ped/src/ped_server.cpp:[m[K In constructor ‘[01m[KPedServer::PedServer(std::__cxx11::string)[m[K’:
[01m[K/home/me/progetto_labiagi/src/ped/src/ped_server.cpp:20:4:[m[K [01;31m[Kerror: [m[K‘[01m[Kas_[m[K’ was not declared in this scope
    [01;31m[Kas_[m[K.start();
    [01;31m[K^~~[m[K
[01m[K/home/me/progetto_labiagi/src/ped/src/ped_server.cpp:20:4:[m[K [01;36m[Knote: [m[Ksuggested alternative: ‘[01m[Kas[m[K’
    [01;36m[Kas_[m[K.start();
    [01;36m[K^~~[m[K
    [32m[Kas[m[K
[01m[K/home/me/progetto_labiagi/src/ped/src/ped_server.cpp:[m[K In function ‘[01m[Kint main(int, char**)[m[K’:
[01m[K/home/me/progetto_labiagi/src/ped/src/ped_server.cpp:29:3:[m[K [01;31m[Kerror: [m[K‘[01m[KdialogServer[m[K’ was not declared in this scope
   [01;31m[KdialogServer[m[K dialog("ped_topic");
   [01;31m[K^~~~~~~~~~~~[m[K
[01m[K/home/me/progetto_labiagi/src/ped/src/ped_server.cpp:29:3:[m[K [01;36m[Knote: [m[Ksuggested alternative: ‘[01m[KPedServer[m[K’
   [01;36m[KdialogServer[m[K dialog("ped_topic");
   [01;36m[K^~~~~~~~~~~~[m[K
   [32m[KPedServer[m[K
[01m[K/home/me/progetto_labiagi/src/ped/src/ped_client.cpp:8:1:[m[K [01;31m[Kerror: [m[K‘[01m[Kstring[m[K’ does not name a type; did you mean ‘[01m[Kstdin[m[K’?
 [01;31m[Kstring[m[K s;
 [01;31m[K^~~~~~[m[K
 [32m[Kstdin[m[K
[01m[K/home/me/progetto_labiagi/src/ped/src/ped_client.cpp:[m[K In function ‘[01m[Kint main(int, char**)[m[K’:
[01m[K/home/me/progetto_labiagi/src/ped/src/ped_client.cpp:20:3:[m[K [01;31m[Kerror: [m[K‘[01m[Kcout[m[K’ was not declared in this scope
   [01;31m[Kcout[m[K << "digita qualcosa: " << flush;
   [01;31m[K^~~~[m[K
[01m[K/home/me/progetto_labiagi/src/ped/src/ped_client.cpp:20:3:[m[K [01;36m[Knote: [m[Ksuggested alternative:
In file included from [01m[K/opt/ros/melodic/include/ros/time.h:54:0[m[K,
                 from [01m[K/opt/ros/melodic/include/ros/ros.h:38[m[K,
                 from [01m[K/home/me/progetto_labiagi/src/ped/src/ped_client.cpp:1[m[K:
[01m[K/usr/include/c++/7/iostream:61:18:[m[K [01;36m[Knote: [m[K  ‘[01m[Kstd::cout[m[K’
   extern ostream [01;36m[Kcout[m[K;  /// Linked to standard output
                  [01;36m[K^~~~[m[K
[01m[K/home/me/progetto_labiagi/src/ped/src/ped_client.cpp:20:34:[m[K [01;31m[Kerror: [m[K‘[01m[Kflush[m[K’ was not declared in this scope
   cout << "digita qualcosa: " << [01;31m[Kflush[m[K;
                                  [01;31m[K^~~~~[m[K
[01m[K/home/me/progetto_labiagi/src/ped/src/ped_client.cpp:20:34:[m[K [01;36m[Knote: [m[Ksuggested alternative:
In file included from [01m[K/usr/include/c++/7/iostream:39:0[m[K,
                 from [01m[K/opt/ros/melodic/include/ros/time.h:54[m[K,
                 from [01m[K/opt/ros/melodic/include/ros/ros.h:38[m[K,
                 from [01m[K/home/me/progetto_labiagi/src/ped/src/ped_client.cpp:1[m[K:
[01m[K/usr/include/c++/7/ostream:612:5:[m[K [01;36m[Knote: [m[K  ‘[01m[Kstd::flush[m[K’
     [01;36m[Kflush[m[K(basic_ostream<_CharT, _Traits>& __os)
     [01;36m[K^~~~~[m[K
[01m[K/home/me/progetto_labiagi/src/ped/src/ped_client.cpp:21:3:[m[K [01;31m[Kerror: [m[K‘[01m[Kcin[m[K’ was not declared in this scope
   [01;31m[Kcin[m[K >> s;
   [01;31m[K^~~[m[K
[01m[K/home/me/progetto_labiagi/src/ped/src/ped_client.cpp:21:3:[m[K [01;36m[Knote: [m[Ksuggested alternative:
In file included from [01m[K/opt/ros/melodic/include/ros/time.h:54:0[m[K,
                 from [01m[K/opt/ros/melodic/include/ros/ros.h:38[m[K,
                 from [01m[K/home/me/progetto_labiagi/src/ped/src/ped_client.cpp:1[m[K:
[01m[K/usr/include/c++/7/iostream:60:18:[m[K [01;36m[Knote: [m[K  ‘[01m[Kstd::cin[m[K’
   extern istream [01;36m[Kcin[m[K;  /// Linked to standard input
                  [01;36m[K^~~[m[K
[01m[K/home/me/progetto_labiagi/src/ped/src/ped_client.cpp:21:10:[m[K [01;31m[Kerror: [m[K‘[01m[Ks[m[K’ was not declared in this scope
   cin >> [01;31m[Ks[m[K;
          [01;31m[K^[m[K
[01m[K/home/me/progetto_labiagi/src/ped/src/ped_client.cpp:26:23:[m[K [01;31m[Kerror: [m[Kno match for ‘[01m[Koperator=[m[K’ (operand types are ‘[01m[Kped::msgResult {aka ped::msgResult_<std::allocator<void> >}[m[K’ and ‘[01m[Kactionlib::SimpleActionClient<ped::msgAction_<std::allocator<void> > >::ResultConstPtr {aka boost::shared_ptr<const ped::msgResult_<std::allocator<void> > >}[m[K’)
   result=ac.getResult([01;31m[K)[m[K;
                       [01;31m[K^[m[K
In file included from [01m[K/home/me/progetto_labiagi/devel/.private/ped/include/ped/msgActionResult.h:20:0[m[K,
                 from [01m[K/home/me/progetto_labiagi/devel/.private/ped/include/ped/msgAction.h:19[m[K,
                 from [01m[K/home/me/progetto_labiagi/src/ped/src/ped_client.cpp:4[m[K:
[01m[K/home/me/progetto_labiagi/devel/.private/ped/include/ped/msgResult.h:22:8:[m[K [01;36m[Knote: [m[Kcandidate: ped::msgResult_<std::allocator<void> >& ped::msgResult_<std::allocator<void> >::operator=(const ped::msgResult_<std::allocator<void> >&)
 struct [01;36m[KmsgResult_[m[K
        [01;36m[K^~~~~~~~~~[m[K
[01m[K/home/me/progetto_labiagi/devel/.private/ped/include/ped/msgResult.h:22:8:[m[K [01;36m[Knote: [m[K  no known conversion for argument 1 from ‘[01m[Kactionlib::SimpleActionClient<ped::msgAction_<std::allocator<void> > >::ResultConstPtr {aka boost::shared_ptr<const ped::msgResult_<std::allocator<void> > >}[m[K’ to ‘[01m[Kconst ped::msgResult_<std::allocator<void> >&[m[K’
[01m[K/home/me/progetto_labiagi/devel/.private/ped/include/ped/msgResult.h:22:8:[m[K [01;36m[Knote: [m[Kcandidate: ped::msgResult_<std::allocator<void> >& ped::msgResult_<std::allocator<void> >::operator=(ped::msgResult_<std::allocator<void> >&&)
[01m[K/home/me/progetto_labiagi/devel/.private/ped/include/ped/msgResult.h:22:8:[m[K [01;36m[Knote: [m[K  no known conversion for argument 1 from ‘[01m[Kactionlib::SimpleActionClient<ped::msgAction_<std::allocator<void> > >::ResultConstPtr {aka boost::shared_ptr<const ped::msgResult_<std::allocator<void> > >}[m[K’ to ‘[01m[Kped::msgResult_<std::allocator<void> >&&[m[K’
[01m[K/home/me/progetto_labiagi/src/ped/src/ped_client.cpp:28:32:[m[K [01;31m[Kerror: [m[K‘[01m[Kped::msgResult {aka struct ped::msgResult_<std::allocator<void> >}[m[K’ has no member named ‘[01m[Kc_str[m[K’
   cout << "result: " << result.[01;31m[Kc_str[m[K() << endl << flush;
                                [01;31m[K^~~~~[m[K
[01m[K/home/me/progetto_labiagi/src/ped/src/ped_client.cpp:28:43:[m[K [01;31m[Kerror: [m[K‘[01m[Kendl[m[K’ was not declared in this scope
   cout << "result: " << result.c_str() << [01;31m[Kendl[m[K << flush;
                                           [01;31m[K^~~~[m[K
[01m[K/home/me/progetto_labiagi/src/ped/src/ped_client.cpp:28:43:[m[K [01;36m[Knote: [m[Ksuggested alternative:
In file included from [01m[K/usr/include/c++/7/iostream:39:0[m[K,
                 from [01m[K/opt/ros/melodic/include/ros/time.h:54[m[K,
                 from [01m[K/opt/ros/melodic/include/ros/ros.h:38[m[K,
                 from [01m[K/home/me/progetto_labiagi/src/ped/src/ped_client.cpp:1[m[K:
[01m[K/usr/include/c++/7/ostream:590:5:[m[K [01;36m[Knote: [m[K  ‘[01m[Kstd::endl[m[K’
     [01;36m[Kendl[m[K(basic_ostream<_CharT, _Traits>& __os)
     [01;36m[K^~~~[m[K
make[2]: *** [CMakeFiles/ped_server.dir/src/ped_server.cpp.o] Error 1
make[1]: *** [CMakeFiles/ped_server.dir/all] Error 2
make[1]: *** Waiting for unfinished jobs....
make[2]: *** [CMakeFiles/ped_client.dir/src/ped_client.cpp.o] Error 1
make[1]: *** [CMakeFiles/ped_client.dir/all] Error 2
make: *** [all] Error 2
