[  0%] Built target std_msgs_generate_messages_eus
[  0%] Built target std_msgs_generate_messages_py
[  0%] Built target _ped_generate_messages_check_deps_User
[  0%] Built target _ped_generate_messages_check_deps_set_user
[  0%] Built target std_msgs_generate_messages_lisp
[  0%] Built target std_msgs_generate_messages_cpp
[  0%] Built target std_msgs_generate_messages_nodejs
[ 17%] Built target ped_generate_messages_eus
[ 41%] Built target ped_generate_messages_py
[ 52%] Built target ped_generate_messages_lisp
[ 64%] Built target ped_generate_messages_nodejs
[ 76%] Built target ped_generate_messages_cpp
[35m[1mScanning dependencies of target ped_server[0m
[ 88%] Built target ped_client
[ 88%] Built target ped_generate_messages
[ 94%] [32mBuilding CXX object CMakeFiles/ped_server.dir/src/ped_server.cpp.o[0m
[01m[K/home/me/progetto_labiagi/src/ped/src/ped_server.cpp:[m[K In function ‘[01m[Kint main(int, char**)[m[K’:
[01m[K/home/me/progetto_labiagi/src/ped/src/ped_server.cpp:60:7:[m[K [01;31m[Kerror: [m[Kbase operand of ‘[01m[K->[m[K’ has non-pointer type ‘[01m[Kutente[m[K’
      k[01;31m[K->[m[Kx=pos_x;
       [01;31m[K^~[m[K
[01m[K/home/me/progetto_labiagi/src/ped/src/ped_server.cpp:61:7:[m[K [01;31m[Kerror: [m[Kbase operand of ‘[01m[K->[m[K’ has non-pointer type ‘[01m[Kutente[m[K’
      k[01;31m[K->[m[Ky=pos_y;
       [01;31m[K^~[m[K
CMakeFiles/ped_server.dir/build.make:62: recipe for target 'CMakeFiles/ped_server.dir/src/ped_server.cpp.o' failed
make[2]: *** [CMakeFiles/ped_server.dir/src/ped_server.cpp.o] Error 1
CMakeFiles/Makefile2:112: recipe for target 'CMakeFiles/ped_server.dir/all' failed
make[1]: *** [CMakeFiles/ped_server.dir/all] Error 2
Makefile:140: recipe for target 'all' failed
make: *** [all] Error 2
