[  0%] Built target std_msgs_generate_messages_eus
[  0%] Built target _ped_generate_messages_check_deps_User
[  0%] Built target std_msgs_generate_messages_py
[  0%] Built target _ped_generate_messages_check_deps_set_user
[  0%] Built target std_msgs_generate_messages_nodejs
[  0%] Built target std_msgs_generate_messages_lisp
[  5%] Built target std_msgs_generate_messages_cpp
[ 17%] Built target ped_generate_messages_eus
[ 41%] Built target ped_generate_messages_py
[ 52%] Built target ped_generate_messages_lisp
[ 64%] Built target ped_generate_messages_nodejs
[ 76%] Built target ped_generate_messages_cpp
[35m[1mScanning dependencies of target ped_client[0m
[ 76%] Built target ped_generate_messages
[ 82%] [32mBuilding CXX object CMakeFiles/ped_client.dir/src/ped_client.cpp.o[0m
[ 94%] Built target ped_server
[01m[K/home/me/progetto_labiagi/src/ped/src/ped_client.cpp:[m[K In function ‘[01m[Kvoid robot_status(const ConstPtr&)[m[K’:
[01m[K/home/me/progetto_labiagi/src/ped/src/ped_client.cpp:33:7:[m[K [01;31m[Kerror: [m[K‘[01m[KtoString[m[K’ was not declared in this scope
   s = [01;31m[KtoString[m[K(p);
       [01;31m[K^~~~~~~~[m[K
[01m[K/home/me/progetto_labiagi/src/ped/src/ped_client.cpp:33:7:[m[K [01;36m[Knote: [m[Ksuggested alternative: ‘[01m[Koptind[m[K’
   s = [01;36m[KtoString[m[K(p);
       [01;36m[K^~~~~~~~[m[K
       [32m[Koptind[m[K
[01m[K/home/me/progetto_labiagi/src/ped/src/ped_client.cpp:34:14:[m[K [01;31m[Kerror: [m[K‘[01m[Kstd::__cxx11::string {aka class std::__cxx11::basic_string<char>}[m[K’ has no member named ‘[01m[Kstr[m[K’
   msg.data=s.[01;31m[Kstr[m[K();
              [01;31m[K^~~[m[K
[01m[K/home/me/progetto_labiagi/src/ped/src/ped_client.cpp:44:14:[m[K [01;31m[Kerror: [m[K‘[01m[Kstd::__cxx11::string {aka class std::__cxx11::basic_string<char>}[m[K’ has no member named ‘[01m[Kstr[m[K’
   msg.data=s.[01;31m[Kstr[m[K();
              [01;31m[K^~~[m[K
CMakeFiles/ped_client.dir/build.make:62: recipe for target 'CMakeFiles/ped_client.dir/src/ped_client.cpp.o' failed
make[2]: *** [CMakeFiles/ped_client.dir/src/ped_client.cpp.o] Error 1
CMakeFiles/Makefile2:71: recipe for target 'CMakeFiles/ped_client.dir/all' failed
make[1]: *** [CMakeFiles/ped_client.dir/all] Error 2
Makefile:140: recipe for target 'all' failed
make: *** [all] Error 2
