[01m[K/home/me/progetto_labiagi/src/ped/src/ped_server.cpp:[m[K In function ‘[01m[Kvoid CB(const ConstPtr&)[m[K’:
[01m[K/home/me/progetto_labiagi/src/ped/src/ped_server.cpp:100:15:[m[K [01;31m[Kerror: [m[Kpassing ‘[01m[Kconst _data_type {aka const std::__cxx11::basic_string<char>}[m[K’ as ‘[01m[Kthis[m[K’ argument discards qualifiers [[01;31m[K-fpermissive[m[K]
  if(msg->data=[01;31m[K"password"[m[K){
               [01;31m[K^~~~~~~~~~[m[K
In file included from [01m[K/usr/include/c++/7/string:52:0[m[K,
                 from [01m[K/usr/include/c++/7/bits/locale_classes.h:40[m[K,
                 from [01m[K/usr/include/c++/7/bits/ios_base.h:41[m[K,
                 from [01m[K/usr/include/c++/7/ios:42[m[K,
                 from [01m[K/usr/include/c++/7/istream:38[m[K,
                 from [01m[K/usr/include/c++/7/sstream:38[m[K,
                 from [01m[K/home/me/progetto_labiagi/src/ped/src/utils.h:1[m[K,
                 from [01m[K/home/me/progetto_labiagi/src/ped/src/ped_server.cpp:1[m[K:
[01m[K/usr/include/c++/7/bits/basic_string.h:693:7:[m[K [01;36m[Knote: [m[K  in call to ‘[01m[Kstd::__cxx11::basic_string<_CharT, _Traits, _Alloc>& std::__cxx11::basic_string<_CharT, _Traits, _Alloc>::operator=(const _CharT*) [with _CharT = char; _Traits = std::char_traits<char>; _Alloc = std::allocator<char>][m[K’
       [01;36m[Koperator[m[K=(const _CharT* __s)
       [01;36m[K^~~~~~~~[m[K
[01m[K/home/me/progetto_labiagi/src/ped/src/ped_server.cpp:100:14:[m[K [01;31m[Kerror: [m[Kcould not convert ‘[01m[K(& msg)->boost::shared_ptr<const std_msgs::String_<std::allocator<void> > >::operator->()->std_msgs::String_<std::allocator<void> >::data.std::__cxx11::basic_string<char>::operator=(((const char*)"password"))[m[K’ from ‘[01m[Kstd::__cxx11::basic_string<char>[m[K’ to ‘[01m[Kbool[m[K’
  if([01;31m[Kmsg->data="password"[m[K){
     [01;31m[K~~~~~~~~~^~~~~~~~~~~[m[K
[01m[K/home/me/progetto_labiagi/src/ped/src/ped_server.cpp:102:8:[m[K [01;31m[Kerror: [m[K‘[01m[Kclass ros::Publisher[m[K’ has no member named ‘[01m[Kpuublish[m[K’; did you mean ‘[01m[Kpublish[m[K’?
   talk.[01;31m[Kpuublish[m[K(m);
        [01;31m[K^~~~~~~~[m[K
        [32m[Kpublish[m[K
make[2]: *** [CMakeFiles/ped_server.dir/src/ped_server.cpp.o] Error 1
make[1]: *** [CMakeFiles/ped_server.dir/all] Error 2
make: *** [all] Error 2
