[01m[K/home/me/progetto_labiagi/src/ped/src/ped_client.cpp:[m[K In function ‘[01m[Kint main(int, char**)[m[K’:
[01m[K/home/me/progetto_labiagi/src/ped/src/ped_client.cpp:12:18:[m[K [01;31m[Kerror: [m[K‘[01m[KPoseStammped[m[K’ is not a member of ‘[01m[Kgeometry_msgs[m[K’
   geometry_msgs::[01;31m[KPoseStammped[m[K goal;
                  [01;31m[K^~~~~~~~~~~~[m[K
[01m[K/home/me/progetto_labiagi/src/ped/src/ped_client.cpp:12:18:[m[K [01;36m[Knote: [m[Ksuggested alternative: ‘[01m[KPoseStamped[m[K’
   geometry_msgs::[01;36m[KPoseStammped[m[K goal;
                  [01;36m[K^~~~~~~~~~~~[m[K
                  [32m[KPoseStamped[m[K
[01m[K/home/me/progetto_labiagi/src/ped/src/ped_client.cpp:13:25:[m[K [01;31m[Kerror: [m[K‘[01m[Kgoal[m[K’ was not declared in this scope
   cout << "x: "; cin >> [01;31m[Kgoal[m[K.pose.position.x;
                         [01;31m[K^~~~[m[K
[01m[K/home/me/progetto_labiagi/src/ped/src/ped_client.cpp:13:25:[m[K [01;36m[Knote: [m[Ksuggested alternative: ‘[01m[Kpowl[m[K’
   cout << "x: "; cin >> [01;36m[Kgoal[m[K.pose.position.x;
                         [01;36m[K^~~~[m[K
                         [32m[Kpowl[m[K
In file included from [01m[K/opt/ros/melodic/include/ros/service_client.h:33:0[m[K,
                 from [01m[K/opt/ros/melodic/include/ros/node_handle.h:35[m[K,
                 from [01m[K/opt/ros/melodic/include/ros/ros.h:45[m[K,
                 from [01m[K/home/me/progetto_labiagi/src/ped/src/utils.h:2[m[K,
                 from [01m[K/home/me/progetto_labiagi/src/ped/src/ped_client.cpp:1[m[K:
/opt/ros/melodic/include/ros/service_traits.h: In instantiation of ‘[01m[Kstatic const char* ros::service_traits::MD5Sum<M>::value() [with M = geometry_msgs::PoseStamped_<std::allocator<void> >][m[K’:
[01m[K/opt/ros/melodic/include/ros/service_traits.h:79:102:[m[K   required from ‘[01m[Kconst char* ros::service_traits::md5sum() [with M = geometry_msgs::PoseStamped_<std::allocator<void> >][m[K’
[01m[K/opt/ros/melodic/include/ros/service_client_options.h:95:33:[m[K   required from ‘[01m[Kvoid ros::ServiceClientOptions::init(const string&, bool, const M_string&) [with Service = geometry_msgs::PoseStamped_<std::allocator<void> >; std::__cxx11::string = std::__cxx11::basic_string<char>; ros::M_string = std::map<std::__cxx11::basic_string<char>, std::__cxx11::basic_string<char> >][m[K’
[01m[K/opt/ros/melodic/include/ros/node_handle.h:1264:5:[m[K   required from ‘[01m[Kros::ServiceClient ros::NodeHandle::serviceClient(const string&, bool, const M_string&) [with Service = geometry_msgs::PoseStamped_<std::allocator<void> >; std::__cxx11::string = std::__cxx11::basic_string<char>; ros::M_string = std::map<std::__cxx11::basic_string<char>, std::__cxx11::basic_string<char> >][m[K’
[01m[K/home/me/progetto_labiagi/src/ped/src/ped_client.cpp:9:98:[m[K   required from here
[01m[K/opt/ros/melodic/include/ros/service_traits.h:47:34:[m[K [01;31m[Kerror: [m[K‘[01m[K__s_getServerMD5Sum[m[K’ is not a member of ‘[01m[Kgeometry_msgs::PoseStamped_<std::allocator<void> >[m[K’
     return [01;31m[KM::__s_getServerMD5Sum()[m[K.c_str();
            [01;31m[K~~~~~~~~~~~~~~~~~~~~~~^~[m[K
make[2]: *** [CMakeFiles/ped_client.dir/src/ped_client.cpp.o] Error 1
make[1]: *** [CMakeFiles/ped_client.dir/all] Error 2
make: *** [all] Error 2
