[01m[K/home/me/progetto_labiagi/src/ped/src/ped_client.cpp:[m[K In function ‘[01m[Kvoid robot_status(const ConstPtr&)[m[K’:
[01m[K/home/me/progetto_labiagi/src/ped/src/ped_client.cpp:29:8:[m[K [01;31m[Kerror: [m[K‘[01m[Kclass std::__cxx11::list<int>[m[K’ has no member named ‘[01m[Kat[m[K’
   if(l.[01;31m[Kat[m[K(0)==l.at(1) and l.at(1)==l.at(2) and l.at(2)==l.at(3)){
        [01;31m[K^~[m[K
[01m[K/home/me/progetto_labiagi/src/ped/src/ped_client.cpp:29:17:[m[K [01;31m[Kerror: [m[K‘[01m[Kclass std::__cxx11::list<int>[m[K’ has no member named ‘[01m[Kat[m[K’
   if(l.at(0)==l.[01;31m[Kat[m[K(1) and l.at(1)==l.at(2) and l.at(2)==l.at(3)){
                 [01;31m[K^~[m[K
[01m[K/home/me/progetto_labiagi/src/ped/src/ped_client.cpp:29:29:[m[K [01;31m[Kerror: [m[K‘[01m[Kclass std::__cxx11::list<int>[m[K’ has no member named ‘[01m[Kat[m[K’
   if(l.at(0)==l.at(1) and l.[01;31m[Kat[m[K(1)==l.at(2) and l.at(2)==l.at(3)){
                             [01;31m[K^~[m[K
[01m[K/home/me/progetto_labiagi/src/ped/src/ped_client.cpp:29:38:[m[K [01;31m[Kerror: [m[K‘[01m[Kclass std::__cxx11::list<int>[m[K’ has no member named ‘[01m[Kat[m[K’
   if(l.at(0)==l.at(1) and l.at(1)==l.[01;31m[Kat[m[K(2) and l.at(2)==l.at(3)){
                                      [01;31m[K^~[m[K
[01m[K/home/me/progetto_labiagi/src/ped/src/ped_client.cpp:29:50:[m[K [01;31m[Kerror: [m[K‘[01m[Kclass std::__cxx11::list<int>[m[K’ has no member named ‘[01m[Kat[m[K’
   if(l.at(0)==l.at(1) and l.at(1)==l.at(2) and l.[01;31m[Kat[m[K(2)==l.at(3)){
                                                  [01;31m[K^~[m[K
[01m[K/home/me/progetto_labiagi/src/ped/src/ped_client.cpp:29:59:[m[K [01;31m[Kerror: [m[K‘[01m[Kclass std::__cxx11::list<int>[m[K’ has no member named ‘[01m[Kat[m[K’
   if(l.at(0)==l.at(1) and l.at(1)==l.at(2) and l.at(2)==l.[01;31m[Kat[m[K(3)){
                                                           [01;31m[K^~[m[K
[01m[K/home/me/progetto_labiagi/src/ped/src/ped_client.cpp:[m[K In function ‘[01m[Kint main(int, char**)[m[K’:
[01m[K/home/me/progetto_labiagi/src/ped/src/ped_client.cpp:61:69:[m[K [01;31m[Kerror: [m[Kexpected primary-expression before ‘[01m[K,[m[K’ token
    ros::topic::waitForMessage<srrg2_core_ros::PlannerStatusMessage>([01;31m[K,[m[Kros::Duration(10));
                                                                     [01;31m[K^[m[K
make[2]: *** [CMakeFiles/ped_client.dir/src/ped_client.cpp.o] Error 1
make[1]: *** [CMakeFiles/ped_client.dir/all] Error 2
make: *** [all] Error 2
