[01m[K/home/me/progetto_labiagi/src/ped/src/ped_client.cpp:[m[K In function ‘[01m[Kvoid robot_status(const ConstPtr&)[m[K’:
[01m[K/home/me/progetto_labiagi/src/ped/src/ped_client.cpp:29:7:[m[K [01;31m[Kerror: [m[Kno match for ‘[01m[Koperator[][m[K’ (operand types are ‘[01m[Kstd::__cxx11::list<int>[m[K’ and ‘[01m[Kint[m[K’)
   if(l[01;31m[K[[m[K0]==l[1] and l[1]==l[2] and l[2]==l[3]){
       [01;31m[K^[m[K
[01m[K/home/me/progetto_labiagi/src/ped/src/ped_client.cpp:29:13:[m[K [01;31m[Kerror: [m[Kno match for ‘[01m[Koperator[][m[K’ (operand types are ‘[01m[Kstd::__cxx11::list<int>[m[K’ and ‘[01m[Kint[m[K’)
   if(l[0]==l[01;31m[K[[m[K1] and l[1]==l[2] and l[2]==l[3]){
             [01;31m[K^[m[K
[01m[K/home/me/progetto_labiagi/src/ped/src/ped_client.cpp:29:22:[m[K [01;31m[Kerror: [m[Kno match for ‘[01m[Koperator[][m[K’ (operand types are ‘[01m[Kstd::__cxx11::list<int>[m[K’ and ‘[01m[Kint[m[K’)
   if(l[0]==l[1] and l[01;31m[K[[m[K1]==l[2] and l[2]==l[3]){
                      [01;31m[K^[m[K
[01m[K/home/me/progetto_labiagi/src/ped/src/ped_client.cpp:29:28:[m[K [01;31m[Kerror: [m[Kno match for ‘[01m[Koperator[][m[K’ (operand types are ‘[01m[Kstd::__cxx11::list<int>[m[K’ and ‘[01m[Kint[m[K’)
   if(l[0]==l[1] and l[1]==l[01;31m[K[[m[K2] and l[2]==l[3]){
                            [01;31m[K^[m[K
[01m[K/home/me/progetto_labiagi/src/ped/src/ped_client.cpp:29:37:[m[K [01;31m[Kerror: [m[Kno match for ‘[01m[Koperator[][m[K’ (operand types are ‘[01m[Kstd::__cxx11::list<int>[m[K’ and ‘[01m[Kint[m[K’)
   if(l[0]==l[1] and l[1]==l[2] and l[01;31m[K[[m[K2]==l[3]){
                                     [01;31m[K^[m[K
[01m[K/home/me/progetto_labiagi/src/ped/src/ped_client.cpp:29:43:[m[K [01;31m[Kerror: [m[Kno match for ‘[01m[Koperator[][m[K’ (operand types are ‘[01m[Kstd::__cxx11::list<int>[m[K’ and ‘[01m[Kint[m[K’)
   if(l[0]==l[1] and l[1]==l[2] and l[2]==l[01;31m[K[[m[K3]){
                                           [01;31m[K^[m[K
[01m[K/home/me/progetto_labiagi/src/ped/src/ped_client.cpp:[m[K In function ‘[01m[Kint main(int, char**)[m[K’:
[01m[K/home/me/progetto_labiagi/src/ped/src/ped_client.cpp:61:69:[m[K [01;31m[Kerror: [m[Kexpected primary-expression before ‘[01m[K,[m[K’ token
    ros::topic::waitForMessage<srrg2_core_ros::PlannerStatusMessage>([01;31m[K,[m[Kros::Duration(10));
                                                                     [01;31m[K^[m[K
make[2]: *** [CMakeFiles/ped_client.dir/src/ped_client.cpp.o] Error 1
make[1]: *** [CMakeFiles/ped_client.dir/all] Error 2
make: *** [all] Error 2
