[01m[K/home/me/progetto_labiagi/src/ped/src/ped_server.cpp:[m[K In function ‘[01m[Kvoid CB(const ConstPtr&)[m[K’:
[01m[K/home/me/progetto_labiagi/src/ped/src/ped_server.cpp:42:33:[m[K [01;31m[Kerror: [m[Kno match for ‘[01m[Koperator<<[m[K’ (operand types are ‘[01m[Kstd::basic_ostream<char>[m[K’ and ‘[01m[K<unresolved overloaded function type>[m[K’)
    [01;31m[Kcout << k.name << " " << k.n << end[m[K
    [01;31m[K~~~~~~~~~~~~~~~~~~~~~~~~~~~~~^~~~~~[m[K
In file included from [01m[K/usr/include/c++/7/istream:39:0[m[K,
                 from [01m[K/usr/include/c++/7/sstream:38[m[K,
                 from [01m[K/home/me/progetto_labiagi/src/ped/src/utils.h:1[m[K,
                 from [01m[K/home/me/progetto_labiagi/src/ped/src/ped_server.cpp:1[m[K:
[01m[K/usr/include/c++/7/ostream:108:7:[m[K [01;36m[Knote: [m[Kcandidate: std::basic_ostream<_CharT, _Traits>::__ostream_type& std::basic_ostream<_CharT, _Traits>::operator<<(std::basic_ostream<_CharT, _Traits>::__ostream_type& (*)(std::basic_ostream<_CharT, _Traits>::__ostream_type&)) [with _CharT = char; _Traits = std::char_traits<char>; std::basic_ostream<_CharT, _Traits>::__ostream_type = std::basic_ostream<char>]
       [01;36m[Koperator[m[K<<(__ostream_type& (*__pf)(__ostream_type&))
       [01;36m[K^~~~~~~~[m[K
[01m[K/usr/include/c++/7/ostream:108:7:[m[K [01;36m[Knote: [m[K  no known conversion for argument 1 from ‘[01m[K<unresolved overloaded function type>[m[K’ to ‘[01m[Kstd::basic_ostream<char>::__ostream_type& (*)(std::basic_ostream<char>::__ostream_type&) {aka std::basic_ostream<char>& (*)(std::basic_ostream<char>&)}[m[K’
[01m[K/usr/include/c++/7/ostream:117:7:[m[K [01;36m[Knote: [m[Kcandidate: std::basic_ostream<_CharT, _Traits>::__ostream_type& std::basic_ostream<_CharT, _Traits>::operator<<(std::basic_ostream<_CharT, _Traits>::__ios_type& (*)(std::basic_ostream<_CharT, _Traits>::__ios_type&)) [with _CharT = char; _Traits = std::char_traits<char>; std::basic_ostream<_CharT, _Traits>::__ostream_type = std::basic_ostream<char>; std::basic_ostream<_CharT, _Traits>::__ios_type = std::basic_ios<char>]
       [01;36m[Koperator[m[K<<(__ios_type& (*__pf)(__ios_type&))
       [01;36m[K^~~~~~~~[m[K
[01m[K/usr/include/c++/7/ostream:117:7:[m[K [01;36m[Knote: [m[K  no known conversion for argument 1 from ‘[01m[K<unresolved overloaded function type>[m[K’ to ‘[01m[Kstd::basic_ostream<char>::__ios_type& (*)(std::basic_ostream<char>::__ios_type&) {aka std::basic_ios<char>& (*)(std::basic_ios<char>&)}[m[K’
[01m[K/usr/include/c++/7/ostream:127:7:[m[K [01;36m[Knote: [m[Kcandidate: std::basic_ostream<_CharT, _Traits>::__ostream_type& std::basic_ostream<_CharT, _Traits>::operator<<(std::ios_base& (*)(std::ios_base&)) [with _CharT = char; _Traits = std::char_traits<char>; std::basic_ostream<_CharT, _Traits>::__ostream_type = std::basic_ostream<char>]
       [01;36m[Koperator[m[K<<(ios_base& (*__pf) (ios_base&))
       [01;36m[K^~~~~~~~[m[K
[01m[K/usr/include/c++/7/ostream:127:7:[m[K [01;36m[Knote: [m[K  no known conversion for argument 1 from ‘[01m[K<unresolved overloaded function type>[m[K’ to ‘[01m[Kstd::ios_base& (*)(std::ios_base&)[m[K’
[01m[K/usr/include/c++/7/ostream:166:7:[m[K [01;36m[Knote: [m[Kcandidate: std::basic_ostream<_CharT, _Traits>::__ostream_type& std::basic_ostream<_CharT, _Traits>::operator<<(long int) [with _CharT = char; _Traits = std::char_traits<char>; std::basic_ostream<_CharT, _Traits>::__ostream_type = std::basic_ostream<char>]
       [01;36m[Koperator[m[K<<(long __n)
       [01;36m[K^~~~~~~~[m[K
[01m[K/usr/include/c++/7/ostream:166:7:[m[K [01;36m[Knote: [m[K  no known conversion for argument 1 from ‘[01m[K<unresolved overloaded function type>[m[K’ to ‘[01m[Klong int[m[K’
[01m[K/usr/include/c++/7/ostream:170:7:[m[K [01;36m[Knote: [m[Kcandidate: std::basic_ostream<_CharT, _Traits>::__ostream_type& std::basic_ostream<_CharT, _Traits>::operator<<(long unsigned int) [with _CharT = char; _Traits = std::char_traits<char>; std::basic_ostream<_CharT, _Traits>::__ostream_type = std::basic_ostream<char>]
       [01;36m[Koperator[m[K<<(unsigned long __n)
       [01;36m[K^~~~~~~~[m[K
[01m[K/usr/include/c++/7/ostream:170:7:[m[K [01;36m[Knote: [m[K  no known conversion for argument 1 from ‘[01m[K<unresolved overloaded function type>[m[K’ to ‘[01m[Klong unsigned int[m[K’
[01m[K/usr/include/c++/7/ostream:174:7:[m[K [01;36m[Knote: [m[Kcandidate: std::basic_ostream<_CharT, _Traits>::__ostream_type& std::basic_ostream<_CharT, _Traits>::operator<<(bool) [with _CharT = char; _Traits = std::char_traits<char>; std::basic_ostream<_CharT, _Traits>::__ostream_type = std::basic_ostream<char>]
       [01;36m[Koperator[m[K<<(bool __n)
       [01;36m[K^~~~~~~~[m[K
[01m[K/usr/include/c++/7/ostream:174:7:[m[K [01;36m[Knote: [m[K  no known conversion for argument 1 from ‘[01m[K<unresolved overloaded function type>[m[K’ to ‘[01m[Kbool[m[K’
In file included from [01m[K/usr/include/c++/7/ostream:693:0[m[K,
                 from [01m[K/usr/include/c++/7/istream:39[m[K,
                 from [01m[K/usr/include/c++/7/sstream:38[m[K,
                 from [01m[K/home/me/progetto_labiagi/src/ped/src/utils.h:1[m[K,
                 from [01m[K/home/me/progetto_labiagi/src/ped/src/ped_server.cpp:1[m[K:
[01m[K/usr/include/c++/7/bits/ostream.tcc:91:5:[m[K [01;36m[Knote: [m[Kcandidate: std::basic_ostream<_CharT, _Traits>& std::basic_ostream<_CharT, _Traits>::operator<<(short int) [with _CharT = char; _Traits = std::char_traits<char>]
     [01;36m[Kbasic_ostream<_CharT, _Traits>[m[K::
     [01;36m[K^~~~~~~~~~~~~~~~~~~~~~~~~~~~~~[m[K
[01m[K/usr/include/c++/7/bits/ostream.tcc:91:5:[m[K [01;36m[Knote: [m[K  no known conversion for argument 1 from ‘[01m[K<unresolved overloaded function type>[m[K’ to ‘[01m[Kshort int[m[K’
In file included from [01m[K/usr/include/c++/7/istream:39:0[m[K,
                 from [01m[K/usr/include/c++/7/sstream:38[m[K,
                 from [01m[K/home/me/progetto_labiagi/src/ped/src/utils.h:1[m[K,
                 from [01m[K/home/me/progetto_labiagi/src/ped/src/ped_server.cpp:1[m[K:
[01m[K/usr/include/c++/7/ostream:181:7:[m[K [01;36m[Knote: [m[Kcandidate: std::basic_ostream<_CharT, _Traits>::__ostream_type& std::basic_ostream<_CharT, _Traits>::operator<<(short unsigned int) [with _CharT = char; _Traits = std::char_traits<char>; std::basic_ostream<_CharT, _Traits>::__ostream_type = std::basic_ostream<char>]
       [01;36m[Koperator[m[K<<(unsigned short __n)
       [01;36m[K^~~~~~~~[m[K
[01m[K/usr/include/c++/7/ostream:181:7:[m[K [01;36m[Knote: [m[K  no known conversion for argument 1 from ‘[01m[K<unresolved overloaded function type>[m[K’ to ‘[01m[Kshort unsigned int[m[K’
In file included from [01m[K/usr/include/c++/7/ostream:693:0[m[K,
                 from [01m[K/usr/include/c++/7/istream:39[m[K,
                 from [01m[K/usr/include/c++/7/sstream:38[m[K,
                 from [01m[K/home/me/progetto_labiagi/src/ped/src/utils.h:1[m[K,
                 from [01m[K/home/me/progetto_labiagi/src/ped/src/ped_server.cpp:1[m[K:
[01m[K/usr/include/c++/7/bits/ostream.tcc:105:5:[m[K [01;36m[Knote: [m[Kcandidate: std::basic_ostream<_CharT, _Traits>& std::basic_ostream<_CharT, _Traits>::operator<<(int) [with _CharT = char; _Traits = std::char_traits<char>]
     [01;36m[Kbasic_ostream<_CharT, _Traits>[m[K::
     [01;36m[K^~~~~~~~~~~~~~~~~~~~~~~~~~~~~~[m[K
[01m[K/usr/include/c++/7/bits/ostream.tcc:105:5:[m[K [01;36m[Knote: [m[K  no known conversion for argument 1 from ‘[01m[K<unresolved overloaded function type>[m[K’ to ‘[01m[Kint[m[K’
In file included from [01m[K/usr/include/c++/7/istream:39:0[m[K,
                 from [01m[K/usr/include/c++/7/sstream:38[m[K,
                 from [01m[K/home/me/progetto_labiagi/src/ped/src/utils.h:1[m[K,
                 from [01m[K/home/me/progetto_labiagi/src/ped/src/ped_server.cpp:1[m[K:
[01m[K/usr/include/c++/7/ostream:192:7:[m[K [01;36m[Knote: [m[Kcandidate: std::basic_ostream<_CharT, _Traits>::__ostream_type& std::basic_ostream<_CharT, _Traits>::operator<<(unsigned int) [with _CharT = char; _Traits = std::char_traits<char>; std::basic_ostream<_CharT, _Traits>::__ostream_type = std::basic_ostream<char>]
       [01;36m[Koperator[m[K<<(unsigned int __n)
       [01;36m[K^~~~~~~~[m[K
[01m[K/usr/include/c++/7/ostream:192:7:[m[K [01;36m[Knote: [m[K  no known conversion for argument 1 from ‘[01m[K<unresolved overloaded function type>[m[K’ to ‘[01m[Kunsigned int[m[K’
[01m[K/usr/include/c++/7/ostream:201:7:[m[K [01;36m[Knote: [m[Kcandidate: std::basic_ostream<_CharT, _Traits>::__ostream_type& std::basic_ostream<_CharT, _Traits>::operator<<(long long int) [with _CharT = char; _Traits = std::char_traits<char>; std::basic_ostream<_CharT, _Traits>::__ostream_type = std::basic_ostream<char>]
       [01;36m[Koperator[m[K<<(long long __n)
       [01;36m[K^~~~~~~~[m[K
[01m[K/usr/include/c++/7/ostream:201:7:[m[K [01;36m[Knote: [m[K  no known conversion for argument 1 from ‘[01m[K<unresolved overloaded function type>[m[K’ to ‘[01m[Klong long int[m[K’
[01m[K/usr/include/c++/7/ostream:205:7:[m[K [01;36m[Knote: [m[Kcandidate: std::basic_ostream<_CharT, _Traits>::__ostream_type& std::basic_ostream<_CharT, _Traits>::operator<<(long long unsigned int) [with _CharT = char; _Traits = std::char_traits<char>; std::basic_ostream<_CharT, _Traits>::__ostream_type = std::basic_ostream<char>]
       [01;36m[Koperator[m[K<<(unsigned long long __n)
       [01;36m[K^~~~~~~~[m[K
[01m[K/usr/include/c++/7/ostream:205:7:[m[K [01;36m[Knote: [m[K  no known conversion for argument 1 from ‘[01m[K<unresolved overloaded function type>[m[K’ to ‘[01m[Klong long unsigned int[m[K’
[01m[K/usr/include/c++/7/ostream:220:7:[m[K [01;36m[Knote: [m[Kcandidate: std::basic_ostream<_CharT, _Traits>::__ostream_type& std::basic_ostream<_CharT, _Traits>::operator<<(double) [with _CharT = char; _Traits = std::char_traits<char>; std::basic_ostream<_CharT, _Traits>::__ostream_type = std::basic_ostream<char>]
       [01;36m[Koperator[m[K<<(double __f)
       [01;36m[K^~~~~~~~[m[K
[01m[K/usr/include/c++/7/ostream:220:7:[m[K [01;36m[Knote: [m[K  no known conversion for argument 1 from ‘[01m[K<unresolved overloaded function type>[m[K’ to ‘[01m[Kdouble[m[K’
[01m[K/usr/include/c++/7/ostream:224:7:[m[K [01;36m[Knote: [m[Kcandidate: std::basic_ostream<_CharT, _Traits>::__ostream_type& std::basic_ostream<_CharT, _Traits>::operator<<(float) [with _CharT = char; _Traits = std::char_traits<char>; std::basic_ostream<_CharT, _Traits>::__ostream_type = std::basic_ostream<char>]
       [01;36m[Koperator[m[K<<(float __f)
       [01;36m[K^~~~~~~~[m[K
[01m[K/usr/include/c++/7/ostream:224:7:[m[K [01;36m[Knote: [m[K  no known conversion for argument 1 from ‘[01m[K<unresolved overloaded function type>[m[K’ to ‘[01m[Kfloat[m[K’
[01m[K/usr/include/c++/7/ostream:232:7:[m[K [01;36m[Knote: [m[Kcandidate: std::basic_ostream<_CharT, _Traits>::__ostream_type& std::basic_ostream<_CharT, _Traits>::operator<<(long double) [with _CharT = char; _Traits = std::char_traits<char>; std::basic_ostream<_CharT, _Traits>::__ostream_type = std::basic_ostream<char>]
       [01;36m[Koperator[m[K<<(long double __f)
       [01;36m[K^~~~~~~~[m[K
[01m[K/usr/include/c++/7/ostream:232:7:[m[K [01;36m[Knote: [m[K  no known conversion for argument 1 from ‘[01m[K<unresolved overloaded function type>[m[K’ to ‘[01m[Klong double[m[K’
[01m[K/usr/include/c++/7/ostream:245:7:[m[K [01;36m[Knote: [m[Kcandidate: std::basic_ostream<_CharT, _Traits>::__ostream_type& std::basic_ostream<_CharT, _Traits>::operator<<(const void*) [with _CharT = char; _Traits = std::char_traits<char>; std::basic_ostream<_CharT, _Traits>::__ostream_type = std::basic_ostream<char>]
       [01;36m[Koperator[m[K<<(const void* __p)
       [01;36m[K^~~~~~~~[m[K
[01m[K/usr/include/c++/7/ostream:245:7:[m[K [01;36m[Knote: [m[K  no known conversion for argument 1 from ‘[01m[K<unresolved overloaded function type>[m[K’ to ‘[01m[Kconst void*[m[K’
In file included from [01m[K/usr/include/c++/7/ostream:693:0[m[K,
                 from [01m[K/usr/include/c++/7/istream:39[m[K,
                 from [01m[K/usr/include/c++/7/sstream:38[m[K,
                 from [01m[K/home/me/progetto_labiagi/src/ped/src/utils.h:1[m[K,
                 from [01m[K/home/me/progetto_labiagi/src/ped/src/ped_server.cpp:1[m[K:
[01m[K/usr/include/c++/7/bits/ostream.tcc:119:5:[m[K [01;36m[Knote: [m[Kcandidate: std::basic_ostream<_CharT, _Traits>& std::basic_ostream<_CharT, _Traits>::operator<<(std::basic_ostream<_CharT, _Traits>::__streambuf_type*) [with _CharT = char; _Traits = std::char_traits<char>; std::basic_ostream<_CharT, _Traits>::__streambuf_type = std::basic_streambuf<char>]
     [01;36m[Kbasic_ostream<_CharT, _Traits>[m[K::
     [01;36m[K^~~~~~~~~~~~~~~~~~~~~~~~~~~~~~[m[K
[01m[K/usr/include/c++/7/bits/ostream.tcc:119:5:[m[K [01;36m[Knote: [m[K  no known conversion for argument 1 from ‘[01m[K<unresolved overloaded function type>[m[K’ to ‘[01m[Kstd::basic_ostream<char>::__streambuf_type* {aka std::basic_streambuf<char>*}[m[K’
In file included from [01m[K/opt/ros/melodic/include/ros/node_handle.h:52:0[m[K,
                 from [01m[K/opt/ros/melodic/include/ros/ros.h:45[m[K,
                 from [01m[K/home/me/progetto_labiagi/src/ped/src/utils.h:2[m[K,
                 from [01m[K/home/me/progetto_labiagi/src/ped/src/ped_server.cpp:1[m[K:
[01m[K/opt/ros/melodic/include/xmlrpcpp/XmlRpcValue.h:207:29:[m[K [01;36m[Knote: [m[Kcandidate: std::ostream& operator<<(std::ostream&, const XmlRpc::XmlRpcValue&)
 XMLRPCPP_DECL std::ostream& [01;36m[Koperator[m[K<<(std::ostream& os, const XmlRpc::XmlRpcValue& v);
                             [01;36m[K^~~~~~~~[m[K
[01m[K/opt/ros/melodic/include/xmlrpcpp/XmlRpcValue.h:207:29:[m[K [01;36m[Knote: [m[K  no known conversion for argument 2 from ‘[01m[K<unresolved overloaded function type>[m[K’ to ‘[01m[Kconst XmlRpc::XmlRpcValue&[m[K’
In file included from [01m[K/usr/include/c++/7/regex:62:0[m[K,
                 from [01m[K/usr/include/x86_64-linux-gnu/c++/7/bits/stdc++.h:110[m[K,
                 from [01m[K/home/me/progetto_labiagi/src/ped/src/ped_server.cpp:6[m[K:
[01m[K/usr/include/c++/7/bits/regex.h:1525:5:[m[K [01;36m[Knote: [m[Kcandidate: template<class _Ch_type, class _Ch_traits, class _Bi_iter> std::basic_ostream<_CharT, _Traits>& std::__cxx11::operator<<(std::basic_ostream<_CharT, _Traits>&, const std::__cxx11::sub_match<_Bi_iter>&)
     [01;36m[Koperator[m[K<<(basic_ostream<_Ch_type, _Ch_traits>& __os,
     [01;36m[K^~~~~~~~[m[K
[01m[K/usr/include/c++/7/bits/regex.h:1525:5:[m[K [01;36m[Knote: [m[K  template argument deduction/substitution failed:
[01m[K/home/me/progetto_labiagi/src/ped/src/ped_server.cpp:42:36:[m[K [01;36m[Knote: [m[K  couldn't deduce template parameter ‘[01m[K_Bi_iter[m[K’
    cout << k.name << " " << k.n << [01;36m[Kend[m[K
                                    [01;36m[K^~~[m[K
In file included from [01m[K/usr/include/c++/7/random:51:0[m[K,
                 from [01m[K/usr/include/x86_64-linux-gnu/c++/7/bits/stdc++.h:108[m[K,
                 from [01m[K/home/me/progetto_labiagi/src/ped/src/ped_server.cpp:6[m[K:
[01m[K/usr/include/c++/7/bits/random.tcc:3160:5:[m[K [01;36m[Knote: [m[Kcandidate: template<class _RealType, class _CharT, class _Traits> std::basic_ostream<_CharT, _Traits>& std::operator<<(std::basic_ostream<_CharT, _Traits>&, const std::piecewise_linear_distribution<_RealType>&)
     [01;36m[Koperator[m[K<<(std::basic_ostream<_CharT, _Traits>& __os,
     [01;36m[K^~~~~~~~[m[K
[01m[K/usr/include/c++/7/bits/random.tcc:3160:5:[m[K [01;36m[Knote: [m[K  template argument deduction/substitution failed:
[01m[K/home/me/progetto_labiagi/src/ped/src/ped_server.cpp:42:36:[m[K [01;36m[Knote: [m[K  couldn't deduce template parameter ‘[01m[K_RealType[m[K’
    cout << k.name << " " << k.n << [01;36m[Kend[m[K
                                    [01;36m[K^~~[m[K
In file included from [01m[K/usr/include/c++/7/random:51:0[m[K,
                 from [01m[K/usr/include/x86_64-linux-gnu/c++/7/bits/stdc++.h:108[m[K,
                 from [01m[K/home/me/progetto_labiagi/src/ped/src/ped_server.cpp:6[m[K:
[01m[K/usr/include/c++/7/bits/random.tcc:2944:5:[m[K [01;36m[Knote: [m[Kcandidate: template<class _RealType, class _CharT, class _Traits> std::basic_ostream<_CharT, _Traits>& std::operator<<(std::basic_ostream<_CharT, _Traits>&, const std::piecewise_constant_distribution<_RealType>&)
     [01;36m[Koperator[m[K<<(std::basic_ostream<_CharT, _Traits>& __os,
     [01;36m[K^~~~~~~~[m[K
[01m[K/usr/include/c++/7/bits/random.tcc:2944:5:[m[K [01;36m[Knote: [m[K  template argument deduction/substitution failed:
[01m[K/home/me/progetto_labiagi/src/ped/src/ped_server.cpp:42:36:[m[K [01;36m[Knote: [m[K  couldn't deduce template parameter ‘[01m[K_RealType[m[K’
    cout << k.name << " " << k.n << [01;36m[Kend[m[K
                                    [01;36m[K^~~[m[K
In file included from [01m[K/usr/include/c++/7/random:51:0[m[K,
                 from [01m[K/usr/include/x86_64-linux-gnu/c++/7/bits/stdc++.h:108[m[K,
                 from [01m[K/home/me/progetto_labiagi/src/ped/src/ped_server.cpp:6[m[K:
[01m[K/usr/include/c++/7/bits/random.tcc:2734:5:[m[K [01;36m[Knote: [m[Kcandidate: template<class _IntType, class _CharT, class _Traits> std::basic_ostream<_CharT, _Traits>& std::operator<<(std::basic_ostream<_CharT, _Traits>&, const std::discrete_distribution<_IntType>&)
     [01;36m[Koperator[m[K<<(std::basic_ostream<_CharT, _Traits>& __os,
     [01;36m[K^~~~~~~~[m[K
[01m[K/usr/include/c++/7/bits/random.tcc:2734:5:[m[K [01;36m[Knote: [m[K  template argument deduction/substitution failed:
[01m[K/home/me/progetto_labiagi/src/ped/src/ped_server.cpp:42:36:[m[K [01;36m[Knote: [m[K  couldn't deduce template parameter ‘[01m[K_IntType[m[K’
    cout << k.name << " " << k.n << [01;36m[Kend[m[K
                                    [01;36m[K^~~[m[K
In file included from [01m[K/usr/include/c++/7/random:51:0[m[K,
                 from [01m[K/usr/include/x86_64-linux-gnu/c++/7/bits/stdc++.h:108[m[K,
                 from [01m[K/home/me/progetto_labiagi/src/ped/src/ped_server.cpp:6[m[K:
[01m[K/usr/include/c++/7/bits/random.tcc:2275:5:[m[K [01;36m[Knote: [m[Kcandidate: template<class _RealType, class _CharT, class _Traits> std::basic_ostream<_CharT, _Traits>& std::operator<<(std::basic_ostream<_CharT, _Traits>&, const std::student_t_distribution<_RealType>&)
     [01;36m[Koperator[m[K<<(std::basic_ostream<_CharT, _Traits>& __os,
     [01;36m[K^~~~~~~~[m[K
[01m[K/usr/include/c++/7/bits/random.tcc:2275:5:[m[K [01;36m[Knote: [m[K  template argument deduction/substitution failed:
[01m[K/home/me/progetto_labiagi/src/ped/src/ped_server.cpp:42:36:[m[K [01;36m[Knote: [m[K  couldn't deduce template parameter ‘[01m[K_RealType[m[K’
    cout << k.name << " " << k.n << [01;36m[Kend[m[K
                                    [01;36m[K^~~[m[K
In file included from [01m[K/usr/include/c++/7/random:51:0[m[K,
                 from [01m[K/usr/include/x86_64-linux-gnu/c++/7/bits/stdc++.h:108[m[K,
                 from [01m[K/home/me/progetto_labiagi/src/ped/src/ped_server.cpp:6[m[K:
[01m[K/usr/include/c++/7/bits/random.tcc:2200:5:[m[K [01;36m[Knote: [m[Kcandidate: template<class _RealType, class _CharT, class _Traits> std::basic_ostream<_CharT, _Traits>& std::operator<<(std::basic_ostream<_CharT, _Traits>&, const std::fisher_f_distribution<_RealType>&)
     [01;36m[Koperator[m[K<<(std::basic_ostream<_CharT, _Traits>& __os,
     [01;36m[K^~~~~~~~[m[K
[01m[K/usr/include/c++/7/bits/random.tcc:2200:5:[m[K [01;36m[Knote: [m[K  template argument deduction/substitution failed:
[01m[K/home/me/progetto_labiagi/src/ped/src/ped_server.cpp:42:36:[m[K [01;36m[Knote: [m[K  couldn't deduce template parameter ‘[01m[K_RealType[m[K’
    cout << k.name << " " << k.n << [01;36m[Kend[m[K
                                    [01;36m[K^~~[m[K
In file included from [01m[K/usr/include/c++/7/random:51:0[m[K,
                 from [01m[K/usr/include/x86_64-linux-gnu/c++/7/bits/stdc++.h:108[m[K,
                 from [01m[K/home/me/progetto_labiagi/src/ped/src/ped_server.cpp:6[m[K:
[01m[K/usr/include/c++/7/bits/random.tcc:2036:5:[m[K [01;36m[Knote: [m[Kcandidate: template<class _RealType, class _CharT, class _Traits> std::basic_ostream<_CharT, _Traits>& std::operator<<(std::basic_ostream<_CharT, _Traits>&, const std::chi_squared_distribution<_RealType>&)
     [01;36m[Koperator[m[K<<(std::basic_ostream<_CharT, _Traits>& __os,
     [01;36m[K^~~~~~~~[m[K
[01m[K/usr/include/c++/7/bits/random.tcc:2036:5:[m[K [01;36m[Knote: [m[K  template argument deduction/substitution failed:
[01m[K/home/me/progetto_labiagi/src/ped/src/ped_server.cpp:42:36:[m[K [01;36m[Knote: [m[K  couldn't deduce template parameter ‘[01m[K_RealType[m[K’
    cout << k.name << " " << k.n << [01;36m[Kend[m[K
                                    [01;36m[K^~~[m[K
In file included from [01m[K/usr/include/c++/7/random:51:0[m[K,
                 from [01m[K/usr/include/x86_64-linux-gnu/c++/7/bits/stdc++.h:108[m[K,
                 from [01m[K/home/me/progetto_labiagi/src/ped/src/ped_server.cpp:6[m[K:
[01m[K/usr/include/c++/7/bits/random.tcc:1963:5:[m[K [01;36m[Knote: [m[Kcandidate: template<class _RealType, class _CharT, class _Traits> std::basic_ostream<_CharT, _Traits>& std::operator<<(std::basic_ostream<_CharT, _Traits>&, const std::lognormal_distribution<_RealType>&)
     [01;36m[Koperator[m[K<<(std::basic_ostream<_CharT, _Traits>& __os,
     [01;36m[K^~~~~~~~[m[K
[01m[K/usr/include/c++/7/bits/random.tcc:1963:5:[m[K [01;36m[Knote: [m[K  template argument deduction/substitution failed:
[01m[K/home/me/progetto_labiagi/src/ped/src/ped_server.cpp:42:36:[m[K [01;36m[Knote: [m[K  couldn't deduce template parameter ‘[01m[K_RealType[m[K’
    cout << k.name << " " << k.n << [01;36m[Kend[m[K
                                    [01;36m[K^~~[m[K
In file included from [01m[K/usr/include/c++/7/random:51:0[m[K,
                 from [01m[K/usr/include/x86_64-linux-gnu/c++/7/bits/stdc++.h:108[m[K,
                 from [01m[K/home/me/progetto_labiagi/src/ped/src/ped_server.cpp:6[m[K:
[01m[K/usr/include/c++/7/bits/random.tcc:1667:5:[m[K [01;36m[Knote: [m[Kcandidate: template<class _IntType, class _CharT, class _Traits> std::basic_ostream<_CharT, _Traits>& std::operator<<(std::basic_ostream<_CharT, _Traits>&, const std::binomial_distribution<_IntType>&)
     [01;36m[Koperator[m[K<<(std::basic_ostream<_CharT, _Traits>& __os,
     [01;36m[K^~~~~~~~[m[K
[01m[K/usr/include/c++/7/bits/random.tcc:1667:5:[m[K [01;36m[Knote: [m[K  template argument deduction/substitution failed:
[01m[K/home/me/progetto_labiagi/src/ped/src/ped_server.cpp:42:36:[m[K [01;36m[Knote: [m[K  couldn't deduce template parameter ‘[01m[K_IntType[m[K’
    cout << k.name << " " << k.n << [01;36m[Kend[m[K
                                    [01;36m[K^~~[m[K
In file included from [01m[K/usr/include/c++/7/random:51:0[m[K,
                 from [01m[K/usr/include/x86_64-linux-gnu/c++/7/bits/stdc++.h:108[m[K,
                 from [01m[K/home/me/progetto_labiagi/src/ped/src/ped_server.cpp:6[m[K:
[01m[K/usr/include/c++/7/bits/random.tcc:1400:5:[m[K [01;36m[Knote: [m[Kcandidate: template<class _IntType, class _CharT, class _Traits> std::basic_ostream<_CharT, _Traits>& std::operator<<(std::basic_ostream<_CharT, _Traits>&, const std::poisson_distribution<_IntType>&)
     [01;36m[Koperator[m[K<<(std::basic_ostream<_CharT, _Traits>& __os,
     [01;36m[K^~~~~~~~[m[K
[01m[K/usr/include/c++/7/bits/random.tcc:1400:5:[m[K [01;36m[Knote: [m[K  template argument deduction/substitution failed:
[01m[K/home/me/progetto_labiagi/src/ped/src/ped_server.cpp:42:36:[m[K [01;36m[Knote: [m[K  couldn't deduce template parameter ‘[01m[K_IntType[m[K’
    cout << k.name << " " << k.n << [01;36m[Kend[m[K
                                    [01;36m[K^~~[m[K
In file included from [01m[K/usr/include/c++/7/random:51:0[m[K,
                 from [01m[K/usr/include/x86_64-linux-gnu/c++/7/bits/stdc++.h:108[m[K,
                 from [01m[K/home/me/progetto_labiagi/src/ped/src/ped_server.cpp:6[m[K:
[01m[K/usr/include/c++/7/bits/random.tcc:1195:5:[m[K [01;36m[Knote: [m[Kcandidate: template<class _IntType, class _CharT, class _Traits> std::basic_ostream<_CharT, _Traits>& std::operator<<(std::basic_ostream<_CharT, _Traits>&, const std::negative_binomial_distribution<_IntType>&)
     [01;36m[Koperator[m[K<<(std::basic_ostream<_CharT, _Traits>& __os,
     [01;36m[K^~~~~~~~[m[K
[01m[K/usr/include/c++/7/bits/random.tcc:1195:5:[m[K [01;36m[Knote: [m[K  template argument deduction/substitution failed:
[01m[K/home/me/progetto_labiagi/src/ped/src/ped_server.cpp:42:36:[m[K [01;36m[Knote: [m[K  couldn't deduce template parameter ‘[01m[K_IntType[m[K’
    cout << k.name << " " << k.n << [01;36m[Kend[m[K
                                    [01;36m[K^~~[m[K
In file included from [01m[K/usr/include/c++/7/random:51:0[m[K,
                 from [01m[K/usr/include/x86_64-linux-gnu/c++/7/bits/stdc++.h:108[m[K,
                 from [01m[K/home/me/progetto_labiagi/src/ped/src/ped_server.cpp:6[m[K:
[01m[K/usr/include/c++/7/bits/random.tcc:831:5:[m[K [01;36m[Knote: [m[Kcandidate: template<class _RandomNumberEngine, long unsigned int __k, class _CharT, class _Traits> std::basic_ostream<_CharT, _Traits>& std::operator<<(std::basic_ostream<_CharT, _Traits>&, const std::shuffle_order_engine<_RandomNumberEngine, __k>&)
     [01;36m[Koperator[m[K<<(std::basic_ostream<_CharT, _Traits>& __os,
     [01;36m[K^~~~~~~~[m[K
[01m[K/usr/include/c++/7/bits/random.tcc:831:5:[m[K [01;36m[Knote: [m[K  template argument deduction/substitution failed:
[01m[K/home/me/progetto_labiagi/src/ped/src/ped_server.cpp:42:36:[m[K [01;36m[Knote: [m[K  couldn't deduce template parameter ‘[01m[K_RandomNumberEngine[m[K’
    cout << k.name << " " << k.n << [01;36m[Kend[m[K
                                    [01;36m[K^~~[m[K
In file included from [01m[K/usr/include/c++/7/random:51:0[m[K,
                 from [01m[K/usr/include/x86_64-linux-gnu/c++/7/bits/stdc++.h:108[m[K,
                 from [01m[K/home/me/progetto_labiagi/src/ped/src/ped_server.cpp:6[m[K:
[01m[K/usr/include/c++/7/bits/random.tcc:702:5:[m[K [01;36m[Knote: [m[Kcandidate: template<class _RandomNumberEngine, long unsigned int __p, long unsigned int __r, class _CharT, class _Traits> std::basic_ostream<_CharT, _Traits>& std::operator<<(std::basic_ostream<_CharT, _Traits>&, const std::discard_block_engine<_RandomNumberEngine, __p, __r>&)
     [01;36m[Koperator[m[K<<(std::basic_ostream<_CharT, _Traits>& __os,
     [01;36m[K^~~~~~~~[m[K
[01m[K/usr/include/c++/7/bits/random.tcc:702:5:[m[K [01;36m[Knote: [m[K  template argument deduction/substitution failed:
[01m[K/home/me/progetto_labiagi/src/ped/src/ped_server.cpp:42:36:[m[K [01;36m[Knote: [m[K  couldn't deduce template parameter ‘[01m[K_RandomNumberEngine[m[K’
    cout << k.name << " " << k.n << [01;36m[Kend[m[K
                                    [01;36m[K^~~[m[K
In file included from [01m[K/usr/include/c++/7/random:51:0[m[K,
                 from [01m[K/usr/include/x86_64-linux-gnu/c++/7/bits/stdc++.h:108[m[K,
                 from [01m[K/home/me/progetto_labiagi/src/ped/src/ped_server.cpp:6[m[K:
[01m[K/usr/include/c++/7/bits/random.tcc:632:5:[m[K [01;36m[Knote: [m[Kcandidate: template<class _UIntType, long unsigned int __w, long unsigned int __s, long unsigned int __r, class _CharT, class _Traits> std::basic_ostream<_CharT, _Traits>& std::operator<<(std::basic_ostream<_CharT, _Traits>&, const std::subtract_with_carry_engine<_UIntType, __w, __s, __r>&)
     [01;36m[Koperator[m[K<<(std::basic_ostream<_CharT, _Traits>& __os,
     [01;36m[K^~~~~~~~[m[K
[01m[K/usr/include/c++/7/bits/random.tcc:632:5:[m[K [01;36m[Knote: [m[K  template argument deduction/substitution failed:
[01m[K/home/me/progetto_labiagi/src/ped/src/ped_server.cpp:42:36:[m[K [01;36m[Knote: [m[K  couldn't deduce template parameter ‘[01m[K_UIntType[m[K’
    cout << k.name << " " << k.n << [01;36m[Kend[m[K
                                    [01;36m[K^~~[m[K
In file included from [01m[K/usr/include/c++/7/random:51:0[m[K,
                 from [01m[K/usr/include/x86_64-linux-gnu/c++/7/bits/stdc++.h:108[m[K,
                 from [01m[K/home/me/progetto_labiagi/src/ped/src/ped_server.cpp:6[m[K:
[01m[K/usr/include/c++/7/bits/random.tcc:156:5:[m[K [01;36m[Knote: [m[Kcandidate: template<class _UIntType, _UIntType __a, _UIntType __c, _UIntType __m, class _CharT, class _Traits> std::basic_ostream<_CharT, _Traits>& std::operator<<(std::basic_ostream<_CharT, _Traits>&, const std::linear_congruential_engine<_UIntType, __a, __c, __m>&)
     [01;36m[Koperator[m[K<<(std::basic_ostream<_CharT, _Traits>& __os,
     [01;36m[K^~~~~~~~[m[K
[01m[K/usr/include/c++/7/bits/random.tcc:156:5:[m[K [01;36m[Knote: [m[K  template argument deduction/substitution failed:
[01m[K/home/me/progetto_labiagi/src/ped/src/ped_server.cpp:42:36:[m[K [01;36m[Knote: [m[K  couldn't deduce template parameter ‘[01m[K_UIntType[m[K’
    cout << k.name << " " << k.n << [01;36m[Kend[m[K
                                    [01;36m[K^~~[m[K
In file included from [01m[K/usr/include/c++/7/random:51:0[m[K,
                 from [01m[K/usr/include/x86_64-linux-gnu/c++/7/bits/stdc++.h:108[m[K,
                 from [01m[K/home/me/progetto_labiagi/src/ped/src/ped_server.cpp:6[m[K:
[01m[K/usr/include/c++/7/bits/random.tcc:2598:5:[m[K [01;36m[Knote: [m[Kcandidate: template<class _RealType, class _CharT, class _Traits> std::basic_ostream<_CharT, _Traits>& std::operator<<(std::basic_ostream<_CharT, _Traits>&, const std::extreme_value_distribution<_RealType>&)
     [01;36m[Koperator[m[K<<(std::basic_ostream<_CharT, _Traits>& __os,
     [01;36m[K^~~~~~~~[m[K
[01m[K/usr/include/c++/7/bits/random.tcc:2598:5:[m[K [01;36m[Knote: [m[K  template argument deduction/substitution failed:
[01m[K/home/me/progetto_labiagi/src/ped/src/ped_server.cpp:42:36:[m[K [01;36m[Knote: [m[K  couldn't deduce template parameter ‘[01m[K_RealType[m[K’
    cout << k.name << " " << k.n << [01;36m[Kend[m[K
                                    [01;36m[K^~~[m[K
In file included from [01m[K/usr/include/c++/7/random:51:0[m[K,
                 from [01m[K/usr/include/x86_64-linux-gnu/c++/7/bits/stdc++.h:108[m[K,
                 from [01m[K/home/me/progetto_labiagi/src/ped/src/ped_server.cpp:6[m[K:
[01m[K/usr/include/c++/7/bits/random.tcc:2522:5:[m[K [01;36m[Knote: [m[Kcandidate: template<class _RealType, class _CharT, class _Traits> std::basic_ostream<_CharT, _Traits>& std::operator<<(std::basic_ostream<_CharT, _Traits>&, const std::weibull_distribution<_RealType>&)
     [01;36m[Koperator[m[K<<(std::basic_ostream<_CharT, _Traits>& __os,
     [01;36m[K^~~~~~~~[m[K
[01m[K/usr/include/c++/7/bits/random.tcc:2522:5:[m[K [01;36m[Knote: [m[K  template argument deduction/substitution failed:
[01m[K/home/me/progetto_labiagi/src/ped/src/ped_server.cpp:42:36:[m[K [01;36m[Knote: [m[K  couldn't deduce template parameter ‘[01m[K_RealType[m[K’
    cout << k.name << " " << k.n << [01;36m[Kend[m[K
                                    [01;36m[K^~~[m[K
In file included from [01m[K/usr/include/c++/7/random:51:0[m[K,
                 from [01m[K/usr/include/x86_64-linux-gnu/c++/7/bits/stdc++.h:108[m[K,
                 from [01m[K/home/me/progetto_labiagi/src/ped/src/ped_server.cpp:6[m[K:
[01m[K/usr/include/c++/7/bits/random.tcc:1731:5:[m[K [01;36m[Knote: [m[Kcandidate: template<class _RealType, class _CharT, class _Traits> std::basic_ostream<_CharT, _Traits>& std::operator<<(std::basic_ostream<_CharT, _Traits>&, const std::exponential_distribution<_RealType>&)
     [01;36m[Koperator[m[K<<(std::basic_ostream<_CharT, _Traits>& __os,
     [01;36m[K^~~~~~~~[m[K
[01m[K/usr/include/c++/7/bits/random.tcc:1731:5:[m[K [01;36m[Knote: [m[K  template argument deduction/substitution failed:
[01m[K/home/me/progetto_labiagi/src/ped/src/ped_server.cpp:42:36:[m[K [01;36m[Knote: [m[K  couldn't deduce template parameter ‘[01m[K_RealType[m[K’
    cout << k.name << " " << k.n << [01;36m[Kend[m[K
                                    [01;36m[K^~~[m[K
In file included from [01m[K/usr/include/c++/7/random:51:0[m[K,
                 from [01m[K/usr/include/x86_64-linux-gnu/c++/7/bits/stdc++.h:108[m[K,
                 from [01m[K/home/me/progetto_labiagi/src/ped/src/ped_server.cpp:6[m[K:
[01m[K/usr/include/c++/7/bits/random.tcc:2444:5:[m[K [01;36m[Knote: [m[Kcandidate: template<class _RealType1, class _CharT, class _Traits> std::basic_ostream<_CharT, _Traits>& std::operator<<(std::basic_ostream<_CharT, _Traits>&, const std::gamma_distribution<_RealType>&)
     [01;36m[Koperator[m[K<<(std::basic_ostream<_CharT, _Traits>& __os,
     [01;36m[K^~~~~~~~[m[K
[01m[K/usr/include/c++/7/bits/random.tcc:2444:5:[m[K [01;36m[Knote: [m[K  template argument deduction/substitution failed:
[01m[K/home/me/progetto_labiagi/src/ped/src/ped_server.cpp:42:36:[m[K [01;36m[Knote: [m[K  couldn't deduce template parameter ‘[01m[K_RealType1[m[K’
    cout << k.name << " " << k.n << [01;36m[Kend[m[K
                                    [01;36m[K^~~[m[K
In file included from [01m[K/usr/include/c++/7/random:51:0[m[K,
                 from [01m[K/usr/include/x86_64-linux-gnu/c++/7/bits/stdc++.h:108[m[K,
                 from [01m[K/home/me/progetto_labiagi/src/ped/src/ped_server.cpp:6[m[K:
[01m[K/usr/include/c++/7/bits/random.tcc:1080:5:[m[K [01;36m[Knote: [m[Kcandidate: template<class _IntType, class _CharT, class _Traits> std::basic_ostream<_CharT, _Traits>& std::operator<<(std::basic_ostream<_CharT, _Traits>&, const std::geometric_distribution<_IntType>&)
     [01;36m[Koperator[m[K<<(std::basic_ostream<_CharT, _Traits>& __os,
     [01;36m[K^~~~~~~~[m[K
[01m[K/usr/include/c++/7/bits/random.tcc:1080:5:[m[K [01;36m[Knote: [m[K  template argument deduction/substitution failed:
[01m[K/home/me/progetto_labiagi/src/ped/src/ped_server.cpp:42:36:[m[K [01;36m[Knote: [m[K  couldn't deduce template parameter ‘[01m[K_IntType[m[K’
    cout << k.name << " " << k.n << [01;36m[Kend[m[K
                                    [01;36m[K^~~[m[K
In file included from [01m[K/usr/include/c++/7/random:51:0[m[K,
                 from [01m[K/usr/include/x86_64-linux-gnu/c++/7/bits/stdc++.h:108[m[K,
                 from [01m[K/home/me/progetto_labiagi/src/ped/src/ped_server.cpp:6[m[K:
[01m[K/usr/include/c++/7/bits/random.tcc:1898:5:[m[K [01;36m[Knote: [m[Kcandidate: template<class _RealType1, class _CharT, class _Traits> std::basic_ostream<_CharT, _Traits>& std::operator<<(std::basic_ostream<_CharT, _Traits>&, const std::normal_distribution<_RealType>&)
     [01;36m[Koperator[m[K<<(std::basic_ostream<_CharT, _Traits>& __os,
     [01;36m[K^~~~~~~~[m[K
[01m[K/usr/include/c++/7/bits/random.tcc:1898:5:[m[K [01;36m[Knote: [m[K  template argument deduction/substitution failed:
[01m[K/home/me/progetto_labiagi/src/ped/src/ped_server.cpp:42:36:[m[K [01;36m[Knote: [m[K  couldn't deduce template parameter ‘[01m[K_RealType1[m[K’
    cout << k.name << " " << k.n << [01;36m[Kend[m[K
                                    [01;36m[K^~~[m[K
In file included from [01m[K/usr/include/c++/7/random:51:0[m[K,
                 from [01m[K/usr/include/x86_64-linux-gnu/c++/7/bits/stdc++.h:108[m[K,
                 from [01m[K/home/me/progetto_labiagi/src/ped/src/ped_server.cpp:6[m[K:
[01m[K/usr/include/c++/7/bits/random.tcc:998:5:[m[K [01;36m[Knote: [m[Kcandidate: template<class _CharT, class _Traits> std::basic_ostream<_CharT, _Traits>& std::operator<<(std::basic_ostream<_CharT, _Traits>&, const std::bernoulli_distribution&)
     [01;36m[Koperator[m[K<<(std::basic_ostream<_CharT, _Traits>& __os,
     [01;36m[K^~~~~~~~[m[K
[01m[K/usr/include/c++/7/bits/random.tcc:998:5:[m[K [01;36m[Knote: [m[K  template argument deduction/substitution failed:
[01m[K/home/me/progetto_labiagi/src/ped/src/ped_server.cpp:42:36:[m[K [01;36m[Knote: [m[K  cannot convert ‘[01m[Kstd::end[m[K’ (type ‘[01m[K<unresolved overloaded function type>[m[K’) to type ‘[01m[Kconst std::bernoulli_distribution&[m[K’
    cout << k.name << " " << k.n << [01;36m[Kend[m[K
                                    [01;36m[K^~~[m[K
In file included from [01m[K/usr/include/c++/7/random:51:0[m[K,
                 from [01m[K/usr/include/x86_64-linux-gnu/c++/7/bits/stdc++.h:108[m[K,
                 from [01m[K/home/me/progetto_labiagi/src/ped/src/ped_server.cpp:6[m[K:
[01m[K/usr/include/c++/7/bits/random.tcc:2123:5:[m[K [01;36m[Knote: [m[Kcandidate: template<class _RealType, class _CharT, class _Traits> std::basic_ostream<_CharT, _Traits>& std::operator<<(std::basic_ostream<_CharT, _Traits>&, const std::cauchy_distribution<_RealType>&)
     [01;36m[Koperator[m[K<<(std::basic_ostream<_CharT, _Traits>& __os,
     [01;36m[K^~~~~~~~[m[K
[01m[K/usr/include/c++/7/bits/random.tcc:2123:5:[m[K [01;36m[Knote: [m[K  template argument deduction/substitution failed:
[01m[K/home/me/progetto_labiagi/src/ped/src/ped_server.cpp:42:36:[m[K [01;36m[Knote: [m[K  couldn't deduce template parameter ‘[01m[K_RealType[m[K’
    cout << k.name << " " << k.n << [01;36m[Kend[m[K
                                    [01;36m[K^~~[m[K
In file included from [01m[K/usr/include/c++/7/random:51:0[m[K,
                 from [01m[K/usr/include/x86_64-linux-gnu/c++/7/bits/stdc++.h:108[m[K,
                 from [01m[K/home/me/progetto_labiagi/src/ped/src/ped_server.cpp:6[m[K:
[01m[K/usr/include/c++/7/bits/random.tcc:936:5:[m[K [01;36m[Knote: [m[Kcandidate: template<class _RealType, class _CharT, class _Traits> std::basic_ostream<_CharT, _Traits>& std::operator<<(std::basic_ostream<_CharT, _Traits>&, const std::uniform_real_distribution<_IntType>&)
     [01;36m[Koperator[m[K<<(std::basic_ostream<_CharT, _Traits>& __os,
     [01;36m[K^~~~~~~~[m[K
[01m[K/usr/include/c++/7/bits/random.tcc:936:5:[m[K [01;36m[Knote: [m[K  template argument deduction/substitution failed:
[01m[K/home/me/progetto_labiagi/src/ped/src/ped_server.cpp:42:36:[m[K [01;36m[Knote: [m[K  couldn't deduce template parameter ‘[01m[K_RealType[m[K’
    cout << k.name << " " << k.n << [01;36m[Kend[m[K
                                    [01;36m[K^~~[m[K
In file included from [01m[K/usr/include/c++/7/random:51:0[m[K,
                 from [01m[K/usr/include/x86_64-linux-gnu/c++/7/bits/stdc++.h:108[m[K,
                 from [01m[K/home/me/progetto_labiagi/src/ped/src/ped_server.cpp:6[m[K:
[01m[K/usr/include/c++/7/bits/random.tcc:877:5:[m[K [01;36m[Knote: [m[Kcandidate: template<class _IntType, class _CharT, class _Traits> std::basic_ostream<_CharT, _Traits>& std::operator<<(std::basic_ostream<_CharT, _Traits>&, const std::uniform_int_distribution<_IntType>&)
     [01;36m[Koperator[m[K<<(std::basic_ostream<_CharT, _Traits>& __os,
     [01;36m[K^~~~~~~~[m[K
[01m[K/usr/include/c++/7/bits/random.tcc:877:5:[m[K [01;36m[Knote: [m[K  template argument deduction/substitution failed:
[01m[K/home/me/progetto_labiagi/src/ped/src/ped_server.cpp:42:36:[m[K [01;36m[Knote: [m[K  couldn't deduce template parameter ‘[01m[K_IntType[m[K’
    cout << k.name << " " << k.n << [01;36m[Kend[m[K
                                    [01;36m[K^~~[m[K
In file included from [01m[K/usr/include/c++/7/random:51:0[m[K,
                 from [01m[K/usr/include/x86_64-linux-gnu/c++/7/bits/stdc++.h:108[m[K,
                 from [01m[K/home/me/progetto_labiagi/src/ped/src/ped_server.cpp:6[m[K:
[01m[K/usr/include/c++/7/bits/random.tcc:477:5:[m[K [01;36m[Knote: [m[Kcandidate: template<class _UIntType1, long unsigned int __w1, long unsigned int __n1, long unsigned int __m1, long unsigned int __r1, _UIntType1 __a1, long unsigned int __u1, _UIntType1 __d1, long unsigned int __s1, _UIntType1 __b1, long unsigned int __t1, _UIntType1 __c1, long unsigned int __l1, _UIntType1 __f1, class _CharT, class _Traits> std::basic_ostream<_CharT, _Traits>& std::operator<<(std::basic_ostream<_CharT, _Traits>&, const std::mersenne_twister_engine<_UIntType, __w, __n, __m, __r, __a, __u, __d, __s, __b, __t, __c, __l, __f>&)
     [01;36m[Koperator[m[K<<(std::basic_ostream<_CharT, _Traits>& __os,
     [01;36m[K^~~~~~~~[m[K
[01m[K/usr/include/c++/7/bits/random.tcc:477:5:[m[K [01;36m[Knote: [m[K  template argument deduction/substitution failed:
[01m[K/home/me/progetto_labiagi/src/ped/src/ped_server.cpp:42:36:[m[K [01;36m[Knote: [m[K  couldn't deduce template parameter ‘[01m[K_UIntType1[m[K’
    cout << k.name << " " << k.n << [01;36m[Kend[m[K
                                    [01;36m[K^~~[m[K
In file included from [01m[K/usr/include/c++/7/random:49:0[m[K,
                 from [01m[K/usr/include/x86_64-linux-gnu/c++/7/bits/stdc++.h:108[m[K,
                 from [01m[K/home/me/progetto_labiagi/src/ped/src/ped_server.cpp:6[m[K:
[01m[K/usr/include/c++/7/bits/random.h:1269:5:[m[K [01;36m[Knote: [m[Kcandidate: template<class _RandomNumberEngine, long unsigned int __w, class _UIntType, class _CharT, class _Traits> std::basic_ostream<_CharT, _Traits>& std::operator<<(std::basic_ostream<_CharT, _Traits>&, const std::independent_bits_engine<_RandomNumberEngine, __w, _UIntType>&)
     [01;36m[Koperator[m[K<<(std::basic_ostream<_CharT, _Traits>& __os,
     [01;36m[K^~~~~~~~[m[K
[01m[K/usr/include/c++/7/bits/random.h:1269:5:[m[K [01;36m[Knote: [m[K  template argument deduction/substitution failed:
[01m[K/home/me/progetto_labiagi/src/ped/src/ped_server.cpp:42:36:[m[K [01;36m[Knote: [m[K  couldn't deduce template parameter ‘[01m[K_RandomNumberEngine[m[K’
    cout << k.name << " " << k.n << [01;36m[Kend[m[K
                                    [01;36m[K^~~[m[K
In file included from [01m[K/usr/include/c++/7/future:39:0[m[K,
                 from [01m[K/usr/include/x86_64-linux-gnu/c++/7/bits/stdc++.h:105[m[K,
                 from [01m[K/home/me/progetto_labiagi/src/ped/src/ped_server.cpp:6[m[K:
[01m[K/usr/include/c++/7/thread:313:5:[m[K [01;36m[Knote: [m[Kcandidate: template<class _CharT, class _Traits> std::basic_ostream<_CharT, _Traits>& std::operator<<(std::basic_ostream<_CharT, _Traits>&, std::thread::id)
     [01;36m[Koperator[m[K<<(basic_ostream<_CharT, _Traits>& __out, thread::id __id)
     [01;36m[K^~~~~~~~[m[K
[01m[K/usr/include/c++/7/thread:313:5:[m[K [01;36m[Knote: [m[K  template argument deduction/substitution failed:
[01m[K/home/me/progetto_labiagi/src/ped/src/ped_server.cpp:42:36:[m[K [01;36m[Knote: [m[K  cannot convert ‘[01m[Kstd::end[m[K’ (type ‘[01m[K<unresolved overloaded function type>[m[K’) to type ‘[01m[Kstd::thread::id[m[K’
    cout << k.name << " " << k.n << [01;36m[Kend[m[K
                                    [01;36m[K^~~[m[K
In file included from [01m[K/usr/include/x86_64-linux-gnu/c++/7/bits/stdc++.h:95:0[m[K,
                 from [01m[K/home/me/progetto_labiagi/src/ped/src/ped_server.cpp:6[m[K:
[01m[K/usr/include/c++/7/valarray:1180:1:[m[K [01;36m[Knote: [m[Kcandidate: std::_Expr<std::_BinClos<std::__shift_left, std::_Constant, std::_ValArray, _Tp, _Tp>, typename std::__fun<std::__shift_left, _Tp>::result_type> std::operator<<(const _Tp&, const std::valarray<_Tp>&) [with _Tp = std::basic_ostream<char>; typename std::__fun<std::__shift_left, _Tp>::result_type = std::basic_ostream<char>]
 [01;36m[K_[m[KDEFINE_BINARY_OPERATOR(<<, __shift_left)
 [01;36m[K^[m[K
[01m[K/usr/include/c++/7/valarray:1180:1:[m[K [01;36m[Knote: [m[K  no known conversion for argument 2 from ‘[01m[K<unresolved overloaded function type>[m[K’ to ‘[01m[Kconst std::valarray<std::basic_ostream<char> >&[m[K’
[01m[K/usr/include/c++/7/valarray:1180:1:[m[K [01;36m[Knote: [m[Kcandidate: template<class _Tp> std::_Expr<std::_BinClos<std::__shift_left, std::_ValArray, std::_Constant, _Tp, _Tp>, typename std::__fun<std::__shift_left, _Tp>::result_type> std::operator<<(const std::valarray<_Tp>&, const _Tp&)
 [01;36m[K_[m[KDEFINE_BINARY_OPERATOR(<<, __shift_left)
 [01;36m[K^[m[K
[01m[K/usr/include/c++/7/valarray:1180:1:[m[K [01;36m[Knote: [m[K  template argument deduction/substitution failed:
[01m[K/home/me/progetto_labiagi/src/ped/src/ped_server.cpp:42:36:[m[K [01;36m[Knote: [m[K  ‘[01m[Kstd::basic_ostream<char>[m[K’ is not derived from ‘[01m[Kconst std::valarray<_Tp>[m[K’
    cout << k.name << " " << k.n << [01;36m[Kend[m[K
                                    [01;36m[K^~~[m[K
In file included from [01m[K/usr/include/x86_64-linux-gnu/c++/7/bits/stdc++.h:95:0[m[K,
                 from [01m[K/home/me/progetto_labiagi/src/ped/src/ped_server.cpp:6[m[K:
[01m[K/usr/include/c++/7/valarray:1180:1:[m[K [01;36m[Knote: [m[Kcandidate: template<class _Tp> std::_Expr<std::_BinClos<std::__shift_left, std::_ValArray, std::_ValArray, _Tp, _Tp>, typename std::__fun<std::__shift_left, _Tp>::result_type> std::operator<<(const std::valarray<_Tp>&, const std::valarray<_Tp>&)
 [01;36m[K_[m[KDEFINE_BINARY_OPERATOR(<<, __shift_left)
 [01;36m[K^[m[K
[01m[K/usr/include/c++/7/valarray:1180:1:[m[K [01;36m[Knote: [m[K  template argument deduction/substitution failed:
[01m[K/home/me/progetto_labiagi/src/ped/src/ped_server.cpp:42:36:[m[K [01;36m[Knote: [m[K  ‘[01m[Kstd::basic_ostream<char>[m[K’ is not derived from ‘[01m[Kconst std::valarray<_Tp>[m[K’
    cout << k.name << " " << k.n << [01;36m[Kend[m[K
                                    [01;36m[K^~~[m[K
In file included from [01m[K/usr/include/c++/7/valarray:592:0[m[K,
                 from [01m[K/usr/include/x86_64-linux-gnu/c++/7/bits/stdc++.h:95[m[K,
                 from [01m[K/home/me/progetto_labiagi/src/ped/src/ped_server.cpp:6[m[K:
[01m[K/usr/include/c++/7/bits/valarray_after.h:410:5:[m[K [01;36m[Knote: [m[Kcandidate: template<class _Dom> std::_Expr<std::_BinClos<std::__shift_left, std::_ValArray, std::_Expr, typename _Dom::value_type, _Dom>, typename std::__fun<std::__shift_left, typename _Dom1::value_type>::result_type> std::operator<<(const std::valarray<typename _Dom::value_type>&, const std::_Expr<_Dom1, typename _Dom1::value_type>&)
     [01;36m[K_[m[KDEFINE_EXPR_BINARY_OPERATOR(<<, __shift_left)
     [01;36m[K^[m[K
[01m[K/usr/include/c++/7/bits/valarray_after.h:410:5:[m[K [01;36m[Knote: [m[K  template argument deduction/substitution failed:
[01m[K/home/me/progetto_labiagi/src/ped/src/ped_server.cpp:42:36:[m[K [01;36m[Knote: [m[K  couldn't deduce template parameter ‘[01m[K_Dom[m[K’
    cout << k.name << " " << k.n << [01;36m[Kend[m[K
                                    [01;36m[K^~~[m[K
In file included from [01m[K/usr/include/c++/7/valarray:592:0[m[K,
                 from [01m[K/usr/include/x86_64-linux-gnu/c++/7/bits/stdc++.h:95[m[K,
                 from [01m[K/home/me/progetto_labiagi/src/ped/src/ped_server.cpp:6[m[K:
[01m[K/usr/include/c++/7/bits/valarray_after.h:410:5:[m[K [01;36m[Knote: [m[Kcandidate: template<class _Dom> std::_Expr<std::_BinClos<std::__shift_left, std::_Expr, std::_ValArray, _Dom, typename _Dom::value_type>, typename std::__fun<std::__shift_left, typename _Dom1::value_type>::result_type> std::operator<<(const std::_Expr<_Dom1, typename _Dom1::value_type>&, const std::valarray<typename _Dom::value_type>&)
     [01;36m[K_[m[KDEFINE_EXPR_BINARY_OPERATOR(<<, __shift_left)
     [01;36m[K^[m[K
[01m[K/usr/include/c++/7/bits/valarray_after.h:410:5:[m[K [01;36m[Knote: [m[K  template argument deduction/substitution failed:
[01m[K/home/me/progetto_labiagi/src/ped/src/ped_server.cpp:42:36:[m[K [01;36m[Knote: [m[K  ‘[01m[Kstd::basic_ostream<char>[m[K’ is not derived from ‘[01m[Kconst std::_Expr<_Dom1, typename _Dom1::value_type>[m[K’
    cout << k.name << " " << k.n << [01;36m[Kend[m[K
                                    [01;36m[K^~~[m[K
In file included from [01m[K/usr/include/c++/7/valarray:592:0[m[K,
                 from [01m[K/usr/include/x86_64-linux-gnu/c++/7/bits/stdc++.h:95[m[K,
                 from [01m[K/home/me/progetto_labiagi/src/ped/src/ped_server.cpp:6[m[K:
[01m[K/usr/include/c++/7/bits/valarray_after.h:410:5:[m[K [01;36m[Knote: [m[Kcandidate: template<class _Dom> std::_Expr<std::_BinClos<std::__shift_left, std::_Constant, std::_Expr, typename _Dom::value_type, _Dom>, typename std::__fun<std::__shift_left, typename _Dom1::value_type>::result_type> std::operator<<(const typename _Dom::value_type&, const std::_Expr<_Dom1, typename _Dom1::value_type>&)
     [01;36m[K_[m[KDEFINE_EXPR_BINARY_OPERATOR(<<, __shift_left)
     [01;36m[K^[m[K
[01m[K/usr/include/c++/7/bits/valarray_after.h:410:5:[m[K [01;36m[Knote: [m[K  template argument deduction/substitution failed:
[01m[K/home/me/progetto_labiagi/src/ped/src/ped_server.cpp:42:36:[m[K [01;36m[Knote: [m[K  couldn't deduce template parameter ‘[01m[K_Dom[m[K’
    cout << k.name << " " << k.n << [01;36m[Kend[m[K
                                    [01;36m[K^~~[m[K
In file included from [01m[K/usr/include/c++/7/valarray:592:0[m[K,
                 from [01m[K/usr/include/x86_64-linux-gnu/c++/7/bits/stdc++.h:95[m[K,
                 from [01m[K/home/me/progetto_labiagi/src/ped/src/ped_server.cpp:6[m[K:
[01m[K/usr/include/c++/7/bits/valarray_after.h:410:5:[m[K [01;36m[Knote: [m[Kcandidate: template<class _Dom> std::_Expr<std::_BinClos<std::__shift_left, std::_Expr, std::_Constant, _Dom, typename _Dom::value_type>, typename std::__fun<std::__shift_left, typename _Dom1::value_type>::result_type> std::operator<<(const std::_Expr<_Dom1, typename _Dom1::value_type>&, const typename _Dom::value_type&)
     [01;36m[K_[m[KDEFINE_EXPR_BINARY_OPERATOR(<<, __shift_left)
     [01;36m[K^[m[K
[01m[K/usr/include/c++/7/bits/valarray_after.h:410:5:[m[K [01;36m[Knote: [m[K  template argument deduction/substitution failed:
[01m[K/home/me/progetto_labiagi/src/ped/src/ped_server.cpp:42:36:[m[K [01;36m[Knote: [m[K  ‘[01m[Kstd::basic_ostream<char>[m[K’ is not derived from ‘[01m[Kconst std::_Expr<_Dom1, typename _Dom1::value_type>[m[K’
    cout << k.name << " " << k.n << [01;36m[Kend[m[K
                                    [01;36m[K^~~[m[K
In file included from [01m[K/usr/include/c++/7/valarray:592:0[m[K,
                 from [01m[K/usr/include/x86_64-linux-gnu/c++/7/bits/stdc++.h:95[m[K,
                 from [01m[K/home/me/progetto_labiagi/src/ped/src/ped_server.cpp:6[m[K:
[01m[K/usr/include/c++/7/bits/valarray_after.h:410:5:[m[K [01;36m[Knote: [m[Kcandidate: template<class _Dom1, class _Dom2> std::_Expr<std::_BinClos<std::__shift_left, std::_Expr, std::_Expr, _Dom1, _Dom2>, typename std::__fun<std::__shift_left, typename _Dom1::value_type>::result_type> std::operator<<(const std::_Expr<_Dom1, typename _Dom1::value_type>&, const std::_Expr<_Dom2, typename _Dom2::value_type>&)
     [01;36m[K_[m[KDEFINE_EXPR_BINARY_OPERATOR(<<, __shift_left)
     [01;36m[K^[m[K
[01m[K/usr/include/c++/7/bits/valarray_after.h:410:5:[m[K [01;36m[Knote: [m[K  template argument deduction/substitution failed:
[01m[K/home/me/progetto_labiagi/src/ped/src/ped_server.cpp:42:36:[m[K [01;36m[Knote: [m[K  ‘[01m[Kstd::basic_ostream<char>[m[K’ is not derived from ‘[01m[Kconst std::_Expr<_Dom1, typename _Dom1::value_type>[m[K’
    cout << k.name << " " << k.n << [01;36m[Kend[m[K
                                    [01;36m[K^~~[m[K
In file included from [01m[K/usr/include/x86_64-linux-gnu/c++/7/bits/stdc++.h:66:0[m[K,
                 from [01m[K/home/me/progetto_labiagi/src/ped/src/ped_server.cpp:6[m[K:
[01m[K/usr/include/c++/7/bitset:1530:5:[m[K [01;36m[Knote: [m[Kcandidate: template<class _CharT, class _Traits, long unsigned int _Nb> std::basic_ostream<_CharT, _Traits>& std::operator<<(std::basic_ostream<_CharT, _Traits>&, const std::bitset<_Nb>&)
     [01;36m[Koperator[m[K<<(std::basic_ostream<_CharT, _Traits>& __os,
     [01;36m[K^~~~~~~~[m[K
[01m[K/usr/include/c++/7/bitset:1530:5:[m[K [01;36m[Knote: [m[K  template argument deduction/substitution failed:
[01m[K/home/me/progetto_labiagi/src/ped/src/ped_server.cpp:42:36:[m[K [01;36m[Knote: [m[K  couldn't deduce template parameter ‘[01m[K_Nb[m[K’
    cout << k.name << " " << k.n << [01;36m[Kend[m[K
                                    [01;36m[K^~~[m[K
In file included from [01m[K/usr/include/c++/7/memory:81:0[m[K,
                 from [01m[K/usr/include/boost/config/no_tr1/memory.hpp:21[m[K,
                 from [01m[K/usr/include/boost/smart_ptr/shared_ptr.hpp:23[m[K,
                 from [01m[K/usr/include/boost/shared_ptr.hpp:17[m[K,
                 from [01m[K/opt/ros/melodic/include/ros/forwards.h:37[m[K,
                 from [01m[K/opt/ros/melodic/include/ros/common.h:37[m[K,
                 from [01m[K/opt/ros/melodic/include/ros/ros.h:43[m[K,
                 from [01m[K/home/me/progetto_labiagi/src/ped/src/utils.h:2[m[K,
                 from [01m[K/home/me/progetto_labiagi/src/ped/src/ped_server.cpp:1[m[K:
[01m[K/usr/include/c++/7/bits/shared_ptr.h:66:5:[m[K [01;36m[Knote: [m[Kcandidate: template<class _Ch, class _Tr, class _Tp, __gnu_cxx::_Lock_policy _Lp> std::basic_ostream<_CharT, _Traits>& std::operator<<(std::basic_ostream<_CharT, _Traits>&, const std::__shared_ptr<_Tp, _Lp>&)
     [01;36m[Koperator[m[K<<(std::basic_ostream<_Ch, _Tr>& __os,
     [01;36m[K^~~~~~~~[m[K
[01m[K/usr/include/c++/7/bits/shared_ptr.h:66:5:[m[K [01;36m[Knote: [m[K  template argument deduction/substitution failed:
[01m[K/home/me/progetto_labiagi/src/ped/src/ped_server.cpp:42:36:[m[K [01;36m[Knote: [m[K  couldn't deduce template parameter ‘[01m[K_Tp[m[K’
    cout << k.name << " " << k.n << [01;36m[Kend[m[K
                                    [01;36m[K^~~[m[K
In file included from [01m[K/usr/include/boost/config/no_tr1/complex.hpp:21:0[m[K,
                 from [01m[K/usr/include/boost/math/policies/error_handling.hpp:17[m[K,
                 from [01m[K/usr/include/boost/math/special_functions/round.hpp:14[m[K,
                 from [01m[K/opt/ros/melodic/include/ros/time.h:58[m[K,
                 from [01m[K/opt/ros/melodic/include/ros/ros.h:38[m[K,
                 from [01m[K/home/me/progetto_labiagi/src/ped/src/utils.h:2[m[K,
                 from [01m[K/home/me/progetto_labiagi/src/ped/src/ped_server.cpp:1[m[K:
[01m[K/usr/include/c++/7/complex:528:5:[m[K [01;36m[Knote: [m[Kcandidate: template<class _Tp, class _CharT, class _Traits> std::basic_ostream<_CharT, _Traits>& std::operator<<(std::basic_ostream<_CharT, _Traits>&, const std::complex<_Tp>&)
     [01;36m[Koperator[m[K<<(basic_ostream<_CharT, _Traits>& __os, const complex<_Tp>& __x)
     [01;36m[K^~~~~~~~[m[K
[01m[K/usr/include/c++/7/complex:528:5:[m[K [01;36m[Knote: [m[K  template argument deduction/substitution failed:
[01m[K/home/me/progetto_labiagi/src/ped/src/ped_server.cpp:42:36:[m[K [01;36m[Knote: [m[K  couldn't deduce template parameter ‘[01m[K_Tp[m[K’
    cout << k.name << " " << k.n << [01;36m[Kend[m[K
                                    [01;36m[K^~~[m[K
In file included from [01m[K/usr/include/boost/math/policies/error_handling.hpp:12:0[m[K,
                 from [01m[K/usr/include/boost/math/special_functions/round.hpp:14[m[K,
                 from [01m[K/opt/ros/melodic/include/ros/time.h:58[m[K,
                 from [01m[K/opt/ros/melodic/include/ros/ros.h:38[m[K,
                 from [01m[K/home/me/progetto_labiagi/src/ped/src/utils.h:2[m[K,
                 from [01m[K/home/me/progetto_labiagi/src/ped/src/ped_server.cpp:1[m[K:
[01m[K/usr/include/c++/7/iomanip:363:5:[m[K [01;36m[Knote: [m[Kcandidate: std::basic_ostream<_CharT, _Traits>& std::operator<<(std::basic_ostream<_CharT, _Traits>&, std::_Put_time<_CharT>) [with _CharT = char; _Traits = std::char_traits<char>]
     [01;36m[Koperator[m[K<<(basic_ostream<_CharT, _Traits>& __os, _Put_time<_CharT> __f)
     [01;36m[K^~~~~~~~[m[K
[01m[K/usr/include/c++/7/iomanip:363:5:[m[K [01;36m[Knote: [m[K  no known conversion for argument 2 from ‘[01m[K<unresolved overloaded function type>[m[K’ to ‘[01m[Kstd::_Put_time<char>[m[K’
[01m[K/usr/include/c++/7/iomanip:311:5:[m[K [01;36m[Knote: [m[Kcandidate: template<class _CharT, class _Traits, class _MoneyT> std::basic_ostream<_CharT, _Traits>& std::operator<<(std::basic_ostream<_CharT, _Traits>&, std::_Put_money<_MoneyT>)
     [01;36m[Koperator[m[K<<(basic_ostream<_CharT, _Traits>& __os, _Put_money<_MoneyT> __f)
     [01;36m[K^~~~~~~~[m[K
[01m[K/usr/include/c++/7/iomanip:311:5:[m[K [01;36m[Knote: [m[K  template argument deduction/substitution failed:
[01m[K/home/me/progetto_labiagi/src/ped/src/ped_server.cpp:42:36:[m[K [01;36m[Knote: [m[K  couldn't deduce template parameter ‘[01m[K_MoneyT[m[K’
    cout << k.name << " " << k.n << [01;36m[Kend[m[K
                                    [01;36m[K^~~[m[K
In file included from [01m[K/usr/include/boost/math/policies/error_handling.hpp:12:0[m[K,
                 from [01m[K/usr/include/boost/math/special_functions/round.hpp:14[m[K,
                 from [01m[K/opt/ros/melodic/include/ros/time.h:58[m[K,
                 from [01m[K/opt/ros/melodic/include/ros/ros.h:38[m[K,
                 from [01m[K/home/me/progetto_labiagi/src/ped/src/utils.h:2[m[K,
                 from [01m[K/home/me/progetto_labiagi/src/ped/src/ped_server.cpp:1[m[K:
[01m[K/usr/include/c++/7/iomanip:238:5:[m[K [01;36m[Knote: [m[Kcandidate: template<class _CharT, class _Traits> std::basic_ostream<_CharT, _Traits>& std::operator<<(std::basic_ostream<_CharT, _Traits>&, std::_Setw)
     [01;36m[Koperator[m[K<<(basic_ostream<_CharT, _Traits>& __os, _Setw __f)
     [01;36m[K^~~~~~~~[m[K
[01m[K/usr/include/c++/7/iomanip:238:5:[m[K [01;36m[Knote: [m[K  template argument deduction/substitution failed:
[01m[K/home/me/progetto_labiagi/src/ped/src/ped_server.cpp:42:36:[m[K [01;36m[Knote: [m[K  cannot convert ‘[01m[Kstd::end[m[K’ (type ‘[01m[K<unresolved overloaded function type>[m[K’) to type ‘[01m[Kstd::_Setw[m[K’
    cout << k.name << " " << k.n << [01;36m[Kend[m[K
                                    [01;36m[K^~~[m[K
In file included from [01m[K/usr/include/boost/math/policies/error_handling.hpp:12:0[m[K,
                 from [01m[K/usr/include/boost/math/special_functions/round.hpp:14[m[K,
                 from [01m[K/opt/ros/melodic/include/ros/time.h:58[m[K,
                 from [01m[K/opt/ros/melodic/include/ros/ros.h:38[m[K,
                 from [01m[K/home/me/progetto_labiagi/src/ped/src/utils.h:2[m[K,
                 from [01m[K/home/me/progetto_labiagi/src/ped/src/ped_server.cpp:1[m[K:
[01m[K/usr/include/c++/7/iomanip:208:5:[m[K [01;36m[Knote: [m[Kcandidate: template<class _CharT, class _Traits> std::basic_ostream<_CharT, _Traits>& std::operator<<(std::basic_ostream<_CharT, _Traits>&, std::_Setprecision)
     [01;36m[Koperator[m[K<<(basic_ostream<_CharT, _Traits>& __os, _Setprecision __f)
     [01;36m[K^~~~~~~~[m[K
[01m[K/usr/include/c++/7/iomanip:208:5:[m[K [01;36m[Knote: [m[K  template argument deduction/substitution failed:
[01m[K/home/me/progetto_labiagi/src/ped/src/ped_server.cpp:42:36:[m[K [01;36m[Knote: [m[K  cannot convert ‘[01m[Kstd::end[m[K’ (type ‘[01m[K<unresolved overloaded function type>[m[K’) to type ‘[01m[Kstd::_Setprecision[m[K’
    cout << k.name << " " << k.n << [01;36m[Kend[m[K
                                    [01;36m[K^~~[m[K
In file included from [01m[K/usr/include/boost/math/policies/error_handling.hpp:12:0[m[K,
                 from [01m[K/usr/include/boost/math/special_functions/round.hpp:14[m[K,
                 from [01m[K/opt/ros/melodic/include/ros/time.h:58[m[K,
                 from [01m[K/opt/ros/melodic/include/ros/ros.h:38[m[K,
                 from [01m[K/home/me/progetto_labiagi/src/ped/src/utils.h:2[m[K,
                 from [01m[K/home/me/progetto_labiagi/src/ped/src/ped_server.cpp:1[m[K:
[01m[K/usr/include/c++/7/iomanip:178:5:[m[K [01;36m[Knote: [m[Kcandidate: std::basic_ostream<_CharT, _Traits>& std::operator<<(std::basic_ostream<_CharT, _Traits>&, std::_Setfill<_CharT>) [with _CharT = char; _Traits = std::char_traits<char>]
     [01;36m[Koperator[m[K<<(basic_ostream<_CharT, _Traits>& __os, _Setfill<_CharT> __f)
     [01;36m[K^~~~~~~~[m[K
[01m[K/usr/include/c++/7/iomanip:178:5:[m[K [01;36m[Knote: [m[K  no known conversion for argument 2 from ‘[01m[K<unresolved overloaded function type>[m[K’ to ‘[01m[Kstd::_Setfill<char>[m[K’
[01m[K/usr/include/c++/7/iomanip:143:5:[m[K [01;36m[Knote: [m[Kcandidate: template<class _CharT, class _Traits> std::basic_ostream<_CharT, _Traits>& std::operator<<(std::basic_ostream<_CharT, _Traits>&, std::_Setbase)
     [01;36m[Koperator[m[K<<(basic_ostream<_CharT, _Traits>& __os, _Setbase __f)
     [01;36m[K^~~~~~~~[m[K
[01m[K/usr/include/c++/7/iomanip:143:5:[m[K [01;36m[Knote: [m[K  template argument deduction/substitution failed:
[01m[K/home/me/progetto_labiagi/src/ped/src/ped_server.cpp:42:36:[m[K [01;36m[Knote: [m[K  cannot convert ‘[01m[Kstd::end[m[K’ (type ‘[01m[K<unresolved overloaded function type>[m[K’) to type ‘[01m[Kstd::_Setbase[m[K’
    cout << k.name << " " << k.n << [01;36m[Kend[m[K
                                    [01;36m[K^~~[m[K
In file included from [01m[K/usr/include/boost/math/policies/error_handling.hpp:12:0[m[K,
                 from [01m[K/usr/include/boost/math/special_functions/round.hpp:14[m[K,
                 from [01m[K/opt/ros/melodic/include/ros/time.h:58[m[K,
                 from [01m[K/opt/ros/melodic/include/ros/ros.h:38[m[K,
                 from [01m[K/home/me/progetto_labiagi/src/ped/src/utils.h:2[m[K,
                 from [01m[K/home/me/progetto_labiagi/src/ped/src/ped_server.cpp:1[m[K:
[01m[K/usr/include/c++/7/iomanip:109:5:[m[K [01;36m[Knote: [m[Kcandidate: template<class _CharT, class _Traits> std::basic_ostream<_CharT, _Traits>& std::operator<<(std::basic_ostream<_CharT, _Traits>&, std::_Setiosflags)
     [01;36m[Koperator[m[K<<(basic_ostream<_CharT, _Traits>& __os, _Setiosflags __f)
     [01;36m[K^~~~~~~~[m[K
[01m[K/usr/include/c++/7/iomanip:109:5:[m[K [01;36m[Knote: [m[K  template argument deduction/substitution failed:
[01m[K/home/me/progetto_labiagi/src/ped/src/ped_server.cpp:42:36:[m[K [01;36m[Knote: [m[K  cannot convert ‘[01m[Kstd::end[m[K’ (type ‘[01m[K<unresolved overloaded function type>[m[K’) to type ‘[01m[Kstd::_Setiosflags[m[K’
    cout << k.name << " " << k.n << [01;36m[Kend[m[K
                                    [01;36m[K^~~[m[K
In file included from [01m[K/usr/include/boost/math/policies/error_handling.hpp:12:0[m[K,
                 from [01m[K/usr/include/boost/math/special_functions/round.hpp:14[m[K,
                 from [01m[K/opt/ros/melodic/include/ros/time.h:58[m[K,
                 from [01m[K/opt/ros/melodic/include/ros/ros.h:38[m[K,
                 from [01m[K/home/me/progetto_labiagi/src/ped/src/utils.h:2[m[K,
                 from [01m[K/home/me/progetto_labiagi/src/ped/src/ped_server.cpp:1[m[K:
[01m[K/usr/include/c++/7/iomanip:79:5:[m[K [01;36m[Knote: [m[Kcandidate: template<class _CharT, class _Traits> std::basic_ostream<_CharT, _Traits>& std::operator<<(std::basic_ostream<_CharT, _Traits>&, std::_Resetiosflags)
     [01;36m[Koperator[m[K<<(basic_ostream<_CharT, _Traits>& __os, _Resetiosflags __f)
     [01;36m[K^~~~~~~~[m[K
[01m[K/usr/include/c++/7/iomanip:79:5:[m[K [01;36m[Knote: [m[K  template argument deduction/substitution failed:
[01m[K/home/me/progetto_labiagi/src/ped/src/ped_server.cpp:42:36:[m[K [01;36m[Knote: [m[K  cannot convert ‘[01m[Kstd::end[m[K’ (type ‘[01m[K<unresolved overloaded function type>[m[K’) to type ‘[01m[Kstd::_Resetiosflags[m[K’
    cout << k.name << " " << k.n << [01;36m[Kend[m[K
                                    [01;36m[K^~~[m[K
In file included from [01m[K/usr/include/c++/7/istream:39:0[m[K,
                 from [01m[K/usr/include/c++/7/sstream:38[m[K,
                 from [01m[K/home/me/progetto_labiagi/src/ped/src/utils.h:1[m[K,
                 from [01m[K/home/me/progetto_labiagi/src/ped/src/ped_server.cpp:1[m[K:
[01m[K/usr/include/c++/7/ostream:682:5:[m[K [01;36m[Knote: [m[Kcandidate: template<class _Ostream, class _Tp> typename std::enable_if<std::__and_<std::__not_<std::is_lvalue_reference<_Tp> >, std::__is_convertible_to_basic_ostream<_Ostream>, std::__is_insertable<typename std::__is_convertible_to_basic_ostream<_Tp>::__ostream_type, const _Tp&, void> >::value, typename std::__is_convertible_to_basic_ostream<_Tp>::__ostream_type>::type std::operator<<(_Ostream&&, const _Tp&)
     [01;36m[Koperator[m[K<<(_Ostream&& __os, const _Tp& __x)
     [01;36m[K^~~~~~~~[m[K
[01m[K/usr/include/c++/7/ostream:682:5:[m[K [01;36m[Knote: [m[K  template argument deduction/substitution failed:
[01m[K/home/me/progetto_labiagi/src/ped/src/ped_server.cpp:42:36:[m[K [01;36m[Knote: [m[K  couldn't deduce template parameter ‘[01m[K_Tp[m[K’
    cout << k.name << " " << k.n << [01;36m[Kend[m[K
                                    [01;36m[K^~~[m[K
In file included from [01m[K/usr/include/c++/7/istream:39:0[m[K,
                 from [01m[K/usr/include/c++/7/sstream:38[m[K,
                 from [01m[K/home/me/progetto_labiagi/src/ped/src/utils.h:1[m[K,
                 from [01m[K/home/me/progetto_labiagi/src/ped/src/ped_server.cpp:1[m[K:
[01m[K/usr/include/c++/7/ostream:574:5:[m[K [01;36m[Knote: [m[Kcandidate: template<class _Traits> std::basic_ostream<char, _Traits>& std::operator<<(std::basic_ostream<char, _Traits>&, const unsigned char*)
     [01;36m[Koperator[m[K<<(basic_ostream<char, _Traits>& __out, const unsigned char* __s)
     [01;36m[K^~~~~~~~[m[K
[01m[K/usr/include/c++/7/ostream:574:5:[m[K [01;36m[Knote: [m[K  template argument deduction/substitution failed:
[01m[K/home/me/progetto_labiagi/src/ped/src/ped_server.cpp:42:36:[m[K [01;36m[Knote: [m[K  cannot convert ‘[01m[Kstd::end[m[K’ (type ‘[01m[K<unresolved overloaded function type>[m[K’) to type ‘[01m[Kconst unsigned char*[m[K’
    cout << k.name << " " << k.n << [01;36m[Kend[m[K
                                    [01;36m[K^~~[m[K
In file included from [01m[K/usr/include/c++/7/istream:39:0[m[K,
                 from [01m[K/usr/include/c++/7/sstream:38[m[K,
                 from [01m[K/home/me/progetto_labiagi/src/ped/src/utils.h:1[m[K,
                 from [01m[K/home/me/progetto_labiagi/src/ped/src/ped_server.cpp:1[m[K:
[01m[K/usr/include/c++/7/ostream:569:5:[m[K [01;36m[Knote: [m[Kcandidate: template<class _Traits> std::basic_ostream<char, _Traits>& std::operator<<(std::basic_ostream<char, _Traits>&, const signed char*)
     [01;36m[Koperator[m[K<<(basic_ostream<char, _Traits>& __out, const signed char* __s)
     [01;36m[K^~~~~~~~[m[K
[01m[K/usr/include/c++/7/ostream:569:5:[m[K [01;36m[Knote: [m[K  template argument deduction/substitution failed:
[01m[K/home/me/progetto_labiagi/src/ped/src/ped_server.cpp:42:36:[m[K [01;36m[Knote: [m[K  cannot convert ‘[01m[Kstd::end[m[K’ (type ‘[01m[K<unresolved overloaded function type>[m[K’) to type ‘[01m[Kconst signed char*[m[K’
    cout << k.name << " " << k.n << [01;36m[Kend[m[K
                                    [01;36m[K^~~[m[K
In file included from [01m[K/usr/include/c++/7/istream:39:0[m[K,
                 from [01m[K/usr/include/c++/7/sstream:38[m[K,
                 from [01m[K/home/me/progetto_labiagi/src/ped/src/utils.h:1[m[K,
                 from [01m[K/home/me/progetto_labiagi/src/ped/src/ped_server.cpp:1[m[K:
[01m[K/usr/include/c++/7/ostream:556:5:[m[K [01;36m[Knote: [m[Kcandidate: template<class _Traits> std::basic_ostream<char, _Traits>& std::operator<<(std::basic_ostream<char, _Traits>&, const char*)
     [01;36m[Koperator[m[K<<(basic_ostream<char, _Traits>& __out, const char* __s)
     [01;36m[K^~~~~~~~[m[K
[01m[K/usr/include/c++/7/ostream:556:5:[m[K [01;36m[Knote: [m[K  template argument deduction/substitution failed:
[01m[K/home/me/progetto_labiagi/src/ped/src/ped_server.cpp:42:36:[m[K [01;36m[Knote: [m[K  cannot convert ‘[01m[Kstd::end[m[K’ (type ‘[01m[K<unresolved overloaded function type>[m[K’) to type ‘[01m[Kconst char*[m[K’
    cout << k.name << " " << k.n << [01;36m[Kend[m[K
                                    [01;36m[K^~~[m[K
In file included from [01m[K/usr/include/c++/7/ostream:693:0[m[K,
                 from [01m[K/usr/include/c++/7/istream:39[m[K,
                 from [01m[K/usr/include/c++/7/sstream:38[m[K,
                 from [01m[K/home/me/progetto_labiagi/src/ped/src/utils.h:1[m[K,
                 from [01m[K/home/me/progetto_labiagi/src/ped/src/ped_server.cpp:1[m[K:
[01m[K/usr/include/c++/7/bits/ostream.tcc:321:5:[m[K [01;36m[Knote: [m[Kcandidate: template<class _CharT, class _Traits> std::basic_ostream<_CharT, _Traits>& std::operator<<(std::basic_ostream<_CharT, _Traits>&, const char*)
     [01;36m[Koperator[m[K<<(basic_ostream<_CharT, _Traits>& __out, const char* __s)
     [01;36m[K^~~~~~~~[m[K
[01m[K/usr/include/c++/7/bits/ostream.tcc:321:5:[m[K [01;36m[Knote: [m[K  template argument deduction/substitution failed:
[01m[K/home/me/progetto_labiagi/src/ped/src/ped_server.cpp:42:36:[m[K [01;36m[Knote: [m[K  cannot convert ‘[01m[Kstd::end[m[K’ (type ‘[01m[K<unresolved overloaded function type>[m[K’) to type ‘[01m[Kconst char*[m[K’
    cout << k.name << " " << k.n << [01;36m[Kend[m[K
                                    [01;36m[K^~~[m[K
In file included from [01m[K/usr/include/c++/7/istream:39:0[m[K,
                 from [01m[K/usr/include/c++/7/sstream:38[m[K,
                 from [01m[K/home/me/progetto_labiagi/src/ped/src/utils.h:1[m[K,
                 from [01m[K/home/me/progetto_labiagi/src/ped/src/ped_server.cpp:1[m[K:
[01m[K/usr/include/c++/7/ostream:539:5:[m[K [01;36m[Knote: [m[Kcandidate: std::basic_ostream<_CharT, _Traits>& std::operator<<(std::basic_ostream<_CharT, _Traits>&, const _CharT*) [with _CharT = char; _Traits = std::char_traits<char>]
     [01;36m[Koperator[m[K<<(basic_ostream<_CharT, _Traits>& __out, const _CharT* __s)
     [01;36m[K^~~~~~~~[m[K
[01m[K/usr/include/c++/7/ostream:539:5:[m[K [01;36m[Knote: [m[K  no known conversion for argument 2 from ‘[01m[K<unresolved overloaded function type>[m[K’ to ‘[01m[Kconst char*[m[K’
[01m[K/usr/include/c++/7/ostream:519:5:[m[K [01;36m[Knote: [m[Kcandidate: template<class _Traits> std::basic_ostream<char, _Traits>& std::operator<<(std::basic_ostream<char, _Traits>&, unsigned char)
     [01;36m[Koperator[m[K<<(basic_ostream<char, _Traits>& __out, unsigned char __c)
     [01;36m[K^~~~~~~~[m[K
[01m[K/usr/include/c++/7/ostream:519:5:[m[K [01;36m[Knote: [m[K  template argument deduction/substitution failed:
[01m[K/home/me/progetto_labiagi/src/ped/src/ped_server.cpp:42:36:[m[K [01;36m[Knote: [m[K  cannot convert ‘[01m[Kstd::end[m[K’ (type ‘[01m[K<unresolved overloaded function type>[m[K’) to type ‘[01m[Kunsigned char[m[K’
    cout << k.name << " " << k.n << [01;36m[Kend[m[K
                                    [01;36m[K^~~[m[K
In file included from [01m[K/usr/include/c++/7/istream:39:0[m[K,
                 from [01m[K/usr/include/c++/7/sstream:38[m[K,
                 from [01m[K/home/me/progetto_labiagi/src/ped/src/utils.h:1[m[K,
                 from [01m[K/home/me/progetto_labiagi/src/ped/src/ped_server.cpp:1[m[K:
[01m[K/usr/include/c++/7/ostream:514:5:[m[K [01;36m[Knote: [m[Kcandidate: template<class _Traits> std::basic_ostream<char, _Traits>& std::operator<<(std::basic_ostream<char, _Traits>&, signed char)
     [01;36m[Koperator[m[K<<(basic_ostream<char, _Traits>& __out, signed char __c)
     [01;36m[K^~~~~~~~[m[K
[01m[K/usr/include/c++/7/ostream:514:5:[m[K [01;36m[Knote: [m[K  template argument deduction/substitution failed:
[01m[K/home/me/progetto_labiagi/src/ped/src/ped_server.cpp:42:36:[m[K [01;36m[Knote: [m[K  cannot convert ‘[01m[Kstd::end[m[K’ (type ‘[01m[K<unresolved overloaded function type>[m[K’) to type ‘[01m[Ksigned char[m[K’
    cout << k.name << " " << k.n << [01;36m[Kend[m[K
                                    [01;36m[K^~~[m[K
In file included from [01m[K/usr/include/c++/7/istream:39:0[m[K,
                 from [01m[K/usr/include/c++/7/sstream:38[m[K,
                 from [01m[K/home/me/progetto_labiagi/src/ped/src/utils.h:1[m[K,
                 from [01m[K/home/me/progetto_labiagi/src/ped/src/ped_server.cpp:1[m[K:
[01m[K/usr/include/c++/7/ostream:508:5:[m[K [01;36m[Knote: [m[Kcandidate: template<class _Traits> std::basic_ostream<char, _Traits>& std::operator<<(std::basic_ostream<char, _Traits>&, char)
     [01;36m[Koperator[m[K<<(basic_ostream<char, _Traits>& __out, char __c)
     [01;36m[K^~~~~~~~[m[K
[01m[K/usr/include/c++/7/ostream:508:5:[m[K [01;36m[Knote: [m[K  template argument deduction/substitution failed:
[01m[K/home/me/progetto_labiagi/src/ped/src/ped_server.cpp:42:36:[m[K [01;36m[Knote: [m[K  cannot convert ‘[01m[Kstd::end[m[K’ (type ‘[01m[K<unresolved overloaded function type>[m[K’) to type ‘[01m[Kchar[m[K’
    cout << k.name << " " << k.n << [01;36m[Kend[m[K
                                    [01;36m[K^~~[m[K
In file included from [01m[K/usr/include/c++/7/istream:39:0[m[K,
                 from [01m[K/usr/include/c++/7/sstream:38[m[K,
                 from [01m[K/home/me/progetto_labiagi/src/ped/src/utils.h:1[m[K,
                 from [01m[K/home/me/progetto_labiagi/src/ped/src/ped_server.cpp:1[m[K:
[01m[K/usr/include/c++/7/ostream:502:5:[m[K [01;36m[Knote: [m[Kcandidate: template<class _CharT, class _Traits> std::basic_ostream<_CharT, _Traits>& std::operator<<(std::basic_ostream<_CharT, _Traits>&, char)
     [01;36m[Koperator[m[K<<(basic_ostream<_CharT, _Traits>& __out, char __c)
     [01;36m[K^~~~~~~~[m[K
[01m[K/usr/include/c++/7/ostream:502:5:[m[K [01;36m[Knote: [m[K  template argument deduction/substitution failed:
[01m[K/home/me/progetto_labiagi/src/ped/src/ped_server.cpp:42:36:[m[K [01;36m[Knote: [m[K  cannot convert ‘[01m[Kstd::end[m[K’ (type ‘[01m[K<unresolved overloaded function type>[m[K’) to type ‘[01m[Kchar[m[K’
    cout << k.name << " " << k.n << [01;36m[Kend[m[K
                                    [01;36m[K^~~[m[K
In file included from [01m[K/usr/include/c++/7/istream:39:0[m[K,
                 from [01m[K/usr/include/c++/7/sstream:38[m[K,
                 from [01m[K/home/me/progetto_labiagi/src/ped/src/utils.h:1[m[K,
                 from [01m[K/home/me/progetto_labiagi/src/ped/src/ped_server.cpp:1[m[K:
[01m[K/usr/include/c++/7/ostream:497:5:[m[K [01;36m[Knote: [m[Kcandidate: std::basic_ostream<_CharT, _Traits>& std::operator<<(std::basic_ostream<_CharT, _Traits>&, _CharT) [with _CharT = char; _Traits = std::char_traits<char>]
     [01;36m[Koperator[m[K<<(basic_ostream<_CharT, _Traits>& __out, _CharT __c)
     [01;36m[K^~~~~~~~[m[K
[01m[K/usr/include/c++/7/ostream:497:5:[m[K [01;36m[Knote: [m[K  no known conversion for argument 2 from ‘[01m[K<unresolved overloaded function type>[m[K’ to ‘[01m[Kchar[m[K’
In file included from [01m[K/usr/include/c++/7/bits/ios_base.h:46:0[m[K,
                 from [01m[K/usr/include/c++/7/ios:42[m[K,
                 from [01m[K/usr/include/c++/7/istream:38[m[K,
                 from [01m[K/usr/include/c++/7/sstream:38[m[K,
                 from [01m[K/home/me/progetto_labiagi/src/ped/src/utils.h:1[m[K,
                 from [01m[K/home/me/progetto_labiagi/src/ped/src/ped_server.cpp:1[m[K:
[01m[K/usr/include/c++/7/system_error:217:5:[m[K [01;36m[Knote: [m[Kcandidate: template<class _CharT, class _Traits> std::basic_ostream<_CharT, _Traits>& std::operator<<(std::basic_ostream<_CharT, _Traits>&, const std::error_code&)
     [01;36m[Koperator[m[K<<(basic_ostream<_CharT, _Traits>& __os, const error_code& __e)
     [01;36m[K^~~~~~~~[m[K
[01m[K/usr/include/c++/7/system_error:217:5:[m[K [01;36m[Knote: [m[K  template argument deduction/substitution failed:
[01m[K/home/me/progetto_labiagi/src/ped/src/ped_server.cpp:42:36:[m[K [01;36m[Knote: [m[K  cannot convert ‘[01m[Kstd::end[m[K’ (type ‘[01m[K<unresolved overloaded function type>[m[K’) to type ‘[01m[Kconst std::error_code&[m[K’
    cout << k.name << " " << k.n << [01;36m[Kend[m[K
                                    [01;36m[K^~~[m[K
In file included from [01m[K/usr/include/c++/7/string:52:0[m[K,
                 from [01m[K/usr/include/c++/7/bits/locale_classes.h:40[m[K,
                 from [01m[K/usr/include/c++/7/bits/ios_base.h:41[m[K,
                 from [01m[K/usr/include/c++/7/ios:42[m[K,
                 from [01m[K/usr/include/c++/7/istream:38[m[K,
                 from [01m[K/usr/include/c++/7/sstream:38[m[K,
                 from [01m[K/home/me/progetto_labiagi/src/ped/src/utils.h:1[m[K,
                 from [01m[K/home/me/progetto_labiagi/src/ped/src/ped_server.cpp:1[m[K:
[01m[K/usr/include/c++/7/bits/basic_string.h:6284:5:[m[K [01;36m[Knote: [m[Kcandidate: template<class _CharT, class _Traits, class _Alloc> std::basic_ostream<_CharT, _Traits>& std::operator<<(std::basic_ostream<_CharT, _Traits>&, const std::__cxx11::basic_string<_CharT, _Traits, _Alloc>&)
     [01;36m[Koperator[m[K<<(basic_ostream<_CharT, _Traits>& __os,
     [01;36m[K^~~~~~~~[m[K
[01m[K/usr/include/c++/7/bits/basic_string.h:6284:5:[m[K [01;36m[Knote: [m[K  template argument deduction/substitution failed:
[01m[K/home/me/progetto_labiagi/src/ped/src/ped_server.cpp:42:36:[m[K [01;36m[Knote: [m[K  couldn't deduce template parameter ‘[01m[K_Alloc[m[K’
    cout << k.name << " " << k.n << [01;36m[Kend[m[K
                                    [01;36m[K^~~[m[K
make[2]: *** [CMakeFiles/ped_server.dir/src/ped_server.cpp.o] Error 1
make[1]: *** [CMakeFiles/ped_server.dir/all] Error 2
make: *** [all] Error 2
