Linked: (/home/me/progetto_labiagi/devel/.private/ped/include/ped/utenti.h, /home/me/progetto_labiagi/devel/include/ped/utenti.h)
Linked: (/home/me/progetto_labiagi/devel/.private/ped/include/ped/set_userResponse.h, /home/me/progetto_labiagi/devel/include/ped/set_userResponse.h)
Linked: (/home/me/progetto_labiagi/devel/.private/ped/include/ped/msgActionFeedback.h, /home/me/progetto_labiagi/devel/include/ped/msgActionFeedback.h)
Linked: (/home/me/progetto_labiagi/devel/.private/ped/include/ped/User.h, /home/me/progetto_labiagi/devel/include/ped/User.h)
Linked: (/home/me/progetto_labiagi/devel/.private/ped/include/ped/msgResult.h, /home/me/progetto_labiagi/devel/include/ped/msgResult.h)
Linked: (/home/me/progetto_labiagi/devel/.private/ped/include/ped/set_user.h, /home/me/progetto_labiagi/devel/include/ped/set_user.h)
Linked: (/home/me/progetto_labiagi/devel/.private/ped/include/ped/msgFeedback.h, /home/me/progetto_labiagi/devel/include/ped/msgFeedback.h)
Linked: (/home/me/progetto_labiagi/devel/.private/ped/include/ped/msgActionResult.h, /home/me/progetto_labiagi/devel/include/ped/msgActionResult.h)
Linked: (/home/me/progetto_labiagi/devel/.private/ped/include/ped/set_userRequest.h, /home/me/progetto_labiagi/devel/include/ped/set_userRequest.h)
Linked: (/home/me/progetto_labiagi/devel/.private/ped/include/ped/msgActionGoal.h, /home/me/progetto_labiagi/devel/include/ped/msgActionGoal.h)
Linked: (/home/me/progetto_labiagi/devel/.private/ped/include/ped/msgAction.h, /home/me/progetto_labiagi/devel/include/ped/msgAction.h)
Linked: (/home/me/progetto_labiagi/devel/.private/ped/include/ped/msgGoal.h, /home/me/progetto_labiagi/devel/include/ped/msgGoal.h)
Linked: (/home/me/progetto_labiagi/devel/.private/ped/lib/pkgconfig/ped.pc, /home/me/progetto_labiagi/devel/lib/pkgconfig/ped.pc)
Linked: (/home/me/progetto_labiagi/devel/.private/ped/lib/python2.7/dist-packages/ped/__init__.py, /home/me/progetto_labiagi/devel/lib/python2.7/dist-packages/ped/__init__.py)
Linked: (/home/me/progetto_labiagi/devel/.private/ped/lib/python2.7/dist-packages/ped/msg/_msgActionGoal.py, /home/me/progetto_labiagi/devel/lib/python2.7/dist-packages/ped/msg/_msgActionGoal.py)
Linked: (/home/me/progetto_labiagi/devel/.private/ped/lib/python2.7/dist-packages/ped/msg/_msgActionFeedback.py, /home/me/progetto_labiagi/devel/lib/python2.7/dist-packages/ped/msg/_msgActionFeedback.py)
Linked: (/home/me/progetto_labiagi/devel/.private/ped/lib/python2.7/dist-packages/ped/msg/_utenti.py, /home/me/progetto_labiagi/devel/lib/python2.7/dist-packages/ped/msg/_utenti.py)
Linked: (/home/me/progetto_labiagi/devel/.private/ped/lib/python2.7/dist-packages/ped/msg/_User.py, /home/me/progetto_labiagi/devel/lib/python2.7/dist-packages/ped/msg/_User.py)
Linked: (/home/me/progetto_labiagi/devel/.private/ped/lib/python2.7/dist-packages/ped/msg/_msgAction.py, /home/me/progetto_labiagi/devel/lib/python2.7/dist-packages/ped/msg/_msgAction.py)
Linked: (/home/me/progetto_labiagi/devel/.private/ped/lib/python2.7/dist-packages/ped/msg/__init__.py, /home/me/progetto_labiagi/devel/lib/python2.7/dist-packages/ped/msg/__init__.py)
Linked: (/home/me/progetto_labiagi/devel/.private/ped/lib/python2.7/dist-packages/ped/msg/_msgResult.py, /home/me/progetto_labiagi/devel/lib/python2.7/dist-packages/ped/msg/_msgResult.py)
Linked: (/home/me/progetto_labiagi/devel/.private/ped/lib/python2.7/dist-packages/ped/msg/_msgActionResult.py, /home/me/progetto_labiagi/devel/lib/python2.7/dist-packages/ped/msg/_msgActionResult.py)
Linked: (/home/me/progetto_labiagi/devel/.private/ped/lib/python2.7/dist-packages/ped/msg/_msgFeedback.py, /home/me/progetto_labiagi/devel/lib/python2.7/dist-packages/ped/msg/_msgFeedback.py)
Linked: (/home/me/progetto_labiagi/devel/.private/ped/lib/python2.7/dist-packages/ped/msg/_msgGoal.py, /home/me/progetto_labiagi/devel/lib/python2.7/dist-packages/ped/msg/_msgGoal.py)
Linked: (/home/me/progetto_labiagi/devel/.private/ped/lib/python2.7/dist-packages/ped/srv/_set_user.py, /home/me/progetto_labiagi/devel/lib/python2.7/dist-packages/ped/srv/_set_user.py)
Linked: (/home/me/progetto_labiagi/devel/.private/ped/lib/python2.7/dist-packages/ped/srv/__init__.py, /home/me/progetto_labiagi/devel/lib/python2.7/dist-packages/ped/srv/__init__.py)
Linked: (/home/me/progetto_labiagi/devel/.private/ped/lib/ped/ped_test, /home/me/progetto_labiagi/devel/lib/ped/ped_test)
Linked: (/home/me/progetto_labiagi/devel/.private/ped/lib/ped/ped_client, /home/me/progetto_labiagi/devel/lib/ped/ped_client)
Linked: (/home/me/progetto_labiagi/devel/.private/ped/lib/ped/ped_status, /home/me/progetto_labiagi/devel/lib/ped/ped_status)
Linked: (/home/me/progetto_labiagi/devel/.private/ped/lib/ped/ped_server, /home/me/progetto_labiagi/devel/lib/ped/ped_server)
Linked: (/home/me/progetto_labiagi/devel/.private/ped/share/roseus/ros/ped/manifest.l, /home/me/progetto_labiagi/devel/share/roseus/ros/ped/manifest.l)
Linked: (/home/me/progetto_labiagi/devel/.private/ped/share/roseus/ros/ped/msg/msgFeedback.l, /home/me/progetto_labiagi/devel/share/roseus/ros/ped/msg/msgFeedback.l)
Linked: (/home/me/progetto_labiagi/devel/.private/ped/share/roseus/ros/ped/msg/msgResult.l, /home/me/progetto_labiagi/devel/share/roseus/ros/ped/msg/msgResult.l)
Linked: (/home/me/progetto_labiagi/devel/.private/ped/share/roseus/ros/ped/msg/User.l, /home/me/progetto_labiagi/devel/share/roseus/ros/ped/msg/User.l)
Linked: (/home/me/progetto_labiagi/devel/.private/ped/share/roseus/ros/ped/msg/msgAction.l, /home/me/progetto_labiagi/devel/share/roseus/ros/ped/msg/msgAction.l)
Linked: (/home/me/progetto_labiagi/devel/.private/ped/share/roseus/ros/ped/msg/msgGoal.l, /home/me/progetto_labiagi/devel/share/roseus/ros/ped/msg/msgGoal.l)
Linked: (/home/me/progetto_labiagi/devel/.private/ped/share/roseus/ros/ped/msg/utenti.l, /home/me/progetto_labiagi/devel/share/roseus/ros/ped/msg/utenti.l)
Linked: (/home/me/progetto_labiagi/devel/.private/ped/share/roseus/ros/ped/msg/msgActionGoal.l, /home/me/progetto_labiagi/devel/share/roseus/ros/ped/msg/msgActionGoal.l)
Linked: (/home/me/progetto_labiagi/devel/.private/ped/share/roseus/ros/ped/msg/msgActionFeedback.l, /home/me/progetto_labiagi/devel/share/roseus/ros/ped/msg/msgActionFeedback.l)
Linked: (/home/me/progetto_labiagi/devel/.private/ped/share/roseus/ros/ped/msg/msgActionResult.l, /home/me/progetto_labiagi/devel/share/roseus/ros/ped/msg/msgActionResult.l)
Linked: (/home/me/progetto_labiagi/devel/.private/ped/share/roseus/ros/ped/srv/set_user.l, /home/me/progetto_labiagi/devel/share/roseus/ros/ped/srv/set_user.l)
Linked: (/home/me/progetto_labiagi/devel/.private/ped/share/gennodejs/ros/ped/_index.js, /home/me/progetto_labiagi/devel/share/gennodejs/ros/ped/_index.js)
Linked: (/home/me/progetto_labiagi/devel/.private/ped/share/gennodejs/ros/ped/msg/msgFeedback.js, /home/me/progetto_labiagi/devel/share/gennodejs/ros/ped/msg/msgFeedback.js)
Linked: (/home/me/progetto_labiagi/devel/.private/ped/share/gennodejs/ros/ped/msg/utenti.js, /home/me/progetto_labiagi/devel/share/gennodejs/ros/ped/msg/utenti.js)
Linked: (/home/me/progetto_labiagi/devel/.private/ped/share/gennodejs/ros/ped/msg/msgActionResult.js, /home/me/progetto_labiagi/devel/share/gennodejs/ros/ped/msg/msgActionResult.js)
Linked: (/home/me/progetto_labiagi/devel/.private/ped/share/gennodejs/ros/ped/msg/msgActionFeedback.js, /home/me/progetto_labiagi/devel/share/gennodejs/ros/ped/msg/msgActionFeedback.js)
Linked: (/home/me/progetto_labiagi/devel/.private/ped/share/gennodejs/ros/ped/msg/msgGoal.js, /home/me/progetto_labiagi/devel/share/gennodejs/ros/ped/msg/msgGoal.js)
Linked: (/home/me/progetto_labiagi/devel/.private/ped/share/gennodejs/ros/ped/msg/User.js, /home/me/progetto_labiagi/devel/share/gennodejs/ros/ped/msg/User.js)
Linked: (/home/me/progetto_labiagi/devel/.private/ped/share/gennodejs/ros/ped/msg/msgResult.js, /home/me/progetto_labiagi/devel/share/gennodejs/ros/ped/msg/msgResult.js)
Linked: (/home/me/progetto_labiagi/devel/.private/ped/share/gennodejs/ros/ped/msg/msgActionGoal.js, /home/me/progetto_labiagi/devel/share/gennodejs/ros/ped/msg/msgActionGoal.js)
Linked: (/home/me/progetto_labiagi/devel/.private/ped/share/gennodejs/ros/ped/msg/_index.js, /home/me/progetto_labiagi/devel/share/gennodejs/ros/ped/msg/_index.js)
Linked: (/home/me/progetto_labiagi/devel/.private/ped/share/gennodejs/ros/ped/msg/msgAction.js, /home/me/progetto_labiagi/devel/share/gennodejs/ros/ped/msg/msgAction.js)
Linked: (/home/me/progetto_labiagi/devel/.private/ped/share/gennodejs/ros/ped/srv/_index.js, /home/me/progetto_labiagi/devel/share/gennodejs/ros/ped/srv/_index.js)
Linked: (/home/me/progetto_labiagi/devel/.private/ped/share/gennodejs/ros/ped/srv/set_user.js, /home/me/progetto_labiagi/devel/share/gennodejs/ros/ped/srv/set_user.js)
Linked: (/home/me/progetto_labiagi/devel/.private/ped/share/ped/msg/msgFeedback.msg, /home/me/progetto_labiagi/devel/share/ped/msg/msgFeedback.msg)
Linked: (/home/me/progetto_labiagi/devel/.private/ped/share/ped/msg/msgActionGoal.msg, /home/me/progetto_labiagi/devel/share/ped/msg/msgActionGoal.msg)
Linked: (/home/me/progetto_labiagi/devel/.private/ped/share/ped/msg/msgGoal.msg, /home/me/progetto_labiagi/devel/share/ped/msg/msgGoal.msg)
Linked: (/home/me/progetto_labiagi/devel/.private/ped/share/ped/msg/msgAction.msg, /home/me/progetto_labiagi/devel/share/ped/msg/msgAction.msg)
Linked: (/home/me/progetto_labiagi/devel/.private/ped/share/ped/msg/msgActionResult.msg, /home/me/progetto_labiagi/devel/share/ped/msg/msgActionResult.msg)
Linked: (/home/me/progetto_labiagi/devel/.private/ped/share/ped/msg/msgActionFeedback.msg, /home/me/progetto_labiagi/devel/share/ped/msg/msgActionFeedback.msg)
Linked: (/home/me/progetto_labiagi/devel/.private/ped/share/ped/msg/msgResult.msg, /home/me/progetto_labiagi/devel/share/ped/msg/msgResult.msg)
Linked: (/home/me/progetto_labiagi/devel/.private/ped/share/ped/cmake/ped-msg-paths.cmake, /home/me/progetto_labiagi/devel/share/ped/cmake/ped-msg-paths.cmake)
Linked: (/home/me/progetto_labiagi/devel/.private/ped/share/ped/cmake/pedConfig.cmake, /home/me/progetto_labiagi/devel/share/ped/cmake/pedConfig.cmake)
Linked: (/home/me/progetto_labiagi/devel/.private/ped/share/ped/cmake/ped-msg-extras.cmake, /home/me/progetto_labiagi/devel/share/ped/cmake/ped-msg-extras.cmake)
Linked: (/home/me/progetto_labiagi/devel/.private/ped/share/ped/cmake/pedConfig-version.cmake, /home/me/progetto_labiagi/devel/share/ped/cmake/pedConfig-version.cmake)
Linked: (/home/me/progetto_labiagi/devel/.private/ped/share/common-lisp/ros/ped/msg/_package.lisp, /home/me/progetto_labiagi/devel/share/common-lisp/ros/ped/msg/_package.lisp)
Linked: (/home/me/progetto_labiagi/devel/.private/ped/share/common-lisp/ros/ped/msg/_package_utenti.lisp, /home/me/progetto_labiagi/devel/share/common-lisp/ros/ped/msg/_package_utenti.lisp)
Linked: (/home/me/progetto_labiagi/devel/.private/ped/share/common-lisp/ros/ped/msg/msgFeedback.lisp, /home/me/progetto_labiagi/devel/share/common-lisp/ros/ped/msg/msgFeedback.lisp)
Linked: (/home/me/progetto_labiagi/devel/.private/ped/share/common-lisp/ros/ped/msg/_package_User.lisp, /home/me/progetto_labiagi/devel/share/common-lisp/ros/ped/msg/_package_User.lisp)
Linked: (/home/me/progetto_labiagi/devel/.private/ped/share/common-lisp/ros/ped/msg/msgResult.lisp, /home/me/progetto_labiagi/devel/share/common-lisp/ros/ped/msg/msgResult.lisp)
Linked: (/home/me/progetto_labiagi/devel/.private/ped/share/common-lisp/ros/ped/msg/_package_msgResult.lisp, /home/me/progetto_labiagi/devel/share/common-lisp/ros/ped/msg/_package_msgResult.lisp)
Linked: (/home/me/progetto_labiagi/devel/.private/ped/share/common-lisp/ros/ped/msg/_package_msgActionFeedback.lisp, /home/me/progetto_labiagi/devel/share/common-lisp/ros/ped/msg/_package_msgActionFeedback.lisp)
Linked: (/home/me/progetto_labiagi/devel/.private/ped/share/common-lisp/ros/ped/msg/msgAction.lisp, /home/me/progetto_labiagi/devel/share/common-lisp/ros/ped/msg/msgAction.lisp)
Linked: (/home/me/progetto_labiagi/devel/.private/ped/share/common-lisp/ros/ped/msg/_package_msgAction.lisp, /home/me/progetto_labiagi/devel/share/common-lisp/ros/ped/msg/_package_msgAction.lisp)
Linked: (/home/me/progetto_labiagi/devel/.private/ped/share/common-lisp/ros/ped/msg/msgActionGoal.lisp, /home/me/progetto_labiagi/devel/share/common-lisp/ros/ped/msg/msgActionGoal.lisp)
Linked: (/home/me/progetto_labiagi/devel/.private/ped/share/common-lisp/ros/ped/msg/msgActionResult.lisp, /home/me/progetto_labiagi/devel/share/common-lisp/ros/ped/msg/msgActionResult.lisp)
Linked: (/home/me/progetto_labiagi/devel/.private/ped/share/common-lisp/ros/ped/msg/msgActionFeedback.lisp, /home/me/progetto_labiagi/devel/share/common-lisp/ros/ped/msg/msgActionFeedback.lisp)
Linked: (/home/me/progetto_labiagi/devel/.private/ped/share/common-lisp/ros/ped/msg/_package_msgFeedback.lisp, /home/me/progetto_labiagi/devel/share/common-lisp/ros/ped/msg/_package_msgFeedback.lisp)
Linked: (/home/me/progetto_labiagi/devel/.private/ped/share/common-lisp/ros/ped/msg/_package_msgActionResult.lisp, /home/me/progetto_labiagi/devel/share/common-lisp/ros/ped/msg/_package_msgActionResult.lisp)
Linked: (/home/me/progetto_labiagi/devel/.private/ped/share/common-lisp/ros/ped/msg/_package_msgGoal.lisp, /home/me/progetto_labiagi/devel/share/common-lisp/ros/ped/msg/_package_msgGoal.lisp)
Linked: (/home/me/progetto_labiagi/devel/.private/ped/share/common-lisp/ros/ped/msg/utenti.lisp, /home/me/progetto_labiagi/devel/share/common-lisp/ros/ped/msg/utenti.lisp)
Linked: (/home/me/progetto_labiagi/devel/.private/ped/share/common-lisp/ros/ped/msg/ped-msg.asd, /home/me/progetto_labiagi/devel/share/common-lisp/ros/ped/msg/ped-msg.asd)
Linked: (/home/me/progetto_labiagi/devel/.private/ped/share/common-lisp/ros/ped/msg/_package_msgActionGoal.lisp, /home/me/progetto_labiagi/devel/share/common-lisp/ros/ped/msg/_package_msgActionGoal.lisp)
Linked: (/home/me/progetto_labiagi/devel/.private/ped/share/common-lisp/ros/ped/msg/msgGoal.lisp, /home/me/progetto_labiagi/devel/share/common-lisp/ros/ped/msg/msgGoal.lisp)
Linked: (/home/me/progetto_labiagi/devel/.private/ped/share/common-lisp/ros/ped/msg/User.lisp, /home/me/progetto_labiagi/devel/share/common-lisp/ros/ped/msg/User.lisp)
Linked: (/home/me/progetto_labiagi/devel/.private/ped/share/common-lisp/ros/ped/srv/_package.lisp, /home/me/progetto_labiagi/devel/share/common-lisp/ros/ped/srv/_package.lisp)
Linked: (/home/me/progetto_labiagi/devel/.private/ped/share/common-lisp/ros/ped/srv/_package_set_user.lisp, /home/me/progetto_labiagi/devel/share/common-lisp/ros/ped/srv/_package_set_user.lisp)
Linked: (/home/me/progetto_labiagi/devel/.private/ped/share/common-lisp/ros/ped/srv/set_user.lisp, /home/me/progetto_labiagi/devel/share/common-lisp/ros/ped/srv/set_user.lisp)
Linked: (/home/me/progetto_labiagi/devel/.private/ped/share/common-lisp/ros/ped/srv/ped-srv.asd, /home/me/progetto_labiagi/devel/share/common-lisp/ros/ped/srv/ped-srv.asd)
