[01m[K/home/me/progetto_labiagi/src/ped/src/ped_client.cpp:[m[K In function ‘[01m[Kvoid CB(const ConstPtr&)[m[K’:
[01m[K/home/me/progetto_labiagi/src/ped/src/ped_client.cpp:81:75:[m[K [01;31m[Kerror: [m[K‘[01m[Kritiro[m[K’ was not declared in this scope
    cout << "IL PACCO È ARRIVATO DIGITA QUALCOSA PER RITIRARLO: "; cin << [01;31m[Kritiro[m[K;
                                                                           [01;31m[K^~~~~~[m[K
[01m[K/home/me/progetto_labiagi/src/ped/src/ped_client.cpp:81:75:[m[K [01;36m[Knote: [m[Ksuggested alternative: ‘[01m[Krmdir[m[K’
    cout << "IL PACCO È ARRIVATO DIGITA QUALCOSA PER RITIRARLO: "; cin << [01;36m[Kritiro[m[K;
                                                                           [01;36m[K^~~~~~[m[K
                                                                           [32m[Krmdir[m[K
[01m[K/home/me/progetto_labiagi/src/ped/src/ped_client.cpp:85:4:[m[K [01;31m[Kerror: [m[K‘[01m[Ktalk[m[K’ was not declared in this scope
    [01;31m[Ktalk[m[K.publish(m);
    [01;31m[K^~~~[m[K
[01m[K/home/me/progetto_labiagi/src/ped/src/ped_client.cpp:85:4:[m[K [01;36m[Knote: [m[Ksuggested alternative: ‘[01m[Ktanq[m[K’
    [01;36m[Ktalk[m[K.publish(m);
    [01;36m[K^~~~[m[K
    [32m[Ktanq[m[K
make[2]: *** [CMakeFiles/ped_client.dir/src/ped_client.cpp.o] Error 1
make[1]: *** [CMakeFiles/ped_client.dir/all] Error 2
make[1]: *** Waiting for unfinished jobs....
[01m[K/home/me/progetto_labiagi/src/ped/src/ped_server.cpp:[m[K In function ‘[01m[Kvoid CB(const ConstPtr&)[m[K’:
[01m[K/home/me/progetto_labiagi/src/ped/src/ped_server.cpp:155:16:[m[K [01;31m[Kerror: [m[Kpassing ‘[01m[Kconst _option_type {aka const std::__cxx11::basic_string<char>}[m[K’ as ‘[01m[Kthis[m[K’ argument discards qualifiers [[01;31m[K-fpermissive[m[K]
    msg->option=[01;31m[K"devi-ritirare"[m[K;
                [01;31m[K^~~~~~~~~~~~~~~[m[K
In file included from [01m[K/usr/include/c++/7/string:52:0[m[K,
                 from [01m[K/usr/include/c++/7/bits/locale_classes.h:40[m[K,
                 from [01m[K/usr/include/c++/7/bits/ios_base.h:41[m[K,
                 from [01m[K/usr/include/c++/7/ios:42[m[K,
                 from [01m[K/usr/include/c++/7/istream:38[m[K,
                 from [01m[K/usr/include/c++/7/sstream:38[m[K,
                 from [01m[K/home/me/progetto_labiagi/src/ped/src/utils.h:1[m[K,
                 from [01m[K/home/me/progetto_labiagi/src/ped/src/ped_server.cpp:1[m[K:
[01m[K/usr/include/c++/7/bits/basic_string.h:693:7:[m[K [01;36m[Knote: [m[K  in call to ‘[01m[Kstd::__cxx11::basic_string<_CharT, _Traits, _Alloc>& std::__cxx11::basic_string<_CharT, _Traits, _Alloc>::operator=(const _CharT*) [with _CharT = char; _Traits = std::char_traits<char>; _Alloc = std::allocator<char>][m[K’
       [01;36m[Koperator[m[K=(const _CharT* __s)
       [01;36m[K^~~~~~~~[m[K
make[2]: *** [CMakeFiles/ped_server.dir/src/ped_server.cpp.o] Error 1
make[1]: *** [CMakeFiles/ped_server.dir/all] Error 2
make: *** [all] Error 2
