[01m[K/home/me/progetto_labiagi/src/ped/src/ped_client.cpp:[m[K In function ‘[01m[Kvoid CB(const ConstPtr&)[m[K’:
[01m[K/home/me/progetto_labiagi/src/ped/src/ped_client.cpp:41:5:[m[K [01;31m[Kerror: [m[K‘[01m[Kwait_psw[m[K’ was not declared in this scope
  if([01;31m[Kwait_psw[m[K) {
     [01;31m[K^~~~~~~~[m[K
[01m[K/home/me/progetto_labiagi/src/ped/src/ped_client.cpp:42:3:[m[K [01;31m[Kerror: [m[K‘[01m[Kpassword[m[K’ was not declared in this scope
   [01;31m[Kpassword[m[K=msg->data;
   [01;31m[K^~~~~~~~[m[K
[01m[K/home/me/progetto_labiagi/src/ped/src/ped_client.cpp:42:3:[m[K [01;36m[Knote: [m[Ksuggested alternative: ‘[01m[Kassert[m[K’
   [01;36m[Kpassword[m[K=msg->data;
   [01;36m[K^~~~~~~~[m[K
   [32m[Kassert[m[K
[01m[K/home/me/progetto_labiagi/src/ped/src/ped_client.cpp:43:3:[m[K [01;31m[Kerror: [m[K‘[01m[Kpsw_exit[m[K’ was not declared in this scope
   [01;31m[Kpsw_exit[m[K=true;
   [01;31m[K^~~~~~~~[m[K
[01m[K/home/me/progetto_labiagi/src/ped/src/ped_client.cpp:43:3:[m[K [01;36m[Knote: [m[Ksuggested alternative: ‘[01m[Kon_exit[m[K’
   [01;36m[Kpsw_exit[m[K=true;
   [01;36m[K^~~~~~~~[m[K
   [32m[Kon_exit[m[K
[01m[K/home/me/progetto_labiagi/src/ped/src/ped_client.cpp:45:23:[m[K [01;31m[Kerror: [m[K‘[01m[Kwait_psw[m[K’ was not declared in this scope
  if(msg->data=="psw") [01;31m[Kwait_psw[m[K=true;
                       [01;31m[K^~~~~~~~[m[K
make[2]: *** [CMakeFiles/ped_client.dir/src/ped_client.cpp.o] Error 1
make[1]: *** [CMakeFiles/ped_client.dir/all] Error 2
make: *** [all] Error 2
