[01m[K/home/me/progetto_labiagi/src/ped/src/ped_client.cpp:[m[K In function ‘[01m[Kint main(int, char**)[m[K’:
[01m[K/home/me/progetto_labiagi/src/ped/src/ped_client.cpp:53:6:[m[K [01;31m[Kerror: [m[K‘[01m[Kstd_msgs::String {aka struct std_msgs::String_<std::allocator<void> >}[m[K’ has no member named ‘[01m[Kname[m[K’
  msg.[01;31m[Kname[m[K=stanza;
      [01;31m[K^~~~[m[K
[01m[K/home/me/progetto_labiagi/src/ped/src/ped_client.cpp:54:6:[m[K [01;31m[Kerror: [m[K‘[01m[Kstd_msgs::String {aka struct std_msgs::String_<std::allocator<void> >}[m[K’ has no member named ‘[01m[Koption[m[K’
  msg.[01;31m[Koption[m[K="IN";
      [01;31m[K^~~~~~[m[K
make[2]: *** [CMakeFiles/ped_client.dir/src/ped_client.cpp.o] Error 1
make[1]: *** [CMakeFiles/ped_client.dir/all] Error 2
make[1]: *** Waiting for unfinished jobs....
[01m[K/home/me/progetto_labiagi/src/ped/src/ped_server.cpp:[m[K In function ‘[01m[Kvoid CB(const ConstPtr&)[m[K’:
[01m[K/home/me/progetto_labiagi/src/ped/src/ped_server.cpp:32:14:[m[K [01;31m[Kerror: [m[K‘[01m[Kconst ConstPtr {aka const class boost::shared_ptr<const ped::utenti_<std::allocator<void> > >}[m[K’ has no member named ‘[01m[Kname[m[K’
  cout << msg.[01;31m[Kname[m[K << " " << msg.option << endl;
              [01;31m[K^~~~[m[K
[01m[K/home/me/progetto_labiagi/src/ped/src/ped_server.cpp:32:33:[m[K [01;31m[Kerror: [m[K‘[01m[Kconst ConstPtr {aka const class boost::shared_ptr<const ped::utenti_<std::allocator<void> > >}[m[K’ has no member named ‘[01m[Koption[m[K’
  cout << msg.name << " " << msg.[01;31m[Koption[m[K << endl;
                                 [01;31m[K^~~~~~[m[K
make[2]: *** [CMakeFiles/ped_server.dir/src/ped_server.cpp.o] Error 1
make[1]: *** [CMakeFiles/ped_server.dir/all] Error 2
make: *** [all] Error 2
