[01m[K/home/me/progetto_labiagi/src/ped/src/ped_server.cpp:[m[K In function ‘[01m[Kvoid CB(const ConstPtr&)[m[K’:
[01m[K/home/me/progetto_labiagi/src/ped/src/ped_server.cpp:33:5:[m[K [01;31m[Kerror: [m[K‘[01m[Koption[m[K’ was not declared in this scope
  if([01;31m[Koption[m[K=="IN"){
     [01;31m[K^~~~~~[m[K
[01m[K/home/me/progetto_labiagi/src/ped/src/ped_server.cpp:33:5:[m[K [01;36m[Knote: [m[Ksuggested alternative: ‘[01m[Kopzioni[m[K’
  if([01;36m[Koption[m[K=="IN"){
     [01;36m[K^~~~~~[m[K
     [32m[Kopzioni[m[K
[01m[K/home/me/progetto_labiagi/src/ped/src/ped_server.cpp:67:23:[m[K [01;31m[Kerror: [m[Kno match for ‘[01m[Koperator=[m[K’ (operand types are ‘[01m[Kgeometry_msgs::Pose_<std::allocator<void> >::_position_type {aka geometry_msgs::Point_<std::allocator<void> >}[m[K’ and ‘[01m[Kfloat[m[K’)
    goal.pose.position=[01;31m[Kx[m[K;
                       [01;31m[K^[m[K
In file included from [01m[K/opt/ros/melodic/include/geometry_msgs/Pose.h:18:0[m[K,
                 from [01m[K/opt/ros/melodic/include/geometry_msgs/PoseStamped.h:19[m[K,
                 from [01m[K/home/me/progetto_labiagi/src/ped/src/ped_server.cpp:3[m[K:
[01m[K/opt/ros/melodic/include/geometry_msgs/Point.h:22:8:[m[K [01;36m[Knote: [m[Kcandidate: constexpr geometry_msgs::Point_<std::allocator<void> >& geometry_msgs::Point_<std::allocator<void> >::operator=(const geometry_msgs::Point_<std::allocator<void> >&)
 struct [01;36m[KPoint_[m[K
        [01;36m[K^~~~~~[m[K
[01m[K/opt/ros/melodic/include/geometry_msgs/Point.h:22:8:[m[K [01;36m[Knote: [m[K  no known conversion for argument 1 from ‘[01m[Kfloat[m[K’ to ‘[01m[Kconst geometry_msgs::Point_<std::allocator<void> >&[m[K’
[01m[K/opt/ros/melodic/include/geometry_msgs/Point.h:22:8:[m[K [01;36m[Knote: [m[Kcandidate: constexpr geometry_msgs::Point_<std::allocator<void> >& geometry_msgs::Point_<std::allocator<void> >::operator=(geometry_msgs::Point_<std::allocator<void> >&&)
[01m[K/opt/ros/melodic/include/geometry_msgs/Point.h:22:8:[m[K [01;36m[Knote: [m[K  no known conversion for argument 1 from ‘[01m[Kfloat[m[K’ to ‘[01m[Kgeometry_msgs::Point_<std::allocator<void> >&&[m[K’
[01m[K/home/me/progetto_labiagi/src/ped/src/ped_server.cpp:68:23:[m[K [01;31m[Kerror: [m[Kno match for ‘[01m[Koperator=[m[K’ (operand types are ‘[01m[Kgeometry_msgs::Pose_<std::allocator<void> >::_position_type {aka geometry_msgs::Point_<std::allocator<void> >}[m[K’ and ‘[01m[Kfloat[m[K’)
    goal.pose.position=[01;31m[Ky[m[K;
                       [01;31m[K^[m[K
In file included from [01m[K/opt/ros/melodic/include/geometry_msgs/Pose.h:18:0[m[K,
                 from [01m[K/opt/ros/melodic/include/geometry_msgs/PoseStamped.h:19[m[K,
                 from [01m[K/home/me/progetto_labiagi/src/ped/src/ped_server.cpp:3[m[K:
[01m[K/opt/ros/melodic/include/geometry_msgs/Point.h:22:8:[m[K [01;36m[Knote: [m[Kcandidate: constexpr geometry_msgs::Point_<std::allocator<void> >& geometry_msgs::Point_<std::allocator<void> >::operator=(const geometry_msgs::Point_<std::allocator<void> >&)
 struct [01;36m[KPoint_[m[K
        [01;36m[K^~~~~~[m[K
[01m[K/opt/ros/melodic/include/geometry_msgs/Point.h:22:8:[m[K [01;36m[Knote: [m[K  no known conversion for argument 1 from ‘[01m[Kfloat[m[K’ to ‘[01m[Kconst geometry_msgs::Point_<std::allocator<void> >&[m[K’
[01m[K/opt/ros/melodic/include/geometry_msgs/Point.h:22:8:[m[K [01;36m[Knote: [m[Kcandidate: constexpr geometry_msgs::Point_<std::allocator<void> >& geometry_msgs::Point_<std::allocator<void> >::operator=(geometry_msgs::Point_<std::allocator<void> >&&)
[01m[K/opt/ros/melodic/include/geometry_msgs/Point.h:22:8:[m[K [01;36m[Knote: [m[K  no known conversion for argument 1 from ‘[01m[Kfloat[m[K’ to ‘[01m[Kgeometry_msgs::Point_<std::allocator<void> >&&[m[K’
make[2]: *** [CMakeFiles/ped_server.dir/src/ped_server.cpp.o] Error 1
make[1]: *** [CMakeFiles/ped_server.dir/all] Error 2
make: *** [all] Error 2
