In file included from [01m[K/opt/ros/melodic/include/ros/serialization.h:37:0[m[K,
                 from [01m[K/opt/ros/melodic/include/ros/publisher.h:34[m[K,
                 from [01m[K/opt/ros/melodic/include/ros/node_handle.h:32[m[K,
                 from [01m[K/opt/ros/melodic/include/ros/ros.h:45[m[K,
                 from [01m[K/home/me/progetto_labiagi/src/ped/src/utils.h:2[m[K,
                 from [01m[K/home/me/progetto_labiagi/src/ped/src/ped_client.cpp:1[m[K:
/opt/ros/melodic/include/ros/message_traits.h: In instantiation of ‘[01m[Kstatic const char* ros::message_traits::MD5Sum<M>::value(const M&) [with M = char [6]][m[K’:
[01m[K/opt/ros/melodic/include/ros/message_traits.h:254:102:[m[K   required from ‘[01m[Kconst char* ros::message_traits::md5sum(const M&) [with M = char [6]][m[K’
[01m[K/opt/ros/melodic/include/ros/publisher.h:113:7:[m[K   required from ‘[01m[Kvoid ros::Publisher::publish(const M&) const [with M = char [6]][m[K’
[01m[K/home/me/progetto_labiagi/src/ped/src/ped_client.cpp:28:29:[m[K   required from here
[01m[K/opt/ros/melodic/include/ros/message_traits.h:125:14:[m[K [01;31m[Kerror: [m[Krequest for member ‘[01m[K__getMD5Sum[m[K’ in ‘[01m[Km[m[K’, which is of non-class type ‘[01m[Kconst char [6][m[K’
     return [01;31m[Km.__getMD5Sum[m[K().c_str();
            [01;31m[K~~^~~~~~~~~~~[m[K
/opt/ros/melodic/include/ros/message_traits.h: In instantiation of ‘[01m[Kstatic const char* ros::message_traits::DataType<M>::value(const M&) [with M = char [6]][m[K’:
[01m[K/opt/ros/melodic/include/ros/message_traits.h:263:104:[m[K   required from ‘[01m[Kconst char* ros::message_traits::datatype(const M&) [with M = char [6]][m[K’
[01m[K/opt/ros/melodic/include/ros/publisher.h:113:7:[m[K   required from ‘[01m[Kvoid ros::Publisher::publish(const M&) const [with M = char [6]][m[K’
[01m[K/home/me/progetto_labiagi/src/ped/src/ped_client.cpp:28:29:[m[K   required from here
[01m[K/opt/ros/melodic/include/ros/message_traits.h:142:14:[m[K [01;31m[Kerror: [m[Krequest for member ‘[01m[K__getDataType[m[K’ in ‘[01m[Km[m[K’, which is of non-class type ‘[01m[Kconst char [6][m[K’
     return [01;31m[Km.__getDataType[m[K().c_str();
            [01;31m[K~~^~~~~~~~~~~~~[m[K
/opt/ros/melodic/include/ros/message_traits.h: In instantiation of ‘[01m[Kstatic const char* ros::message_traits::MD5Sum<M>::value(const M&) [with M = char [7]][m[K’:
[01m[K/opt/ros/melodic/include/ros/message_traits.h:254:102:[m[K   required from ‘[01m[Kconst char* ros::message_traits::md5sum(const M&) [with M = char [7]][m[K’
[01m[K/opt/ros/melodic/include/ros/publisher.h:113:7:[m[K   required from ‘[01m[Kvoid ros::Publisher::publish(const M&) const [with M = char [7]][m[K’
[01m[K/home/me/progetto_labiagi/src/ped/src/ped_client.cpp:32:30:[m[K   required from here
[01m[K/opt/ros/melodic/include/ros/message_traits.h:125:14:[m[K [01;31m[Kerror: [m[Krequest for member ‘[01m[K__getMD5Sum[m[K’ in ‘[01m[Km[m[K’, which is of non-class type ‘[01m[Kconst char [7][m[K’
     return [01;31m[Km.__getMD5Sum[m[K().c_str();
            [01;31m[K~~^~~~~~~~~~~[m[K
/opt/ros/melodic/include/ros/message_traits.h: In instantiation of ‘[01m[Kstatic const char* ros::message_traits::DataType<M>::value(const M&) [with M = char [7]][m[K’:
[01m[K/opt/ros/melodic/include/ros/message_traits.h:263:104:[m[K   required from ‘[01m[Kconst char* ros::message_traits::datatype(const M&) [with M = char [7]][m[K’
[01m[K/opt/ros/melodic/include/ros/publisher.h:113:7:[m[K   required from ‘[01m[Kvoid ros::Publisher::publish(const M&) const [with M = char [7]][m[K’
[01m[K/home/me/progetto_labiagi/src/ped/src/ped_client.cpp:32:30:[m[K   required from here
[01m[K/opt/ros/melodic/include/ros/message_traits.h:142:14:[m[K [01;31m[Kerror: [m[Krequest for member ‘[01m[K__getDataType[m[K’ in ‘[01m[Km[m[K’, which is of non-class type ‘[01m[Kconst char [7][m[K’
     return [01;31m[Km.__getDataType[m[K().c_str();
            [01;31m[K~~^~~~~~~~~~~~~[m[K
In file included from [01m[K/opt/ros/melodic/include/ros/publisher.h:34:0[m[K,
                 from [01m[K/opt/ros/melodic/include/ros/node_handle.h:32[m[K,
                 from [01m[K/opt/ros/melodic/include/ros/ros.h:45[m[K,
                 from [01m[K/home/me/progetto_labiagi/src/ped/src/utils.h:2[m[K,
                 from [01m[K/home/me/progetto_labiagi/src/ped/src/ped_client.cpp:1[m[K:
/opt/ros/melodic/include/ros/serialization.h: In instantiation of ‘[01m[Kstatic uint32_t ros::serialization::Serializer<T>::serializedLength(typename boost::call_traits<T>::param_type) [with T = char [6]; uint32_t = unsigned int; typename boost::call_traits<T>::param_type = const char* const][m[K’:
[01m[K/opt/ros/melodic/include/ros/serialization.h:172:41:[m[K   required from ‘[01m[Kuint32_t ros::serialization::serializationLength(const T&) [with T = char [6]; uint32_t = unsigned int][m[K’
[01m[K/opt/ros/melodic/include/ros/serialization.h:807:37:[m[K   required from ‘[01m[Kros::SerializedMessage ros::serialization::serializeMessage(const M&) [with M = char [6]][m[K’
[01m[K/opt/ros/melodic/include/ros/publisher.h:119:26:[m[K   required from ‘[01m[Kvoid ros::Publisher::publish(const M&) const [with M = char [6]][m[K’
[01m[K/home/me/progetto_labiagi/src/ped/src/ped_client.cpp:28:29:[m[K   required from here
[01m[K/opt/ros/melodic/include/ros/serialization.h:144:14:[m[K [01;31m[Kerror: [m[Krequest for member ‘[01m[KserializationLength[m[K’ in ‘[01m[Kt[m[K’, which is of non-class type ‘[01m[Kboost::call_traits<char [6]>::param_type {aka const char* const}[m[K’
     return [01;31m[Kt.serializationLength[m[K();
            [01;31m[K~~^~~~~~~~~~~~~~~~~~~[m[K
/opt/ros/melodic/include/ros/serialization.h: In instantiation of ‘[01m[Kstatic void ros::serialization::Serializer<T>::write(Stream&, typename boost::call_traits<T>::param_type) [with Stream = ros::serialization::OStream; T = char [6]; typename boost::call_traits<T>::param_type = const char* const][m[K’:
[01m[K/opt/ros/melodic/include/ros/serialization.h:154:23:[m[K   required from ‘[01m[Kvoid ros::serialization::serialize(Stream&, const T&) [with T = char [6]; Stream = ros::serialization::OStream][m[K’
[01m[K/opt/ros/melodic/include/ros/serialization.h:814:12:[m[K   required from ‘[01m[Kros::SerializedMessage ros::serialization::serializeMessage(const M&) [with M = char [6]][m[K’
[01m[K/opt/ros/melodic/include/ros/publisher.h:119:26:[m[K   required from ‘[01m[Kvoid ros::Publisher::publish(const M&) const [with M = char [6]][m[K’
[01m[K/home/me/progetto_labiagi/src/ped/src/ped_client.cpp:28:29:[m[K   required from here
[01m[K/opt/ros/melodic/include/ros/serialization.h:127:7:[m[K [01;31m[Kerror: [m[Krequest for member ‘[01m[Kserialize[m[K’ in ‘[01m[Kt[m[K’, which is of non-class type ‘[01m[Kboost::call_traits<char [6]>::param_type {aka const char* const}[m[K’
     [01;31m[Kt.serialize[m[K(stream.getData(), 0);
     [01;31m[K~~^~~~~~~~~[m[K
/opt/ros/melodic/include/ros/serialization.h: In instantiation of ‘[01m[Kstatic uint32_t ros::serialization::Serializer<T>::serializedLength(typename boost::call_traits<T>::param_type) [with T = char [7]; uint32_t = unsigned int; typename boost::call_traits<T>::param_type = const char* const][m[K’:
[01m[K/opt/ros/melodic/include/ros/serialization.h:172:41:[m[K   required from ‘[01m[Kuint32_t ros::serialization::serializationLength(const T&) [with T = char [7]; uint32_t = unsigned int][m[K’
[01m[K/opt/ros/melodic/include/ros/serialization.h:807:37:[m[K   required from ‘[01m[Kros::SerializedMessage ros::serialization::serializeMessage(const M&) [with M = char [7]][m[K’
[01m[K/opt/ros/melodic/include/ros/publisher.h:119:26:[m[K   required from ‘[01m[Kvoid ros::Publisher::publish(const M&) const [with M = char [7]][m[K’
[01m[K/home/me/progetto_labiagi/src/ped/src/ped_client.cpp:32:30:[m[K   required from here
[01m[K/opt/ros/melodic/include/ros/serialization.h:144:14:[m[K [01;31m[Kerror: [m[Krequest for member ‘[01m[KserializationLength[m[K’ in ‘[01m[Kt[m[K’, which is of non-class type ‘[01m[Kboost::call_traits<char [7]>::param_type {aka const char* const}[m[K’
     return [01;31m[Kt.serializationLength[m[K();
            [01;31m[K~~^~~~~~~~~~~~~~~~~~~[m[K
/opt/ros/melodic/include/ros/serialization.h: In instantiation of ‘[01m[Kstatic void ros::serialization::Serializer<T>::write(Stream&, typename boost::call_traits<T>::param_type) [with Stream = ros::serialization::OStream; T = char [7]; typename boost::call_traits<T>::param_type = const char* const][m[K’:
[01m[K/opt/ros/melodic/include/ros/serialization.h:154:23:[m[K   required from ‘[01m[Kvoid ros::serialization::serialize(Stream&, const T&) [with T = char [7]; Stream = ros::serialization::OStream][m[K’
[01m[K/opt/ros/melodic/include/ros/serialization.h:814:12:[m[K   required from ‘[01m[Kros::SerializedMessage ros::serialization::serializeMessage(const M&) [with M = char [7]][m[K’
[01m[K/opt/ros/melodic/include/ros/publisher.h:119:26:[m[K   required from ‘[01m[Kvoid ros::Publisher::publish(const M&) const [with M = char [7]][m[K’
[01m[K/home/me/progetto_labiagi/src/ped/src/ped_client.cpp:32:30:[m[K   required from here
[01m[K/opt/ros/melodic/include/ros/serialization.h:127:7:[m[K [01;31m[Kerror: [m[Krequest for member ‘[01m[Kserialize[m[K’ in ‘[01m[Kt[m[K’, which is of non-class type ‘[01m[Kboost::call_traits<char [7]>::param_type {aka const char* const}[m[K’
     [01;31m[Kt.serialize[m[K(stream.getData(), 0);
     [01;31m[K~~^~~~~~~~~[m[K
make[2]: *** [CMakeFiles/ped_client.dir/src/ped_client.cpp.o] Error 1
make[1]: *** [CMakeFiles/ped_client.dir/all] Error 2
make[1]: *** Waiting for unfinished jobs....
make: *** [all] Error 2
