[01m[K/home/me/progetto_labiagi/src/ped/src/ped_server.cpp:[m[K In function ‘[01m[Kvoid CB(const ConstPtr&)[m[K’:
[01m[K/home/me/progetto_labiagi/src/ped/src/ped_server.cpp:187:17:[m[K [01;31m[Kerror: [m[Kno match for ‘[01m[Koperator+[m[K’ (operand types are ‘[01m[Kros::Time[m[K’ and ‘[01m[Kint[m[K’)
     if(end>[01;31m[Kbegin+20[m[K) break;
            [01;31m[K~~~~~^~~[m[K
In file included from [01m[K/opt/ros/melodic/include/ros/ros.h:38:0[m[K,
                 from [01m[K/home/me/progetto_labiagi/src/ped/src/utils.h:2[m[K,
                 from [01m[K/home/me/progetto_labiagi/src/ped/src/ped_server.cpp:1[m[K:
[01m[K/opt/ros/melodic/include/ros/time.h:142:7:[m[K [01;36m[Knote: [m[Kcandidate: T ros::TimeBase<T, D>::operator+(const D&) const [with T = ros::Time; D = ros::Duration]
     T [01;36m[Koperator[m[K+(const D &rhs) const;
       [01;36m[K^~~~~~~~[m[K
[01m[K/opt/ros/melodic/include/ros/time.h:142:7:[m[K [01;36m[Knote: [m[K  no known conversion for argument 1 from ‘[01m[Kint[m[K’ to ‘[01m[Kconst ros::Duration&[m[K’
In file included from [01m[K/usr/include/c++/7/bits/stl_algobase.h:67:0[m[K,
                 from [01m[K/usr/include/c++/7/bits/char_traits.h:39[m[K,
                 from [01m[K/usr/include/c++/7/ios:40[m[K,
                 from [01m[K/usr/include/c++/7/istream:38[m[K,
                 from [01m[K/usr/include/c++/7/sstream:38[m[K,
                 from [01m[K/home/me/progetto_labiagi/src/ped/src/utils.h:1[m[K,
                 from [01m[K/home/me/progetto_labiagi/src/ped/src/ped_server.cpp:1[m[K:
[01m[K/usr/include/c++/7/bits/stl_iterator.h:400:5:[m[K [01;36m[Knote: [m[Kcandidate: template<class _Iterator> std::reverse_iterator<_Iterator> std::operator+(typename std::reverse_iterator<_Iterator>::difference_type, const std::reverse_iterator<_Iterator>&)
     [01;36m[Koperator[m[K+(typename reverse_iterator<_Iterator>::difference_type __n,
     [01;36m[K^~~~~~~~[m[K
[01m[K/usr/include/c++/7/bits/stl_iterator.h:400:5:[m[K [01;36m[Knote: [m[K  template argument deduction/substitution failed:
[01m[K/home/me/progetto_labiagi/src/ped/src/ped_server.cpp:187:18:[m[K [01;36m[Knote: [m[K  mismatched types ‘[01m[Kconst std::reverse_iterator<_Iterator>[m[K’ and ‘[01m[Kint[m[K’
     if(end>begin+[01;36m[K20[m[K) break;
                  [01;36m[K^~[m[K
In file included from [01m[K/usr/include/c++/7/bits/stl_algobase.h:67:0[m[K,
                 from [01m[K/usr/include/c++/7/bits/char_traits.h:39[m[K,
                 from [01m[K/usr/include/c++/7/ios:40[m[K,
                 from [01m[K/usr/include/c++/7/istream:38[m[K,
                 from [01m[K/usr/include/c++/7/sstream:38[m[K,
                 from [01m[K/home/me/progetto_labiagi/src/ped/src/utils.h:1[m[K,
                 from [01m[K/home/me/progetto_labiagi/src/ped/src/ped_server.cpp:1[m[K:
[01m[K/usr/include/c++/7/bits/stl_iterator.h:1201:5:[m[K [01;36m[Knote: [m[Kcandidate: template<class _Iterator> std::move_iterator<_IteratorL> std::operator+(typename std::move_iterator<_IteratorL>::difference_type, const std::move_iterator<_IteratorL>&)
     [01;36m[Koperator[m[K+(typename move_iterator<_Iterator>::difference_type __n,
     [01;36m[K^~~~~~~~[m[K
[01m[K/usr/include/c++/7/bits/stl_iterator.h:1201:5:[m[K [01;36m[Knote: [m[K  template argument deduction/substitution failed:
[01m[K/home/me/progetto_labiagi/src/ped/src/ped_server.cpp:187:18:[m[K [01;36m[Knote: [m[K  mismatched types ‘[01m[Kconst std::move_iterator<_IteratorL>[m[K’ and ‘[01m[Kint[m[K’
     if(end>begin+[01;36m[K20[m[K) break;
                  [01;36m[K^~[m[K
In file included from [01m[K/usr/include/c++/7/string:52:0[m[K,
                 from [01m[K/usr/include/c++/7/bits/locale_classes.h:40[m[K,
                 from [01m[K/usr/include/c++/7/bits/ios_base.h:41[m[K,
                 from [01m[K/usr/include/c++/7/ios:42[m[K,
                 from [01m[K/usr/include/c++/7/istream:38[m[K,
                 from [01m[K/usr/include/c++/7/sstream:38[m[K,
                 from [01m[K/home/me/progetto_labiagi/src/ped/src/utils.h:1[m[K,
                 from [01m[K/home/me/progetto_labiagi/src/ped/src/ped_server.cpp:1[m[K:
[01m[K/usr/include/c++/7/bits/basic_string.h:5888:5:[m[K [01;36m[Knote: [m[Kcandidate: template<class _CharT, class _Traits, class _Alloc> std::__cxx11::basic_string<_CharT, _Traits, _Alloc> std::operator+(const std::__cxx11::basic_string<_CharT, _Traits, _Alloc>&, const std::__cxx11::basic_string<_CharT, _Traits, _Alloc>&)
     [01;36m[Koperator[m[K+(const basic_string<_CharT, _Traits, _Alloc>& __lhs,
     [01;36m[K^~~~~~~~[m[K
[01m[K/usr/include/c++/7/bits/basic_string.h:5888:5:[m[K [01;36m[Knote: [m[K  template argument deduction/substitution failed:
[01m[K/home/me/progetto_labiagi/src/ped/src/ped_server.cpp:187:18:[m[K [01;36m[Knote: [m[K  ‘[01m[Kros::Time[m[K’ is not derived from ‘[01m[Kconst std::__cxx11::basic_string<_CharT, _Traits, _Alloc>[m[K’
     if(end>begin+[01;36m[K20[m[K) break;
                  [01;36m[K^~[m[K
In file included from [01m[K/usr/include/c++/7/string:53:0[m[K,
                 from [01m[K/usr/include/c++/7/bits/locale_classes.h:40[m[K,
                 from [01m[K/usr/include/c++/7/bits/ios_base.h:41[m[K,
                 from [01m[K/usr/include/c++/7/ios:42[m[K,
                 from [01m[K/usr/include/c++/7/istream:38[m[K,
                 from [01m[K/usr/include/c++/7/sstream:38[m[K,
                 from [01m[K/home/me/progetto_labiagi/src/ped/src/utils.h:1[m[K,
                 from [01m[K/home/me/progetto_labiagi/src/ped/src/ped_server.cpp:1[m[K:
[01m[K/usr/include/c++/7/bits/basic_string.tcc:1157:5:[m[K [01;36m[Knote: [m[Kcandidate: template<class _CharT, class _Traits, class _Alloc> std::__cxx11::basic_string<_CharT, _Traits, _Alloc> std::operator+(const _CharT*, const std::__cxx11::basic_string<_CharT, _Traits, _Alloc>&)
     [01;36m[Koperator[m[K+(const _CharT* __lhs,
     [01;36m[K^~~~~~~~[m[K
[01m[K/usr/include/c++/7/bits/basic_string.tcc:1157:5:[m[K [01;36m[Knote: [m[K  template argument deduction/substitution failed:
[01m[K/home/me/progetto_labiagi/src/ped/src/ped_server.cpp:187:18:[m[K [01;36m[Knote: [m[K  mismatched types ‘[01m[Kconst _CharT*[m[K’ and ‘[01m[Kros::Time[m[K’
     if(end>begin+[01;36m[K20[m[K) break;
                  [01;36m[K^~[m[K
In file included from [01m[K/usr/include/c++/7/string:53:0[m[K,
                 from [01m[K/usr/include/c++/7/bits/locale_classes.h:40[m[K,
                 from [01m[K/usr/include/c++/7/bits/ios_base.h:41[m[K,
                 from [01m[K/usr/include/c++/7/ios:42[m[K,
                 from [01m[K/usr/include/c++/7/istream:38[m[K,
                 from [01m[K/usr/include/c++/7/sstream:38[m[K,
                 from [01m[K/home/me/progetto_labiagi/src/ped/src/utils.h:1[m[K,
                 from [01m[K/home/me/progetto_labiagi/src/ped/src/ped_server.cpp:1[m[K:
[01m[K/usr/include/c++/7/bits/basic_string.tcc:1173:5:[m[K [01;36m[Knote: [m[Kcandidate: template<class _CharT, class _Traits, class _Alloc> std::__cxx11::basic_string<_CharT, _Traits, _Alloc> std::operator+(_CharT, const std::__cxx11::basic_string<_CharT, _Traits, _Alloc>&)
     [01;36m[Koperator[m[K+(_CharT __lhs, const basic_string<_CharT, _Traits, _Alloc>& __rhs)
     [01;36m[K^~~~~~~~[m[K
[01m[K/usr/include/c++/7/bits/basic_string.tcc:1173:5:[m[K [01;36m[Knote: [m[K  template argument deduction/substitution failed:
[01m[K/home/me/progetto_labiagi/src/ped/src/ped_server.cpp:187:18:[m[K [01;36m[Knote: [m[K  mismatched types ‘[01m[Kconst std::__cxx11::basic_string<_CharT, _Traits, _Alloc>[m[K’ and ‘[01m[Kint[m[K’
     if(end>begin+[01;36m[K20[m[K) break;
                  [01;36m[K^~[m[K
In file included from [01m[K/usr/include/c++/7/string:52:0[m[K,
                 from [01m[K/usr/include/c++/7/bits/locale_classes.h:40[m[K,
                 from [01m[K/usr/include/c++/7/bits/ios_base.h:41[m[K,
                 from [01m[K/usr/include/c++/7/ios:42[m[K,
                 from [01m[K/usr/include/c++/7/istream:38[m[K,
                 from [01m[K/usr/include/c++/7/sstream:38[m[K,
                 from [01m[K/home/me/progetto_labiagi/src/ped/src/utils.h:1[m[K,
                 from [01m[K/home/me/progetto_labiagi/src/ped/src/ped_server.cpp:1[m[K:
[01m[K/usr/include/c++/7/bits/basic_string.h:5925:5:[m[K [01;36m[Knote: [m[Kcandidate: template<class _CharT, class _Traits, class _Alloc> std::__cxx11::basic_string<_CharT, _Traits, _Alloc> std::operator+(const std::__cxx11::basic_string<_CharT, _Traits, _Alloc>&, const _CharT*)
     [01;36m[Koperator[m[K+(const basic_string<_CharT, _Traits, _Alloc>& __lhs,
     [01;36m[K^~~~~~~~[m[K
[01m[K/usr/include/c++/7/bits/basic_string.h:5925:5:[m[K [01;36m[Knote: [m[K  template argument deduction/substitution failed:
[01m[K/home/me/progetto_labiagi/src/ped/src/ped_server.cpp:187:18:[m[K [01;36m[Knote: [m[K  ‘[01m[Kros::Time[m[K’ is not derived from ‘[01m[Kconst std::__cxx11::basic_string<_CharT, _Traits, _Alloc>[m[K’
     if(end>begin+[01;36m[K20[m[K) break;
                  [01;36m[K^~[m[K
In file included from [01m[K/usr/include/c++/7/string:52:0[m[K,
                 from [01m[K/usr/include/c++/7/bits/locale_classes.h:40[m[K,
                 from [01m[K/usr/include/c++/7/bits/ios_base.h:41[m[K,
                 from [01m[K/usr/include/c++/7/ios:42[m[K,
                 from [01m[K/usr/include/c++/7/istream:38[m[K,
                 from [01m[K/usr/include/c++/7/sstream:38[m[K,
                 from [01m[K/home/me/progetto_labiagi/src/ped/src/utils.h:1[m[K,
                 from [01m[K/home/me/progetto_labiagi/src/ped/src/ped_server.cpp:1[m[K:
[01m[K/usr/include/c++/7/bits/basic_string.h:5941:5:[m[K [01;36m[Knote: [m[Kcandidate: template<class _CharT, class _Traits, class _Alloc> std::__cxx11::basic_string<_CharT, _Traits, _Alloc> std::operator+(const std::__cxx11::basic_string<_CharT, _Traits, _Alloc>&, _CharT)
     [01;36m[Koperator[m[K+(const basic_string<_CharT, _Traits, _Alloc>& __lhs, _CharT __rhs)
     [01;36m[K^~~~~~~~[m[K
[01m[K/usr/include/c++/7/bits/basic_string.h:5941:5:[m[K [01;36m[Knote: [m[K  template argument deduction/substitution failed:
[01m[K/home/me/progetto_labiagi/src/ped/src/ped_server.cpp:187:18:[m[K [01;36m[Knote: [m[K  ‘[01m[Kros::Time[m[K’ is not derived from ‘[01m[Kconst std::__cxx11::basic_string<_CharT, _Traits, _Alloc>[m[K’
     if(end>begin+[01;36m[K20[m[K) break;
                  [01;36m[K^~[m[K
In file included from [01m[K/usr/include/c++/7/string:52:0[m[K,
                 from [01m[K/usr/include/c++/7/bits/locale_classes.h:40[m[K,
                 from [01m[K/usr/include/c++/7/bits/ios_base.h:41[m[K,
                 from [01m[K/usr/include/c++/7/ios:42[m[K,
                 from [01m[K/usr/include/c++/7/istream:38[m[K,
                 from [01m[K/usr/include/c++/7/sstream:38[m[K,
                 from [01m[K/home/me/progetto_labiagi/src/ped/src/utils.h:1[m[K,
                 from [01m[K/home/me/progetto_labiagi/src/ped/src/ped_server.cpp:1[m[K:
[01m[K/usr/include/c++/7/bits/basic_string.h:5953:5:[m[K [01;36m[Knote: [m[Kcandidate: template<class _CharT, class _Traits, class _Alloc> std::__cxx11::basic_string<_CharT, _Traits, _Alloc> std::operator+(std::__cxx11::basic_string<_CharT, _Traits, _Alloc>&&, const std::__cxx11::basic_string<_CharT, _Traits, _Alloc>&)
     [01;36m[Koperator[m[K+(basic_string<_CharT, _Traits, _Alloc>&& __lhs,
     [01;36m[K^~~~~~~~[m[K
[01m[K/usr/include/c++/7/bits/basic_string.h:5953:5:[m[K [01;36m[Knote: [m[K  template argument deduction/substitution failed:
[01m[K/home/me/progetto_labiagi/src/ped/src/ped_server.cpp:187:18:[m[K [01;36m[Knote: [m[K  ‘[01m[Kros::Time[m[K’ is not derived from ‘[01m[Kstd::__cxx11::basic_string<_CharT, _Traits, _Alloc>[m[K’
     if(end>begin+[01;36m[K20[m[K) break;
                  [01;36m[K^~[m[K
In file included from [01m[K/usr/include/c++/7/string:52:0[m[K,
                 from [01m[K/usr/include/c++/7/bits/locale_classes.h:40[m[K,
                 from [01m[K/usr/include/c++/7/bits/ios_base.h:41[m[K,
                 from [01m[K/usr/include/c++/7/ios:42[m[K,
                 from [01m[K/usr/include/c++/7/istream:38[m[K,
                 from [01m[K/usr/include/c++/7/sstream:38[m[K,
                 from [01m[K/home/me/progetto_labiagi/src/ped/src/utils.h:1[m[K,
                 from [01m[K/home/me/progetto_labiagi/src/ped/src/ped_server.cpp:1[m[K:
[01m[K/usr/include/c++/7/bits/basic_string.h:5959:5:[m[K [01;36m[Knote: [m[Kcandidate: template<class _CharT, class _Traits, class _Alloc> std::__cxx11::basic_string<_CharT, _Traits, _Alloc> std::operator+(const std::__cxx11::basic_string<_CharT, _Traits, _Alloc>&, std::__cxx11::basic_string<_CharT, _Traits, _Alloc>&&)
     [01;36m[Koperator[m[K+(const basic_string<_CharT, _Traits, _Alloc>& __lhs,
     [01;36m[K^~~~~~~~[m[K
[01m[K/usr/include/c++/7/bits/basic_string.h:5959:5:[m[K [01;36m[Knote: [m[K  template argument deduction/substitution failed:
[01m[K/home/me/progetto_labiagi/src/ped/src/ped_server.cpp:187:18:[m[K [01;36m[Knote: [m[K  ‘[01m[Kros::Time[m[K’ is not derived from ‘[01m[Kconst std::__cxx11::basic_string<_CharT, _Traits, _Alloc>[m[K’
     if(end>begin+[01;36m[K20[m[K) break;
                  [01;36m[K^~[m[K
In file included from [01m[K/usr/include/c++/7/string:52:0[m[K,
                 from [01m[K/usr/include/c++/7/bits/locale_classes.h:40[m[K,
                 from [01m[K/usr/include/c++/7/bits/ios_base.h:41[m[K,
                 from [01m[K/usr/include/c++/7/ios:42[m[K,
                 from [01m[K/usr/include/c++/7/istream:38[m[K,
                 from [01m[K/usr/include/c++/7/sstream:38[m[K,
                 from [01m[K/home/me/progetto_labiagi/src/ped/src/utils.h:1[m[K,
                 from [01m[K/home/me/progetto_labiagi/src/ped/src/ped_server.cpp:1[m[K:
[01m[K/usr/include/c++/7/bits/basic_string.h:5965:5:[m[K [01;36m[Knote: [m[Kcandidate: template<class _CharT, class _Traits, class _Alloc> std::__cxx11::basic_string<_CharT, _Traits, _Alloc> std::operator+(std::__cxx11::basic_string<_CharT, _Traits, _Alloc>&&, std::__cxx11::basic_string<_CharT, _Traits, _Alloc>&&)
     [01;36m[Koperator[m[K+(basic_string<_CharT, _Traits, _Alloc>&& __lhs,
     [01;36m[K^~~~~~~~[m[K
[01m[K/usr/include/c++/7/bits/basic_string.h:5965:5:[m[K [01;36m[Knote: [m[K  template argument deduction/substitution failed:
[01m[K/home/me/progetto_labiagi/src/ped/src/ped_server.cpp:187:18:[m[K [01;36m[Knote: [m[K  ‘[01m[Kros::Time[m[K’ is not derived from ‘[01m[Kstd::__cxx11::basic_string<_CharT, _Traits, _Alloc>[m[K’
     if(end>begin+[01;36m[K20[m[K) break;
                  [01;36m[K^~[m[K
In file included from [01m[K/usr/include/c++/7/string:52:0[m[K,
                 from [01m[K/usr/include/c++/7/bits/locale_classes.h:40[m[K,
                 from [01m[K/usr/include/c++/7/bits/ios_base.h:41[m[K,
                 from [01m[K/usr/include/c++/7/ios:42[m[K,
                 from [01m[K/usr/include/c++/7/istream:38[m[K,
                 from [01m[K/usr/include/c++/7/sstream:38[m[K,
                 from [01m[K/home/me/progetto_labiagi/src/ped/src/utils.h:1[m[K,
                 from [01m[K/home/me/progetto_labiagi/src/ped/src/ped_server.cpp:1[m[K:
[01m[K/usr/include/c++/7/bits/basic_string.h:5977:5:[m[K [01;36m[Knote: [m[Kcandidate: template<class _CharT, class _Traits, class _Alloc> std::__cxx11::basic_string<_CharT, _Traits, _Alloc> std::operator+(const _CharT*, std::__cxx11::basic_string<_CharT, _Traits, _Alloc>&&)
     [01;36m[Koperator[m[K+(const _CharT* __lhs,
     [01;36m[K^~~~~~~~[m[K
[01m[K/usr/include/c++/7/bits/basic_string.h:5977:5:[m[K [01;36m[Knote: [m[K  template argument deduction/substitution failed:
[01m[K/home/me/progetto_labiagi/src/ped/src/ped_server.cpp:187:18:[m[K [01;36m[Knote: [m[K  mismatched types ‘[01m[Kconst _CharT*[m[K’ and ‘[01m[Kros::Time[m[K’
     if(end>begin+[01;36m[K20[m[K) break;
                  [01;36m[K^~[m[K
In file included from [01m[K/usr/include/c++/7/string:52:0[m[K,
                 from [01m[K/usr/include/c++/7/bits/locale_classes.h:40[m[K,
                 from [01m[K/usr/include/c++/7/bits/ios_base.h:41[m[K,
                 from [01m[K/usr/include/c++/7/ios:42[m[K,
                 from [01m[K/usr/include/c++/7/istream:38[m[K,
                 from [01m[K/usr/include/c++/7/sstream:38[m[K,
                 from [01m[K/home/me/progetto_labiagi/src/ped/src/utils.h:1[m[K,
                 from [01m[K/home/me/progetto_labiagi/src/ped/src/ped_server.cpp:1[m[K:
[01m[K/usr/include/c++/7/bits/basic_string.h:5983:5:[m[K [01;36m[Knote: [m[Kcandidate: template<class _CharT, class _Traits, class _Alloc> std::__cxx11::basic_string<_CharT, _Traits, _Alloc> std::operator+(_CharT, std::__cxx11::basic_string<_CharT, _Traits, _Alloc>&&)
     [01;36m[Koperator[m[K+(_CharT __lhs,
     [01;36m[K^~~~~~~~[m[K
[01m[K/usr/include/c++/7/bits/basic_string.h:5983:5:[m[K [01;36m[Knote: [m[K  template argument deduction/substitution failed:
[01m[K/home/me/progetto_labiagi/src/ped/src/ped_server.cpp:187:18:[m[K [01;36m[Knote: [m[K  mismatched types ‘[01m[Kstd::__cxx11::basic_string<_CharT, _Traits, _Alloc>[m[K’ and ‘[01m[Kint[m[K’
     if(end>begin+[01;36m[K20[m[K) break;
                  [01;36m[K^~[m[K
In file included from [01m[K/usr/include/c++/7/string:52:0[m[K,
                 from [01m[K/usr/include/c++/7/bits/locale_classes.h:40[m[K,
                 from [01m[K/usr/include/c++/7/bits/ios_base.h:41[m[K,
                 from [01m[K/usr/include/c++/7/ios:42[m[K,
                 from [01m[K/usr/include/c++/7/istream:38[m[K,
                 from [01m[K/usr/include/c++/7/sstream:38[m[K,
                 from [01m[K/home/me/progetto_labiagi/src/ped/src/utils.h:1[m[K,
                 from [01m[K/home/me/progetto_labiagi/src/ped/src/ped_server.cpp:1[m[K:
[01m[K/usr/include/c++/7/bits/basic_string.h:5989:5:[m[K [01;36m[Knote: [m[Kcandidate: template<class _CharT, class _Traits, class _Alloc> std::__cxx11::basic_string<_CharT, _Traits, _Alloc> std::operator+(std::__cxx11::basic_string<_CharT, _Traits, _Alloc>&&, const _CharT*)
     [01;36m[Koperator[m[K+(basic_string<_CharT, _Traits, _Alloc>&& __lhs,
     [01;36m[K^~~~~~~~[m[K
[01m[K/usr/include/c++/7/bits/basic_string.h:5989:5:[m[K [01;36m[Knote: [m[K  template argument deduction/substitution failed:
[01m[K/home/me/progetto_labiagi/src/ped/src/ped_server.cpp:187:18:[m[K [01;36m[Knote: [m[K  ‘[01m[Kros::Time[m[K’ is not derived from ‘[01m[Kstd::__cxx11::basic_string<_CharT, _Traits, _Alloc>[m[K’
     if(end>begin+[01;36m[K20[m[K) break;
                  [01;36m[K^~[m[K
In file included from [01m[K/usr/include/c++/7/string:52:0[m[K,
                 from [01m[K/usr/include/c++/7/bits/locale_classes.h:40[m[K,
                 from [01m[K/usr/include/c++/7/bits/ios_base.h:41[m[K,
                 from [01m[K/usr/include/c++/7/ios:42[m[K,
                 from [01m[K/usr/include/c++/7/istream:38[m[K,
                 from [01m[K/usr/include/c++/7/sstream:38[m[K,
                 from [01m[K/home/me/progetto_labiagi/src/ped/src/utils.h:1[m[K,
                 from [01m[K/home/me/progetto_labiagi/src/ped/src/ped_server.cpp:1[m[K:
[01m[K/usr/include/c++/7/bits/basic_string.h:5995:5:[m[K [01;36m[Knote: [m[Kcandidate: template<class _CharT, class _Traits, class _Alloc> std::__cxx11::basic_string<_CharT, _Traits, _Alloc> std::operator+(std::__cxx11::basic_string<_CharT, _Traits, _Alloc>&&, _CharT)
     [01;36m[Koperator[m[K+(basic_string<_CharT, _Traits, _Alloc>&& __lhs,
     [01;36m[K^~~~~~~~[m[K
[01m[K/usr/include/c++/7/bits/basic_string.h:5995:5:[m[K [01;36m[Knote: [m[K  template argument deduction/substitution failed:
[01m[K/home/me/progetto_labiagi/src/ped/src/ped_server.cpp:187:18:[m[K [01;36m[Knote: [m[K  ‘[01m[Kros::Time[m[K’ is not derived from ‘[01m[Kstd::__cxx11::basic_string<_CharT, _Traits, _Alloc>[m[K’
     if(end>begin+[01;36m[K20[m[K) break;
                  [01;36m[K^~[m[K
In file included from [01m[K/usr/include/boost/config/no_tr1/complex.hpp:21:0[m[K,
                 from [01m[K/usr/include/boost/math/policies/error_handling.hpp:17[m[K,
                 from [01m[K/usr/include/boost/math/special_functions/round.hpp:14[m[K,
                 from [01m[K/opt/ros/melodic/include/ros/time.h:58[m[K,
                 from [01m[K/opt/ros/melodic/include/ros/ros.h:38[m[K,
                 from [01m[K/home/me/progetto_labiagi/src/ped/src/utils.h:2[m[K,
                 from [01m[K/home/me/progetto_labiagi/src/ped/src/ped_server.cpp:1[m[K:
[01m[K/usr/include/c++/7/complex:326:5:[m[K [01;36m[Knote: [m[Kcandidate: template<class _Tp> std::complex<_Tp> std::operator+(const std::complex<_Tp>&, const std::complex<_Tp>&)
     [01;36m[Koperator[m[K+(const complex<_Tp>& __x, const complex<_Tp>& __y)
     [01;36m[K^~~~~~~~[m[K
[01m[K/usr/include/c++/7/complex:326:5:[m[K [01;36m[Knote: [m[K  template argument deduction/substitution failed:
[01m[K/home/me/progetto_labiagi/src/ped/src/ped_server.cpp:187:18:[m[K [01;36m[Knote: [m[K  ‘[01m[Kros::Time[m[K’ is not derived from ‘[01m[Kconst std::complex<_Tp>[m[K’
     if(end>begin+[01;36m[K20[m[K) break;
                  [01;36m[K^~[m[K
In file included from [01m[K/usr/include/boost/config/no_tr1/complex.hpp:21:0[m[K,
                 from [01m[K/usr/include/boost/math/policies/error_handling.hpp:17[m[K,
                 from [01m[K/usr/include/boost/math/special_functions/round.hpp:14[m[K,
                 from [01m[K/opt/ros/melodic/include/ros/time.h:58[m[K,
                 from [01m[K/opt/ros/melodic/include/ros/ros.h:38[m[K,
                 from [01m[K/home/me/progetto_labiagi/src/ped/src/utils.h:2[m[K,
                 from [01m[K/home/me/progetto_labiagi/src/ped/src/ped_server.cpp:1[m[K:
[01m[K/usr/include/c++/7/complex:335:5:[m[K [01;36m[Knote: [m[Kcandidate: template<class _Tp> std::complex<_Tp> std::operator+(const std::complex<_Tp>&, const _Tp&)
     [01;36m[Koperator[m[K+(const complex<_Tp>& __x, const _Tp& __y)
     [01;36m[K^~~~~~~~[m[K
[01m[K/usr/include/c++/7/complex:335:5:[m[K [01;36m[Knote: [m[K  template argument deduction/substitution failed:
[01m[K/home/me/progetto_labiagi/src/ped/src/ped_server.cpp:187:18:[m[K [01;36m[Knote: [m[K  ‘[01m[Kros::Time[m[K’ is not derived from ‘[01m[Kconst std::complex<_Tp>[m[K’
     if(end>begin+[01;36m[K20[m[K) break;
                  [01;36m[K^~[m[K
In file included from [01m[K/usr/include/boost/config/no_tr1/complex.hpp:21:0[m[K,
                 from [01m[K/usr/include/boost/math/policies/error_handling.hpp:17[m[K,
                 from [01m[K/usr/include/boost/math/special_functions/round.hpp:14[m[K,
                 from [01m[K/opt/ros/melodic/include/ros/time.h:58[m[K,
                 from [01m[K/opt/ros/melodic/include/ros/ros.h:38[m[K,
                 from [01m[K/home/me/progetto_labiagi/src/ped/src/utils.h:2[m[K,
                 from [01m[K/home/me/progetto_labiagi/src/ped/src/ped_server.cpp:1[m[K:
[01m[K/usr/include/c++/7/complex:344:5:[m[K [01;36m[Knote: [m[Kcandidate: template<class _Tp> std::complex<_Tp> std::operator+(const _Tp&, const std::complex<_Tp>&)
     [01;36m[Koperator[m[K+(const _Tp& __x, const complex<_Tp>& __y)
     [01;36m[K^~~~~~~~[m[K
[01m[K/usr/include/c++/7/complex:344:5:[m[K [01;36m[Knote: [m[K  template argument deduction/substitution failed:
[01m[K/home/me/progetto_labiagi/src/ped/src/ped_server.cpp:187:18:[m[K [01;36m[Knote: [m[K  mismatched types ‘[01m[Kconst std::complex<_Tp>[m[K’ and ‘[01m[Kint[m[K’
     if(end>begin+[01;36m[K20[m[K) break;
                  [01;36m[K^~[m[K
In file included from [01m[K/usr/include/boost/config/no_tr1/complex.hpp:21:0[m[K,
                 from [01m[K/usr/include/boost/math/policies/error_handling.hpp:17[m[K,
                 from [01m[K/usr/include/boost/math/special_functions/round.hpp:14[m[K,
                 from [01m[K/opt/ros/melodic/include/ros/time.h:58[m[K,
                 from [01m[K/opt/ros/melodic/include/ros/ros.h:38[m[K,
                 from [01m[K/home/me/progetto_labiagi/src/ped/src/utils.h:2[m[K,
                 from [01m[K/home/me/progetto_labiagi/src/ped/src/ped_server.cpp:1[m[K:
[01m[K/usr/include/c++/7/complex:445:5:[m[K [01;36m[Knote: [m[Kcandidate: template<class _Tp> std::complex<_Tp> std::operator+(const std::complex<_Tp>&)
     [01;36m[Koperator[m[K+(const complex<_Tp>& __x)
     [01;36m[K^~~~~~~~[m[K
[01m[K/usr/include/c++/7/complex:445:5:[m[K [01;36m[Knote: [m[K  template argument deduction/substitution failed:
[01m[K/home/me/progetto_labiagi/src/ped/src/ped_server.cpp:187:18:[m[K [01;36m[Knote: [m[K  ‘[01m[Kros::Time[m[K’ is not derived from ‘[01m[Kconst std::complex<_Tp>[m[K’
     if(end>begin+[01;36m[K20[m[K) break;
                  [01;36m[K^~[m[K
In file included from [01m[K/usr/include/c++/7/vector:65:0[m[K,
                 from [01m[K/usr/include/boost/math/special_functions/math_fwd.hpp:26[m[K,
                 from [01m[K/usr/include/boost/math/special_functions/round.hpp:15[m[K,
                 from [01m[K/opt/ros/melodic/include/ros/time.h:58[m[K,
                 from [01m[K/opt/ros/melodic/include/ros/ros.h:38[m[K,
                 from [01m[K/home/me/progetto_labiagi/src/ped/src/utils.h:2[m[K,
                 from [01m[K/home/me/progetto_labiagi/src/ped/src/ped_server.cpp:1[m[K:
[01m[K/usr/include/c++/7/bits/stl_bvector.h:297:3:[m[K [01;36m[Knote: [m[Kcandidate: std::_Bit_iterator std::operator+(std::ptrdiff_t, const std::_Bit_iterator&)
   [01;36m[Koperator[m[K+(ptrdiff_t __n, const _Bit_iterator& __x)
   [01;36m[K^~~~~~~~[m[K
[01m[K/usr/include/c++/7/bits/stl_bvector.h:297:3:[m[K [01;36m[Knote: [m[K  no known conversion for argument 1 from ‘[01m[Kros::Time[m[K’ to ‘[01m[Kstd::ptrdiff_t {aka long int}[m[K’
[01m[K/usr/include/c++/7/bits/stl_bvector.h:387:3:[m[K [01;36m[Knote: [m[Kcandidate: std::_Bit_const_iterator std::operator+(std::ptrdiff_t, const std::_Bit_const_iterator&)
   [01;36m[Koperator[m[K+(ptrdiff_t __n, const _Bit_const_iterator& __x)
   [01;36m[K^~~~~~~~[m[K
[01m[K/usr/include/c++/7/bits/stl_bvector.h:387:3:[m[K [01;36m[Knote: [m[K  no known conversion for argument 1 from ‘[01m[Kros::Time[m[K’ to ‘[01m[Kstd::ptrdiff_t {aka long int}[m[K’
In file included from [01m[K/usr/include/c++/7/deque:64:0[m[K,
                 from [01m[K/usr/include/x86_64-linux-gnu/c++/7/bits/stdc++.h:68[m[K,
                 from [01m[K/home/me/progetto_labiagi/src/ped/src/ped_server.cpp:6[m[K:
[01m[K/usr/include/c++/7/bits/stl_deque.h:374:5:[m[K [01;36m[Knote: [m[Kcandidate: template<class _Tp, class _Ref, class _Ptr> std::_Deque_iterator<_Tp, _Ref, _Ptr> std::operator+(std::ptrdiff_t, const std::_Deque_iterator<_Tp, _Ref, _Ptr>&)
     [01;36m[Koperator[m[K+(ptrdiff_t __n, const _Deque_iterator<_Tp, _Ref, _Ptr>& __x)
     [01;36m[K^~~~~~~~[m[K
[01m[K/usr/include/c++/7/bits/stl_deque.h:374:5:[m[K [01;36m[Knote: [m[K  template argument deduction/substitution failed:
[01m[K/home/me/progetto_labiagi/src/ped/src/ped_server.cpp:187:18:[m[K [01;36m[Knote: [m[K  mismatched types ‘[01m[Kconst std::_Deque_iterator<_Tp, _Ref, _Ptr>[m[K’ and ‘[01m[Kint[m[K’
     if(end>begin+[01;36m[K20[m[K) break;
                  [01;36m[K^~[m[K
In file included from [01m[K/usr/include/c++/7/valarray:592:0[m[K,
                 from [01m[K/usr/include/x86_64-linux-gnu/c++/7/bits/stdc++.h:95[m[K,
                 from [01m[K/home/me/progetto_labiagi/src/ped/src/ped_server.cpp:6[m[K:
[01m[K/usr/include/c++/7/bits/valarray_after.h:402:5:[m[K [01;36m[Knote: [m[Kcandidate: template<class _Dom1, class _Dom2> std::_Expr<std::_BinClos<std::__plus, std::_Expr, std::_Expr, _Dom1, _Dom2>, typename std::__fun<std::__plus, typename _Dom1::value_type>::result_type> std::operator+(const std::_Expr<_Dom1, typename _Dom1::value_type>&, const std::_Expr<_Dom2, typename _Dom2::value_type>&)
     [01;36m[K_[m[KDEFINE_EXPR_BINARY_OPERATOR(+, __plus)
     [01;36m[K^[m[K
[01m[K/usr/include/c++/7/bits/valarray_after.h:402:5:[m[K [01;36m[Knote: [m[K  template argument deduction/substitution failed:
[01m[K/home/me/progetto_labiagi/src/ped/src/ped_server.cpp:187:18:[m[K [01;36m[Knote: [m[K  ‘[01m[Kros::Time[m[K’ is not derived from ‘[01m[Kconst std::_Expr<_Dom1, typename _Dom1::value_type>[m[K’
     if(end>begin+[01;36m[K20[m[K) break;
                  [01;36m[K^~[m[K
In file included from [01m[K/usr/include/c++/7/valarray:592:0[m[K,
                 from [01m[K/usr/include/x86_64-linux-gnu/c++/7/bits/stdc++.h:95[m[K,
                 from [01m[K/home/me/progetto_labiagi/src/ped/src/ped_server.cpp:6[m[K:
[01m[K/usr/include/c++/7/bits/valarray_after.h:402:5:[m[K [01;36m[Knote: [m[Kcandidate: template<class _Dom> std::_Expr<std::_BinClos<std::__plus, std::_Expr, std::_Constant, _Dom, typename _Dom::value_type>, typename std::__fun<std::__plus, typename _Dom1::value_type>::result_type> std::operator+(const std::_Expr<_Dom1, typename _Dom1::value_type>&, const typename _Dom::value_type&)
     [01;36m[K_[m[KDEFINE_EXPR_BINARY_OPERATOR(+, __plus)
     [01;36m[K^[m[K
[01m[K/usr/include/c++/7/bits/valarray_after.h:402:5:[m[K [01;36m[Knote: [m[K  template argument deduction/substitution failed:
[01m[K/home/me/progetto_labiagi/src/ped/src/ped_server.cpp:187:18:[m[K [01;36m[Knote: [m[K  ‘[01m[Kros::Time[m[K’ is not derived from ‘[01m[Kconst std::_Expr<_Dom1, typename _Dom1::value_type>[m[K’
     if(end>begin+[01;36m[K20[m[K) break;
                  [01;36m[K^~[m[K
In file included from [01m[K/usr/include/c++/7/valarray:592:0[m[K,
                 from [01m[K/usr/include/x86_64-linux-gnu/c++/7/bits/stdc++.h:95[m[K,
                 from [01m[K/home/me/progetto_labiagi/src/ped/src/ped_server.cpp:6[m[K:
[01m[K/usr/include/c++/7/bits/valarray_after.h:402:5:[m[K [01;36m[Knote: [m[Kcandidate: template<class _Dom> std::_Expr<std::_BinClos<std::__plus, std::_Constant, std::_Expr, typename _Dom::value_type, _Dom>, typename std::__fun<std::__plus, typename _Dom1::value_type>::result_type> std::operator+(const typename _Dom::value_type&, const std::_Expr<_Dom1, typename _Dom1::value_type>&)
     [01;36m[K_[m[KDEFINE_EXPR_BINARY_OPERATOR(+, __plus)
     [01;36m[K^[m[K
[01m[K/usr/include/c++/7/bits/valarray_after.h:402:5:[m[K [01;36m[Knote: [m[K  template argument deduction/substitution failed:
[01m[K/home/me/progetto_labiagi/src/ped/src/ped_server.cpp:187:18:[m[K [01;36m[Knote: [m[K  mismatched types ‘[01m[Kconst std::_Expr<_Dom1, typename _Dom1::value_type>[m[K’ and ‘[01m[Kint[m[K’
     if(end>begin+[01;36m[K20[m[K) break;
                  [01;36m[K^~[m[K
In file included from [01m[K/usr/include/c++/7/valarray:592:0[m[K,
                 from [01m[K/usr/include/x86_64-linux-gnu/c++/7/bits/stdc++.h:95[m[K,
                 from [01m[K/home/me/progetto_labiagi/src/ped/src/ped_server.cpp:6[m[K:
[01m[K/usr/include/c++/7/bits/valarray_after.h:402:5:[m[K [01;36m[Knote: [m[Kcandidate: template<class _Dom> std::_Expr<std::_BinClos<std::__plus, std::_Expr, std::_ValArray, _Dom, typename _Dom::value_type>, typename std::__fun<std::__plus, typename _Dom1::value_type>::result_type> std::operator+(const std::_Expr<_Dom1, typename _Dom1::value_type>&, const std::valarray<typename _Dom::value_type>&)
     [01;36m[K_[m[KDEFINE_EXPR_BINARY_OPERATOR(+, __plus)
     [01;36m[K^[m[K
[01m[K/usr/include/c++/7/bits/valarray_after.h:402:5:[m[K [01;36m[Knote: [m[K  template argument deduction/substitution failed:
[01m[K/home/me/progetto_labiagi/src/ped/src/ped_server.cpp:187:18:[m[K [01;36m[Knote: [m[K  ‘[01m[Kros::Time[m[K’ is not derived from ‘[01m[Kconst std::_Expr<_Dom1, typename _Dom1::value_type>[m[K’
     if(end>begin+[01;36m[K20[m[K) break;
                  [01;36m[K^~[m[K
In file included from [01m[K/usr/include/c++/7/valarray:592:0[m[K,
                 from [01m[K/usr/include/x86_64-linux-gnu/c++/7/bits/stdc++.h:95[m[K,
                 from [01m[K/home/me/progetto_labiagi/src/ped/src/ped_server.cpp:6[m[K:
[01m[K/usr/include/c++/7/bits/valarray_after.h:402:5:[m[K [01;36m[Knote: [m[Kcandidate: template<class _Dom> std::_Expr<std::_BinClos<std::__plus, std::_ValArray, std::_Expr, typename _Dom::value_type, _Dom>, typename std::__fun<std::__plus, typename _Dom1::value_type>::result_type> std::operator+(const std::valarray<typename _Dom::value_type>&, const std::_Expr<_Dom1, typename _Dom1::value_type>&)
     [01;36m[K_[m[KDEFINE_EXPR_BINARY_OPERATOR(+, __plus)
     [01;36m[K^[m[K
[01m[K/usr/include/c++/7/bits/valarray_after.h:402:5:[m[K [01;36m[Knote: [m[K  template argument deduction/substitution failed:
[01m[K/home/me/progetto_labiagi/src/ped/src/ped_server.cpp:187:18:[m[K [01;36m[Knote: [m[K  mismatched types ‘[01m[Kconst std::_Expr<_Dom1, typename _Dom1::value_type>[m[K’ and ‘[01m[Kint[m[K’
     if(end>begin+[01;36m[K20[m[K) break;
                  [01;36m[K^~[m[K
In file included from [01m[K/usr/include/x86_64-linux-gnu/c++/7/bits/stdc++.h:95:0[m[K,
                 from [01m[K/home/me/progetto_labiagi/src/ped/src/ped_server.cpp:6[m[K:
[01m[K/usr/include/c++/7/valarray:1172:1:[m[K [01;36m[Knote: [m[Kcandidate: template<class _Tp> std::_Expr<std::_BinClos<std::__plus, std::_ValArray, std::_ValArray, _Tp, _Tp>, typename std::__fun<std::__plus, _Tp>::result_type> std::operator+(const std::valarray<_Tp>&, const std::valarray<_Tp>&)
 [01;36m[K_[m[KDEFINE_BINARY_OPERATOR(+, __plus)
 [01;36m[K^[m[K
[01m[K/usr/include/c++/7/valarray:1172:1:[m[K [01;36m[Knote: [m[K  template argument deduction/substitution failed:
[01m[K/home/me/progetto_labiagi/src/ped/src/ped_server.cpp:187:18:[m[K [01;36m[Knote: [m[K  ‘[01m[Kros::Time[m[K’ is not derived from ‘[01m[Kconst std::valarray<_Tp>[m[K’
     if(end>begin+[01;36m[K20[m[K) break;
                  [01;36m[K^~[m[K
In file included from [01m[K/usr/include/x86_64-linux-gnu/c++/7/bits/stdc++.h:95:0[m[K,
                 from [01m[K/home/me/progetto_labiagi/src/ped/src/ped_server.cpp:6[m[K:
[01m[K/usr/include/c++/7/valarray:1172:1:[m[K [01;36m[Knote: [m[Kcandidate: template<class _Tp> std::_Expr<std::_BinClos<std::__plus, std::_ValArray, std::_Constant, _Tp, _Tp>, typename std::__fun<std::__plus, _Tp>::result_type> std::operator+(const std::valarray<_Tp>&, const _Tp&)
 [01;36m[K_[m[KDEFINE_BINARY_OPERATOR(+, __plus)
 [01;36m[K^[m[K
[01m[K/usr/include/c++/7/valarray:1172:1:[m[K [01;36m[Knote: [m[K  template argument deduction/substitution failed:
[01m[K/home/me/progetto_labiagi/src/ped/src/ped_server.cpp:187:18:[m[K [01;36m[Knote: [m[K  ‘[01m[Kros::Time[m[K’ is not derived from ‘[01m[Kconst std::valarray<_Tp>[m[K’
     if(end>begin+[01;36m[K20[m[K) break;
                  [01;36m[K^~[m[K
In file included from [01m[K/usr/include/x86_64-linux-gnu/c++/7/bits/stdc++.h:95:0[m[K,
                 from [01m[K/home/me/progetto_labiagi/src/ped/src/ped_server.cpp:6[m[K:
[01m[K/usr/include/c++/7/valarray:1172:1:[m[K [01;36m[Knote: [m[Kcandidate: template<class _Tp> std::_Expr<std::_BinClos<std::__plus, std::_Constant, std::_ValArray, _Tp, _Tp>, typename std::__fun<std::__plus, _Tp>::result_type> std::operator+(const _Tp&, const std::valarray<_Tp>&)
 [01;36m[K_[m[KDEFINE_BINARY_OPERATOR(+, __plus)
 [01;36m[K^[m[K
[01m[K/usr/include/c++/7/valarray:1172:1:[m[K [01;36m[Knote: [m[K  template argument deduction/substitution failed:
[01m[K/home/me/progetto_labiagi/src/ped/src/ped_server.cpp:187:18:[m[K [01;36m[Knote: [m[K  mismatched types ‘[01m[Kconst std::valarray<_Tp>[m[K’ and ‘[01m[Kint[m[K’
     if(end>begin+[01;36m[K20[m[K) break;
                  [01;36m[K^~[m[K
make[2]: *** [CMakeFiles/ped_server.dir/src/ped_server.cpp.o] Error 1
make[1]: *** [CMakeFiles/ped_server.dir/all] Error 2
make: *** [all] Error 2
