[  0%] Built target std_msgs_generate_messages_lisp
[  0%] Built target std_msgs_generate_messages_cpp
[  0%] Built target _ped_generate_messages_check_deps_set_user
[  0%] Built target _ped_generate_messages_check_deps_User
[  0%] Built target std_msgs_generate_messages_eus
[  0%] Built target std_msgs_generate_messages_nodejs
[  0%] Built target std_msgs_generate_messages_py
[ 13%] Built target ped_generate_messages_lisp
[ 40%] Built target ped_generate_messages_cpp
[ 46%] Built target ped_generate_messages_eus
[ 60%] Built target ped_generate_messages_nodejs
[ 86%] Built target ped_generate_messages_py
[35m[1mScanning dependencies of target ped_server[0m
[ 86%] Built target ped_generate_messages
[ 93%] [32mBuilding CXX object CMakeFiles/ped_server.dir/src/ped_server.cpp.o[0m
[01m[K/home/me/progetto_labiagi/src/ped/src/ped_server.cpp:[m[K In function ‘[01m[Kbool user_f(ped::set_user::Request&, ped::set_user::Response&)[m[K’:
[01m[K/home/me/progetto_labiagi/src/ped/src/ped_server.cpp:28:3:[m[K [01;31m[Kerror: [m[K‘[01m[Kros_info[m[K’ was not declared in this scope
   [01;31m[Kros_info[m[K("%d",list_user.size());
   [01;31m[K^~~~~~~~[m[K
[01m[K/home/me/progetto_labiagi/src/ped/src/ped_server.cpp:28:3:[m[K [01;36m[Knote: [m[Ksuggested alternative: ‘[01m[Kisinfq[m[K’
   [01;36m[Kros_info[m[K("%d",list_user.size());
   [01;36m[K^~~~~~~~[m[K
   [32m[Kisinfq[m[K
CMakeFiles/ped_server.dir/build.make:62: recipe for target 'CMakeFiles/ped_server.dir/src/ped_server.cpp.o' failed
make[2]: *** [CMakeFiles/ped_server.dir/src/ped_server.cpp.o] Error 1
CMakeFiles/Makefile2:1178: recipe for target 'CMakeFiles/ped_server.dir/all' failed
make[1]: *** [CMakeFiles/ped_server.dir/all] Error 2
Makefile:140: recipe for target 'all' failed
make: *** [all] Error 2
