[01m[K/home/me/progetto_labiagi/src/ped/src/ped_server.cpp:[m[K In function ‘[01m[Kvoid CB(const ConstPtr&)[m[K’:
[01m[K/home/me/progetto_labiagi/src/ped/src/ped_server.cpp:37:8:[m[K [01;31m[Kerror: [m[Krequest for member ‘[01m[Kname[m[K’ in ‘[01m[Kk[m[K’, which is of pointer type ‘[01m[Kutente*[m[K’ (maybe you meant to use ‘[01m[K->[m[K’ ?)
   if(k.[01;31m[Kname[m[K==a){
        [01;31m[K^~~~[m[K
[01m[K/home/me/progetto_labiagi/src/ped/src/ped_server.cpp:[m[K In function ‘[01m[Kint main(int, char**)[m[K’:
[01m[K/home/me/progetto_labiagi/src/ped/src/ped_server.cpp:91:15:[m[K [01;31m[Kerror: [m[Kbase operand of ‘[01m[K->[m[K’ has non-pointer type ‘[01m[Kutente[m[K’
    cout << tmp[01;31m[K->[m[Kname << " " << tmp->x << " " << tmp->y << " " << tmp->n << endl << flush;
               [01;31m[K^~[m[K
[01m[K/home/me/progetto_labiagi/src/ped/src/ped_server.cpp:91:35:[m[K [01;31m[Kerror: [m[Kbase operand of ‘[01m[K->[m[K’ has non-pointer type ‘[01m[Kutente[m[K’
    cout << tmp->name << " " << tmp[01;31m[K->[m[Kx << " " << tmp->y << " " << tmp->n << endl << flush;
                                   [01;31m[K^~[m[K
[01m[K/home/me/progetto_labiagi/src/ped/src/ped_server.cpp:91:52:[m[K [01;31m[Kerror: [m[Kbase operand of ‘[01m[K->[m[K’ has non-pointer type ‘[01m[Kutente[m[K’
    cout << tmp->name << " " << tmp->x << " " << tmp[01;31m[K->[m[Ky << " " << tmp->n << endl << flush;
                                                    [01;31m[K^~[m[K
[01m[K/home/me/progetto_labiagi/src/ped/src/ped_server.cpp:91:69:[m[K [01;31m[Kerror: [m[Kbase operand of ‘[01m[K->[m[K’ has non-pointer type ‘[01m[Kutente[m[K’
    cout << tmp->name << " " << tmp->x << " " << tmp->y << " " << tmp[01;31m[K->[m[Kn << endl << flush;
                                                                     [01;31m[K^~[m[K
make[2]: *** [CMakeFiles/ped_server.dir/src/ped_server.cpp.o] Error 1
make[1]: *** [CMakeFiles/ped_server.dir/all] Error 2
make: *** [all] Error 2
