[  0%] Built target std_msgs_generate_messages_py
[  0%] Built target std_msgs_generate_messages_eus
[  0%] Built target _ped_generate_messages_check_deps_utenti
[  0%] Built target std_msgs_generate_messages_lisp
[ 16%] Built target ped_generate_messages_eus
[ 16%] Built target std_msgs_generate_messages_nodejs
[ 16%] Built target std_msgs_generate_messages_cpp
[ 41%] Built target ped_generate_messages_py
[ 50%] Built target ped_generate_messages_lisp
[ 58%] Built target ped_generate_messages_cpp
[ 66%] Built target ped_generate_messages_nodejs
[35m[1mScanning dependencies of target ped_client[0m
[35m[1mScanning dependencies of target ped_server[0m
[ 75%] [32mBuilding CXX object CMakeFiles/ped_server.dir/src/ped_server.cpp.o[0m
[ 83%] [32mBuilding CXX object CMakeFiles/ped_client.dir/src/ped_client.cpp.o[0m
[ 83%] Built target ped_generate_messages
[ 91%] [32m[1mLinking CXX executable /home/me/progetto_labiagi/devel/.private/ped/lib/ped/ped_client[0m
[ 91%] Built target ped_client
[100%] [32m[1mLinking CXX executable /home/me/progetto_labiagi/devel/.private/ped/lib/ped/ped_server[0m
[100%] Built target ped_server
