CMakeFiles/ped_client.dir/src/ped_client.cpp.o: In function `actionlib::ActionClient<ped::msgAction_<std::allocator<void> > >::waitForActionServerToStart(ros::Duration const&)':
ped_client.cpp:(.text._ZN9actionlib12ActionClientIN3ped10msgAction_ISaIvEEEE26waitForActionServerToStartERKN3ros8DurationE[_ZN9actionlib12ActionClientIN3ped10msgAction_ISaIvEEEE26waitForActionServerToStartERKN3ros8DurationE]+0x9d): undefined reference to `actionlib::ConnectionMonitor::waitForActionServerToStart(ros::Duration const&, ros::NodeHandle const&)'
CMakeFiles/ped_client.dir/src/ped_client.cpp.o: In function `actionlib::GoalManager<ped::msgAction_<std::allocator<void> > >::initGoal(ped::msgGoal_<std::allocator<void> > const&, boost::function<void (actionlib::ClientGoalHandle<ped::msgAction_<std::allocator<void> > >)>, boost::function<void (actionlib::ClientGoalHandle<ped::msgAction_<std::allocator<void> > >, boost::shared_ptr<ped::msgFeedback_<std::allocator<void> > const> const&)>)':
ped_client.cpp:(.text._ZN9actionlib11GoalManagerIN3ped10msgAction_ISaIvEEEE8initGoalERKNS1_8msgGoal_IS3_EEN5boost8functionIFvNS_16ClientGoalHandleIS4_EEEEENSB_IFvSD_RKNSA_10shared_ptrIKNS1_12msgFeedback_IS3_EEEEEEE[_ZN9actionlib11GoalManagerIN3ped10msgAction_ISaIvEEEE8initGoalERKNS1_8msgGoal_IS3_EEN5boost8functionIFvNS_16ClientGoalHandleIS4_EEEEENSB_IFvSD_RKNSA_10shared_ptrIKNS1_12msgFeedback_IS3_EEEEEEE]+0xa1): undefined reference to `actionlib::GoalIDGenerator::generateID()'
CMakeFiles/ped_client.dir/src/ped_client.cpp.o: In function `actionlib::GoalManager<ped::msgAction_<std::allocator<void> > >::GoalManager(boost::shared_ptr<actionlib::DestructionGuard> const&)':
ped_client.cpp:(.text._ZN9actionlib11GoalManagerIN3ped10msgAction_ISaIvEEEEC2ERKN5boost10shared_ptrINS_16DestructionGuardEEE[_ZN9actionlib11GoalManagerIN3ped10msgAction_ISaIvEEEEC5ERKN5boost10shared_ptrINS_16DestructionGuardEEE]+0x72): undefined reference to `actionlib::GoalIDGenerator::GoalIDGenerator()'
CMakeFiles/ped_client.dir/src/ped_client.cpp.o: In function `actionlib::ActionClient<ped::msgAction_<std::allocator<void> > >::initClient(ros::CallbackQueueInterface*)':
ped_client.cpp:(.text._ZN9actionlib12ActionClientIN3ped10msgAction_ISaIvEEEE10initClientEPN3ros22CallbackQueueInterfaceE[_ZN9actionlib12ActionClientIN3ped10msgAction_ISaIvEEEE10initClientEPN3ros22CallbackQueueInterfaceE]+0x3e4): undefined reference to `actionlib::ConnectionMonitor::ConnectionMonitor(ros::Subscriber&, ros::Subscriber&)'
ped_client.cpp:(.text._ZN9actionlib12ActionClientIN3ped10msgAction_ISaIvEEEE10initClientEPN3ros22CallbackQueueInterfaceE[_ZN9actionlib12ActionClientIN3ped10msgAction_ISaIvEEEE10initClientEPN3ros22CallbackQueueInterfaceE]+0x416): undefined reference to `actionlib::ConnectionMonitor::goalDisconnectCallback(ros::SingleSubscriberPublisher const&)'
ped_client.cpp:(.text._ZN9actionlib12ActionClientIN3ped10msgAction_ISaIvEEEE10initClientEPN3ros22CallbackQueueInterfaceE[_ZN9actionlib12ActionClientIN3ped10msgAction_ISaIvEEEE10initClientEPN3ros22CallbackQueueInterfaceE]+0x4a2): undefined reference to `actionlib::ConnectionMonitor::goalConnectCallback(ros::SingleSubscriberPublisher const&)'
ped_client.cpp:(.text._ZN9actionlib12ActionClientIN3ped10msgAction_ISaIvEEEE10initClientEPN3ros22CallbackQueueInterfaceE[_ZN9actionlib12ActionClientIN3ped10msgAction_ISaIvEEEE10initClientEPN3ros22CallbackQueueInterfaceE]+0x655): undefined reference to `actionlib::ConnectionMonitor::cancelDisconnectCallback(ros::SingleSubscriberPublisher const&)'
ped_client.cpp:(.text._ZN9actionlib12ActionClientIN3ped10msgAction_ISaIvEEEE10initClientEPN3ros22CallbackQueueInterfaceE[_ZN9actionlib12ActionClientIN3ped10msgAction_ISaIvEEEE10initClientEPN3ros22CallbackQueueInterfaceE]+0x6ec): undefined reference to `actionlib::ConnectionMonitor::cancelConnectCallback(ros::SingleSubscriberPublisher const&)'
CMakeFiles/ped_client.dir/src/ped_client.cpp.o: In function `actionlib::ActionClient<ped::msgAction_<std::allocator<void> > >::statusCb(ros::MessageEvent<actionlib_msgs::GoalStatusArray_<std::allocator<void> > const> const&)':
ped_client.cpp:(.text._ZN9actionlib12ActionClientIN3ped10msgAction_ISaIvEEEE8statusCbERKN3ros12MessageEventIKN14actionlib_msgs16GoalStatusArray_IS3_EEEE[_ZN9actionlib12ActionClientIN3ped10msgAction_ISaIvEEEE8statusCbERKN3ros12MessageEventIKN14actionlib_msgs16GoalStatusArray_IS3_EEEE]+0x1eb): undefined reference to `actionlib::ConnectionMonitor::processStatus(boost::shared_ptr<actionlib_msgs::GoalStatusArray_<std::allocator<void> > const> const&, std::__cxx11::basic_string<char, std::char_traits<char>, std::allocator<char> > const&)'
collect2: error: ld returned 1 exit status
make[2]: *** [/home/me/progetto_labiagi/devel/.private/ped/lib/ped/ped_client] Error 1
make[1]: *** [CMakeFiles/ped_client.dir/all] Error 2
make[1]: *** Waiting for unfinished jobs....
[01m[K/home/me/progetto_labiagi/src/ped/src/ped_server.cpp:[m[K In constructor ‘[01m[KdialogServer::dialogServer(std::__cxx11::string)[m[K’:
[01m[K/home/me/progetto_labiagi/src/ped/src/ped_server.cpp:44:33:[m[K [01;31m[Kerror: [m[K‘[01m[KPedServer[m[K’ has not been declared
     as_(nh_, name, boost::bind(&[01;31m[KPedServer[m[K::executeCB, this, _1), false),
                                 [01;31m[K^~~~~~~~~[m[K
make[2]: *** [CMakeFiles/ped_server.dir/src/ped_server.cpp.o] Error 1
make[1]: *** [CMakeFiles/ped_server.dir/all] Error 2
make: *** [all] Error 2
