[01m[K/home/me/progetto_labiagi/src/ped/src/ped_server.cpp:[m[K In function ‘[01m[Kint main(int, char**)[m[K’:
[01m[K/home/me/progetto_labiagi/src/ped/src/ped_server.cpp:83:17:[m[K [01;31m[Kerror: [m[Kexpected ‘[01m[K)[m[K’ before ‘[01m[Ks[m[K’
   while (inFile [01;31m[Ks[m[K >> x >> y ) {
                 [01;31m[K^[m[K
[01m[K/home/me/progetto_labiagi/src/ped/src/ped_server.cpp:83:19:[m[K [01;31m[Kerror: [m[Kno match for ‘[01m[Koperator>>[m[K’ (operand types are ‘[01m[Kstd::__cxx11::string {aka std::__cxx11::basic_string<char>}[m[K’ and ‘[01m[Kfloat[m[K’)
   while (inFile [01;31m[Ks >> x[m[K >> y ) {
                 [01;31m[K~~^~~~[m[K
In file included from [01m[K/usr/include/c++/7/string:53:0[m[K,
                 from [01m[K/usr/include/c++/7/bits/locale_classes.h:40[m[K,
                 from [01m[K/usr/include/c++/7/bits/ios_base.h:41[m[K,
                 from [01m[K/usr/include/c++/7/ios:42[m[K,
                 from [01m[K/usr/include/c++/7/istream:38[m[K,
                 from [01m[K/usr/include/c++/7/sstream:38[m[K,
                 from [01m[K/home/me/progetto_labiagi/src/ped/src/utils.h:1[m[K,
                 from [01m[K/home/me/progetto_labiagi/src/ped/src/ped_server.cpp:1[m[K:
[01m[K/usr/include/c++/7/bits/basic_string.tcc:1465:5:[m[K [01;36m[Knote: [m[Kcandidate: template<class _CharT, class _Traits, class _Alloc> std::basic_istream<_CharT, _Traits>& std::operator>>(std::basic_istream<_CharT, _Traits>&, std::__cxx11::basic_string<_CharT, _Traits, _Alloc>&)
     [01;36m[Koperator[m[K>>(basic_istream<_CharT, _Traits>& __in,
     [01;36m[K^~~~~~~~[m[K
[01m[K/usr/include/c++/7/bits/basic_string.tcc:1465:5:[m[K [01;36m[Knote: [m[K  template argument deduction/substitution failed:
[01m[K/home/me/progetto_labiagi/src/ped/src/ped_server.cpp:83:22:[m[K [01;36m[Knote: [m[K  ‘[01m[Kstd::__cxx11::string {aka std::__cxx11::basic_string<char>}[m[K’ is not derived from ‘[01m[Kstd::basic_istream<_CharT, _Traits>[m[K’
   while (inFile s >> [01;36m[Kx[m[K >> y ) {
                      [01;36m[K^[m[K
In file included from [01m[K/usr/include/c++/7/istream:991:0[m[K,
                 from [01m[K/usr/include/c++/7/sstream:38[m[K,
                 from [01m[K/home/me/progetto_labiagi/src/ped/src/utils.h:1[m[K,
                 from [01m[K/home/me/progetto_labiagi/src/ped/src/ped_server.cpp:1[m[K:
[01m[K/usr/include/c++/7/bits/istream.tcc:963:5:[m[K [01;36m[Knote: [m[Kcandidate: template<class _CharT2, class _Traits2> std::basic_istream<_CharT, _Traits>& std::operator>>(std::basic_istream<_CharT, _Traits>&, _CharT2*)
     [01;36m[Koperator[m[K>>(basic_istream<_CharT, _Traits>& __in, _CharT* __s)
     [01;36m[K^~~~~~~~[m[K
[01m[K/usr/include/c++/7/bits/istream.tcc:963:5:[m[K [01;36m[Knote: [m[K  template argument deduction/substitution failed:
[01m[K/home/me/progetto_labiagi/src/ped/src/ped_server.cpp:83:22:[m[K [01;36m[Knote: [m[K  ‘[01m[Kstd::__cxx11::string {aka std::__cxx11::basic_string<char>}[m[K’ is not derived from ‘[01m[Kstd::basic_istream<_CharT, _Traits>[m[K’
   while (inFile s >> [01;36m[Kx[m[K >> y ) {
                      [01;36m[K^[m[K
In file included from [01m[K/usr/include/c++/7/istream:991:0[m[K,
                 from [01m[K/usr/include/c++/7/sstream:38[m[K,
                 from [01m[K/home/me/progetto_labiagi/src/ped/src/utils.h:1[m[K,
                 from [01m[K/home/me/progetto_labiagi/src/ped/src/ped_server.cpp:1[m[K:
[01m[K/usr/include/c++/7/bits/istream.tcc:931:5:[m[K [01;36m[Knote: [m[Kcandidate: template<class _CharT, class _Traits> std::basic_istream<_CharT, _Traits>& std::operator>>(std::basic_istream<_CharT, _Traits>&, _CharT&)
     [01;36m[Koperator[m[K>>(basic_istream<_CharT, _Traits>& __in, _CharT& __c)
     [01;36m[K^~~~~~~~[m[K
[01m[K/usr/include/c++/7/bits/istream.tcc:931:5:[m[K [01;36m[Knote: [m[K  template argument deduction/substitution failed:
[01m[K/home/me/progetto_labiagi/src/ped/src/ped_server.cpp:83:22:[m[K [01;36m[Knote: [m[K  ‘[01m[Kstd::__cxx11::string {aka std::__cxx11::basic_string<char>}[m[K’ is not derived from ‘[01m[Kstd::basic_istream<_CharT, _Traits>[m[K’
   while (inFile s >> [01;36m[Kx[m[K >> y ) {
                      [01;36m[K^[m[K
In file included from [01m[K/usr/include/c++/7/sstream:38:0[m[K,
                 from [01m[K/home/me/progetto_labiagi/src/ped/src/utils.h:1[m[K,
                 from [01m[K/home/me/progetto_labiagi/src/ped/src/ped_server.cpp:1[m[K:
[01m[K/usr/include/c++/7/istream:756:5:[m[K [01;36m[Knote: [m[Kcandidate: template<class _Traits> std::basic_istream<char, _Traits>& std::operator>>(std::basic_istream<char, _Traits>&, unsigned char&)
     [01;36m[Koperator[m[K>>(basic_istream<char, _Traits>& __in, unsigned char& __c)
     [01;36m[K^~~~~~~~[m[K
[01m[K/usr/include/c++/7/istream:756:5:[m[K [01;36m[Knote: [m[K  template argument deduction/substitution failed:
[01m[K/home/me/progetto_labiagi/src/ped/src/ped_server.cpp:83:22:[m[K [01;36m[Knote: [m[K  ‘[01m[Kstd::__cxx11::string {aka std::__cxx11::basic_string<char>}[m[K’ is not derived from ‘[01m[Kstd::basic_istream<char, _Traits>[m[K’
   while (inFile s >> [01;36m[Kx[m[K >> y ) {
                      [01;36m[K^[m[K
In file included from [01m[K/usr/include/c++/7/sstream:38:0[m[K,
                 from [01m[K/home/me/progetto_labiagi/src/ped/src/utils.h:1[m[K,
                 from [01m[K/home/me/progetto_labiagi/src/ped/src/ped_server.cpp:1[m[K:
[01m[K/usr/include/c++/7/istream:761:5:[m[K [01;36m[Knote: [m[Kcandidate: template<class _Traits> std::basic_istream<char, _Traits>& std::operator>>(std::basic_istream<char, _Traits>&, signed char&)
     [01;36m[Koperator[m[K>>(basic_istream<char, _Traits>& __in, signed char& __c)
     [01;36m[K^~~~~~~~[m[K
[01m[K/usr/include/c++/7/istream:761:5:[m[K [01;36m[Knote: [m[K  template argument deduction/substitution failed:
[01m[K/home/me/progetto_labiagi/src/ped/src/ped_server.cpp:83:22:[m[K [01;36m[Knote: [m[K  ‘[01m[Kstd::__cxx11::string {aka std::__cxx11::basic_string<char>}[m[K’ is not derived from ‘[01m[Kstd::basic_istream<char, _Traits>[m[K’
   while (inFile s >> [01;36m[Kx[m[K >> y ) {
                      [01;36m[K^[m[K
In file included from [01m[K/usr/include/c++/7/sstream:38:0[m[K,
                 from [01m[K/home/me/progetto_labiagi/src/ped/src/utils.h:1[m[K,
                 from [01m[K/home/me/progetto_labiagi/src/ped/src/ped_server.cpp:1[m[K:
[01m[K/usr/include/c++/7/istream:803:5:[m[K [01;36m[Knote: [m[Kcandidate: template<class _Traits> std::basic_istream<char, _Traits>& std::operator>>(std::basic_istream<char, _Traits>&, unsigned char*)
     [01;36m[Koperator[m[K>>(basic_istream<char, _Traits>& __in, unsigned char* __s)
     [01;36m[K^~~~~~~~[m[K
[01m[K/usr/include/c++/7/istream:803:5:[m[K [01;36m[Knote: [m[K  template argument deduction/substitution failed:
[01m[K/home/me/progetto_labiagi/src/ped/src/ped_server.cpp:83:22:[m[K [01;36m[Knote: [m[K  ‘[01m[Kstd::__cxx11::string {aka std::__cxx11::basic_string<char>}[m[K’ is not derived from ‘[01m[Kstd::basic_istream<char, _Traits>[m[K’
   while (inFile s >> [01;36m[Kx[m[K >> y ) {
                      [01;36m[K^[m[K
In file included from [01m[K/usr/include/c++/7/sstream:38:0[m[K,
                 from [01m[K/home/me/progetto_labiagi/src/ped/src/utils.h:1[m[K,
                 from [01m[K/home/me/progetto_labiagi/src/ped/src/ped_server.cpp:1[m[K:
[01m[K/usr/include/c++/7/istream:808:5:[m[K [01;36m[Knote: [m[Kcandidate: template<class _Traits> std::basic_istream<char, _Traits>& std::operator>>(std::basic_istream<char, _Traits>&, signed char*)
     [01;36m[Koperator[m[K>>(basic_istream<char, _Traits>& __in, signed char* __s)
     [01;36m[K^~~~~~~~[m[K
[01m[K/usr/include/c++/7/istream:808:5:[m[K [01;36m[Knote: [m[K  template argument deduction/substitution failed:
[01m[K/home/me/progetto_labiagi/src/ped/src/ped_server.cpp:83:22:[m[K [01;36m[Knote: [m[K  ‘[01m[Kstd::__cxx11::string {aka std::__cxx11::basic_string<char>}[m[K’ is not derived from ‘[01m[Kstd::basic_istream<char, _Traits>[m[K’
   while (inFile s >> [01;36m[Kx[m[K >> y ) {
                      [01;36m[K^[m[K
In file included from [01m[K/usr/include/c++/7/sstream:38:0[m[K,
                 from [01m[K/home/me/progetto_labiagi/src/ped/src/utils.h:1[m[K,
                 from [01m[K/home/me/progetto_labiagi/src/ped/src/ped_server.cpp:1[m[K:
[01m[K/usr/include/c++/7/istream:980:5:[m[K [01;36m[Knote: [m[Kcandidate: template<class _Istream, class _Tp> typename std::enable_if<std::__and_<std::__not_<std::is_lvalue_reference<_Tp> >, std::__is_convertible_to_basic_istream<_Istream>, std::__is_extractable<typename std::__is_convertible_to_basic_istream<_Tp>::__istream_type, _Tp&&, void> >::value, typename std::__is_convertible_to_basic_istream<_Tp>::__istream_type>::type std::operator>>(_Istream&&, _Tp&&)
     [01;36m[Koperator[m[K>>(_Istream&& __is, _Tp&& __x)
     [01;36m[K^~~~~~~~[m[K
[01m[K/usr/include/c++/7/istream:980:5:[m[K [01;36m[Knote: [m[K  template argument deduction/substitution failed:
/usr/include/c++/7/istream: In substitution of ‘[01m[Ktemplate<class _Istream, class _Tp> typename std::enable_if<std::__and_<std::__not_<std::is_lvalue_reference<_Tp> >, std::__is_convertible_to_basic_istream<_Istream>, std::__is_extractable<typename std::__is_convertible_to_basic_istream<_Tp>::__istream_type, _Tp&&, void> >::value, typename std::__is_convertible_to_basic_istream<_Tp>::__istream_type>::type std::operator>>(_Istream&&, _Tp&&) [with _Istream = std::__cxx11::basic_string<char>&; _Tp = float&][m[K’:
[01m[K/home/me/progetto_labiagi/src/ped/src/ped_server.cpp:83:22:[m[K   required from here
[01m[K/usr/include/c++/7/istream:980:5:[m[K [01;31m[Kerror: [m[Kno type named ‘[01m[Ktype[m[K’ in ‘[01m[Kstruct std::enable_if<false, void>[m[K’
In file included from [01m[K/usr/include/boost/math/policies/error_handling.hpp:12:0[m[K,
                 from [01m[K/usr/include/boost/math/special_functions/round.hpp:14[m[K,
                 from [01m[K/opt/ros/melodic/include/ros/time.h:58[m[K,
                 from [01m[K/opt/ros/melodic/include/ros/ros.h:38[m[K,
                 from [01m[K/home/me/progetto_labiagi/src/ped/src/utils.h:2[m[K,
                 from [01m[K/home/me/progetto_labiagi/src/ped/src/ped_server.cpp:1[m[K:
[01m[K/usr/include/c++/7/iomanip:71:5:[m[K [01;36m[Knote: [m[Kcandidate: template<class _CharT, class _Traits> std::basic_istream<_CharT, _Traits>& std::operator>>(std::basic_istream<_CharT, _Traits>&, std::_Resetiosflags)
     [01;36m[Koperator[m[K>>(basic_istream<_CharT, _Traits>& __is, _Resetiosflags __f)
     [01;36m[K^~~~~~~~[m[K
[01m[K/usr/include/c++/7/iomanip:71:5:[m[K [01;36m[Knote: [m[K  template argument deduction/substitution failed:
[01m[K/home/me/progetto_labiagi/src/ped/src/ped_server.cpp:83:22:[m[K [01;36m[Knote: [m[K  ‘[01m[Kstd::__cxx11::string {aka std::__cxx11::basic_string<char>}[m[K’ is not derived from ‘[01m[Kstd::basic_istream<_CharT, _Traits>[m[K’
   while (inFile s >> [01;36m[Kx[m[K >> y ) {
                      [01;36m[K^[m[K
In file included from [01m[K/usr/include/boost/math/policies/error_handling.hpp:12:0[m[K,
                 from [01m[K/usr/include/boost/math/special_functions/round.hpp:14[m[K,
                 from [01m[K/opt/ros/melodic/include/ros/time.h:58[m[K,
                 from [01m[K/opt/ros/melodic/include/ros/ros.h:38[m[K,
                 from [01m[K/home/me/progetto_labiagi/src/ped/src/utils.h:2[m[K,
                 from [01m[K/home/me/progetto_labiagi/src/ped/src/ped_server.cpp:1[m[K:
[01m[K/usr/include/c++/7/iomanip:101:5:[m[K [01;36m[Knote: [m[Kcandidate: template<class _CharT, class _Traits> std::basic_istream<_CharT, _Traits>& std::operator>>(std::basic_istream<_CharT, _Traits>&, std::_Setiosflags)
     [01;36m[Koperator[m[K>>(basic_istream<_CharT, _Traits>& __is, _Setiosflags __f)
     [01;36m[K^~~~~~~~[m[K
[01m[K/usr/include/c++/7/iomanip:101:5:[m[K [01;36m[Knote: [m[K  template argument deduction/substitution failed:
[01m[K/home/me/progetto_labiagi/src/ped/src/ped_server.cpp:83:22:[m[K [01;36m[Knote: [m[K  ‘[01m[Kstd::__cxx11::string {aka std::__cxx11::basic_string<char>}[m[K’ is not derived from ‘[01m[Kstd::basic_istream<_CharT, _Traits>[m[K’
   while (inFile s >> [01;36m[Kx[m[K >> y ) {
                      [01;36m[K^[m[K
In file included from [01m[K/usr/include/boost/math/policies/error_handling.hpp:12:0[m[K,
                 from [01m[K/usr/include/boost/math/special_functions/round.hpp:14[m[K,
                 from [01m[K/opt/ros/melodic/include/ros/time.h:58[m[K,
                 from [01m[K/opt/ros/melodic/include/ros/ros.h:38[m[K,
                 from [01m[K/home/me/progetto_labiagi/src/ped/src/utils.h:2[m[K,
                 from [01m[K/home/me/progetto_labiagi/src/ped/src/ped_server.cpp:1[m[K:
[01m[K/usr/include/c++/7/iomanip:132:5:[m[K [01;36m[Knote: [m[Kcandidate: template<class _CharT, class _Traits> std::basic_istream<_CharT, _Traits>& std::operator>>(std::basic_istream<_CharT, _Traits>&, std::_Setbase)
     [01;36m[Koperator[m[K>>(basic_istream<_CharT, _Traits>& __is, _Setbase __f)
     [01;36m[K^~~~~~~~[m[K
[01m[K/usr/include/c++/7/iomanip:132:5:[m[K [01;36m[Knote: [m[K  template argument deduction/substitution failed:
[01m[K/home/me/progetto_labiagi/src/ped/src/ped_server.cpp:83:22:[m[K [01;36m[Knote: [m[K  ‘[01m[Kstd::__cxx11::string {aka std::__cxx11::basic_string<char>}[m[K’ is not derived from ‘[01m[Kstd::basic_istream<_CharT, _Traits>[m[K’
   while (inFile s >> [01;36m[Kx[m[K >> y ) {
                      [01;36m[K^[m[K
In file included from [01m[K/usr/include/boost/math/policies/error_handling.hpp:12:0[m[K,
                 from [01m[K/usr/include/boost/math/special_functions/round.hpp:14[m[K,
                 from [01m[K/opt/ros/melodic/include/ros/time.h:58[m[K,
                 from [01m[K/opt/ros/melodic/include/ros/ros.h:38[m[K,
                 from [01m[K/home/me/progetto_labiagi/src/ped/src/utils.h:2[m[K,
                 from [01m[K/home/me/progetto_labiagi/src/ped/src/ped_server.cpp:1[m[K:
[01m[K/usr/include/c++/7/iomanip:170:5:[m[K [01;36m[Knote: [m[Kcandidate: template<class _CharT, class _Traits> std::basic_istream<_CharT, _Traits>& std::operator>>(std::basic_istream<_CharT, _Traits>&, std::_Setfill<_CharT>)
     [01;36m[Koperator[m[K>>(basic_istream<_CharT, _Traits>& __is, _Setfill<_CharT> __f)
     [01;36m[K^~~~~~~~[m[K
[01m[K/usr/include/c++/7/iomanip:170:5:[m[K [01;36m[Knote: [m[K  template argument deduction/substitution failed:
[01m[K/home/me/progetto_labiagi/src/ped/src/ped_server.cpp:83:22:[m[K [01;36m[Knote: [m[K  ‘[01m[Kstd::__cxx11::string {aka std::__cxx11::basic_string<char>}[m[K’ is not derived from ‘[01m[Kstd::basic_istream<_CharT, _Traits>[m[K’
   while (inFile s >> [01;36m[Kx[m[K >> y ) {
                      [01;36m[K^[m[K
In file included from [01m[K/usr/include/boost/math/policies/error_handling.hpp:12:0[m[K,
                 from [01m[K/usr/include/boost/math/special_functions/round.hpp:14[m[K,
                 from [01m[K/opt/ros/melodic/include/ros/time.h:58[m[K,
                 from [01m[K/opt/ros/melodic/include/ros/ros.h:38[m[K,
                 from [01m[K/home/me/progetto_labiagi/src/ped/src/utils.h:2[m[K,
                 from [01m[K/home/me/progetto_labiagi/src/ped/src/ped_server.cpp:1[m[K:
[01m[K/usr/include/c++/7/iomanip:200:5:[m[K [01;36m[Knote: [m[Kcandidate: template<class _CharT, class _Traits> std::basic_istream<_CharT, _Traits>& std::operator>>(std::basic_istream<_CharT, _Traits>&, std::_Setprecision)
     [01;36m[Koperator[m[K>>(basic_istream<_CharT, _Traits>& __is, _Setprecision __f)
     [01;36m[K^~~~~~~~[m[K
[01m[K/usr/include/c++/7/iomanip:200:5:[m[K [01;36m[Knote: [m[K  template argument deduction/substitution failed:
[01m[K/home/me/progetto_labiagi/src/ped/src/ped_server.cpp:83:22:[m[K [01;36m[Knote: [m[K  ‘[01m[Kstd::__cxx11::string {aka std::__cxx11::basic_string<char>}[m[K’ is not derived from ‘[01m[Kstd::basic_istream<_CharT, _Traits>[m[K’
   while (inFile s >> [01;36m[Kx[m[K >> y ) {
                      [01;36m[K^[m[K
In file included from [01m[K/usr/include/boost/math/policies/error_handling.hpp:12:0[m[K,
                 from [01m[K/usr/include/boost/math/special_functions/round.hpp:14[m[K,
                 from [01m[K/opt/ros/melodic/include/ros/time.h:58[m[K,
                 from [01m[K/opt/ros/melodic/include/ros/ros.h:38[m[K,
                 from [01m[K/home/me/progetto_labiagi/src/ped/src/utils.h:2[m[K,
                 from [01m[K/home/me/progetto_labiagi/src/ped/src/ped_server.cpp:1[m[K:
[01m[K/usr/include/c++/7/iomanip:230:5:[m[K [01;36m[Knote: [m[Kcandidate: template<class _CharT, class _Traits> std::basic_istream<_CharT, _Traits>& std::operator>>(std::basic_istream<_CharT, _Traits>&, std::_Setw)
     [01;36m[Koperator[m[K>>(basic_istream<_CharT, _Traits>& __is, _Setw __f)
     [01;36m[K^~~~~~~~[m[K
[01m[K/usr/include/c++/7/iomanip:230:5:[m[K [01;36m[Knote: [m[K  template argument deduction/substitution failed:
[01m[K/home/me/progetto_labiagi/src/ped/src/ped_server.cpp:83:22:[m[K [01;36m[Knote: [m[K  ‘[01m[Kstd::__cxx11::string {aka std::__cxx11::basic_string<char>}[m[K’ is not derived from ‘[01m[Kstd::basic_istream<_CharT, _Traits>[m[K’
   while (inFile s >> [01;36m[Kx[m[K >> y ) {
                      [01;36m[K^[m[K
In file included from [01m[K/usr/include/boost/math/policies/error_handling.hpp:12:0[m[K,
                 from [01m[K/usr/include/boost/math/special_functions/round.hpp:14[m[K,
                 from [01m[K/opt/ros/melodic/include/ros/time.h:58[m[K,
                 from [01m[K/opt/ros/melodic/include/ros/ros.h:38[m[K,
                 from [01m[K/home/me/progetto_labiagi/src/ped/src/utils.h:2[m[K,
                 from [01m[K/home/me/progetto_labiagi/src/ped/src/ped_server.cpp:1[m[K:
[01m[K/usr/include/c++/7/iomanip:264:5:[m[K [01;36m[Knote: [m[Kcandidate: template<class _CharT, class _Traits, class _MoneyT> std::basic_istream<_CharT, _Traits>& std::operator>>(std::basic_istream<_CharT, _Traits>&, std::_Get_money<_MoneyT>)
     [01;36m[Koperator[m[K>>(basic_istream<_CharT, _Traits>& __is, _Get_money<_MoneyT> __f)
     [01;36m[K^~~~~~~~[m[K
[01m[K/usr/include/c++/7/iomanip:264:5:[m[K [01;36m[Knote: [m[K  template argument deduction/substitution failed:
[01m[K/home/me/progetto_labiagi/src/ped/src/ped_server.cpp:83:22:[m[K [01;36m[Knote: [m[K  ‘[01m[Kstd::__cxx11::string {aka std::__cxx11::basic_string<char>}[m[K’ is not derived from ‘[01m[Kstd::basic_istream<_CharT, _Traits>[m[K’
   while (inFile s >> [01;36m[Kx[m[K >> y ) {
                      [01;36m[K^[m[K
In file included from [01m[K/usr/include/boost/math/policies/error_handling.hpp:12:0[m[K,
                 from [01m[K/usr/include/boost/math/special_functions/round.hpp:14[m[K,
                 from [01m[K/opt/ros/melodic/include/ros/time.h:58[m[K,
                 from [01m[K/opt/ros/melodic/include/ros/ros.h:38[m[K,
                 from [01m[K/home/me/progetto_labiagi/src/ped/src/utils.h:2[m[K,
                 from [01m[K/home/me/progetto_labiagi/src/ped/src/ped_server.cpp:1[m[K:
[01m[K/usr/include/c++/7/iomanip:418:5:[m[K [01;36m[Knote: [m[Kcandidate: template<class _CharT, class _Traits> std::basic_istream<_CharT, _Traits>& std::operator>>(std::basic_istream<_CharT, _Traits>&, std::_Get_time<_CharT>)
     [01;36m[Koperator[m[K>>(basic_istream<_CharT, _Traits>& __is, _Get_time<_CharT> __f)
     [01;36m[K^~~~~~~~[m[K
[01m[K/usr/include/c++/7/iomanip:418:5:[m[K [01;36m[Knote: [m[K  template argument deduction/substitution failed:
[01m[K/home/me/progetto_labiagi/src/ped/src/ped_server.cpp:83:22:[m[K [01;36m[Knote: [m[K  ‘[01m[Kstd::__cxx11::string {aka std::__cxx11::basic_string<char>}[m[K’ is not derived from ‘[01m[Kstd::basic_istream<_CharT, _Traits>[m[K’
   while (inFile s >> [01;36m[Kx[m[K >> y ) {
                      [01;36m[K^[m[K
In file included from [01m[K/usr/include/boost/config/no_tr1/complex.hpp:21:0[m[K,
                 from [01m[K/usr/include/boost/math/policies/error_handling.hpp:17[m[K,
                 from [01m[K/usr/include/boost/math/special_functions/round.hpp:14[m[K,
                 from [01m[K/opt/ros/melodic/include/ros/time.h:58[m[K,
                 from [01m[K/opt/ros/melodic/include/ros/ros.h:38[m[K,
                 from [01m[K/home/me/progetto_labiagi/src/ped/src/utils.h:2[m[K,
                 from [01m[K/home/me/progetto_labiagi/src/ped/src/ped_server.cpp:1[m[K:
[01m[K/usr/include/c++/7/complex:493:5:[m[K [01;36m[Knote: [m[Kcandidate: template<class _Tp, class _CharT, class _Traits> std::basic_istream<_CharT, _Traits>& std::operator>>(std::basic_istream<_CharT, _Traits>&, std::complex<_Tp>&)
     [01;36m[Koperator[m[K>>(basic_istream<_CharT, _Traits>& __is, complex<_Tp>& __x)
     [01;36m[K^~~~~~~~[m[K
[01m[K/usr/include/c++/7/complex:493:5:[m[K [01;36m[Knote: [m[K  template argument deduction/substitution failed:
[01m[K/home/me/progetto_labiagi/src/ped/src/ped_server.cpp:83:22:[m[K [01;36m[Knote: [m[K  ‘[01m[Kstd::__cxx11::string {aka std::__cxx11::basic_string<char>}[m[K’ is not derived from ‘[01m[Kstd::basic_istream<_CharT, _Traits>[m[K’
   while (inFile s >> [01;36m[Kx[m[K >> y ) {
                      [01;36m[K^[m[K
In file included from [01m[K/usr/include/x86_64-linux-gnu/c++/7/bits/stdc++.h:66:0[m[K,
                 from [01m[K/home/me/progetto_labiagi/src/ped/src/ped_server.cpp:5[m[K:
[01m[K/usr/include/c++/7/bitset:1462:5:[m[K [01;36m[Knote: [m[Kcandidate: template<class _CharT, class _Traits, long unsigned int _Nb> std::basic_istream<_CharT, _Traits>& std::operator>>(std::basic_istream<_CharT, _Traits>&, std::bitset<_Nb>&)
     [01;36m[Koperator[m[K>>(std::basic_istream<_CharT, _Traits>& __is, bitset<_Nb>& __x)
     [01;36m[K^~~~~~~~[m[K
[01m[K/usr/include/c++/7/bitset:1462:5:[m[K [01;36m[Knote: [m[K  template argument deduction/substitution failed:
[01m[K/home/me/progetto_labiagi/src/ped/src/ped_server.cpp:83:22:[m[K [01;36m[Knote: [m[K  ‘[01m[Kstd::__cxx11::string {aka std::__cxx11::basic_string<char>}[m[K’ is not derived from ‘[01m[Kstd::basic_istream<_CharT, _Traits>[m[K’
   while (inFile s >> [01;36m[Kx[m[K >> y ) {
                      [01;36m[K^[m[K
In file included from [01m[K/usr/include/c++/7/valarray:592:0[m[K,
                 from [01m[K/usr/include/x86_64-linux-gnu/c++/7/bits/stdc++.h:95[m[K,
                 from [01m[K/home/me/progetto_labiagi/src/ped/src/ped_server.cpp:5[m[K:
[01m[K/usr/include/c++/7/bits/valarray_after.h:411:5:[m[K [01;36m[Knote: [m[Kcandidate: template<class _Dom1, class _Dom2> std::_Expr<std::_BinClos<std::__shift_right, std::_Expr, std::_Expr, _Dom1, _Dom2>, typename std::__fun<std::__shift_right, typename _Dom1::value_type>::result_type> std::operator>>(const std::_Expr<_Dom1, typename _Dom1::value_type>&, const std::_Expr<_Dom2, typename _Dom2::value_type>&)
     [01;36m[K_[m[KDEFINE_EXPR_BINARY_OPERATOR(>>, __shift_right)
     [01;36m[K^[m[K
[01m[K/usr/include/c++/7/bits/valarray_after.h:411:5:[m[K [01;36m[Knote: [m[K  template argument deduction/substitution failed:
[01m[K/home/me/progetto_labiagi/src/ped/src/ped_server.cpp:83:22:[m[K [01;36m[Knote: [m[K  ‘[01m[Kstd::__cxx11::string {aka std::__cxx11::basic_string<char>}[m[K’ is not derived from ‘[01m[Kconst std::_Expr<_Dom1, typename _Dom1::value_type>[m[K’
   while (inFile s >> [01;36m[Kx[m[K >> y ) {
                      [01;36m[K^[m[K
In file included from [01m[K/usr/include/c++/7/valarray:592:0[m[K,
                 from [01m[K/usr/include/x86_64-linux-gnu/c++/7/bits/stdc++.h:95[m[K,
                 from [01m[K/home/me/progetto_labiagi/src/ped/src/ped_server.cpp:5[m[K:
[01m[K/usr/include/c++/7/bits/valarray_after.h:411:5:[m[K [01;36m[Knote: [m[Kcandidate: template<class _Dom> std::_Expr<std::_BinClos<std::__shift_right, std::_Expr, std::_Constant, _Dom, typename _Dom::value_type>, typename std::__fun<std::__shift_right, typename _Dom1::value_type>::result_type> std::operator>>(const std::_Expr<_Dom1, typename _Dom1::value_type>&, const typename _Dom::value_type&)
     [01;36m[K_[m[KDEFINE_EXPR_BINARY_OPERATOR(>>, __shift_right)
     [01;36m[K^[m[K
[01m[K/usr/include/c++/7/bits/valarray_after.h:411:5:[m[K [01;36m[Knote: [m[K  template argument deduction/substitution failed:
[01m[K/home/me/progetto_labiagi/src/ped/src/ped_server.cpp:83:22:[m[K [01;36m[Knote: [m[K  ‘[01m[Kstd::__cxx11::string {aka std::__cxx11::basic_string<char>}[m[K’ is not derived from ‘[01m[Kconst std::_Expr<_Dom1, typename _Dom1::value_type>[m[K’
   while (inFile s >> [01;36m[Kx[m[K >> y ) {
                      [01;36m[K^[m[K
In file included from [01m[K/usr/include/c++/7/valarray:592:0[m[K,
                 from [01m[K/usr/include/x86_64-linux-gnu/c++/7/bits/stdc++.h:95[m[K,
                 from [01m[K/home/me/progetto_labiagi/src/ped/src/ped_server.cpp:5[m[K:
[01m[K/usr/include/c++/7/bits/valarray_after.h:411:5:[m[K [01;36m[Knote: [m[Kcandidate: template<class _Dom> std::_Expr<std::_BinClos<std::__shift_right, std::_Constant, std::_Expr, typename _Dom::value_type, _Dom>, typename std::__fun<std::__shift_right, typename _Dom1::value_type>::result_type> std::operator>>(const typename _Dom::value_type&, const std::_Expr<_Dom1, typename _Dom1::value_type>&)
     [01;36m[K_[m[KDEFINE_EXPR_BINARY_OPERATOR(>>, __shift_right)
     [01;36m[K^[m[K
[01m[K/usr/include/c++/7/bits/valarray_after.h:411:5:[m[K [01;36m[Knote: [m[K  template argument deduction/substitution failed:
[01m[K/home/me/progetto_labiagi/src/ped/src/ped_server.cpp:83:22:[m[K [01;36m[Knote: [m[K  mismatched types ‘[01m[Kconst std::_Expr<_Dom1, typename _Dom1::value_type>[m[K’ and ‘[01m[Kfloat[m[K’
   while (inFile s >> [01;36m[Kx[m[K >> y ) {
                      [01;36m[K^[m[K
In file included from [01m[K/usr/include/c++/7/valarray:592:0[m[K,
                 from [01m[K/usr/include/x86_64-linux-gnu/c++/7/bits/stdc++.h:95[m[K,
                 from [01m[K/home/me/progetto_labiagi/src/ped/src/ped_server.cpp:5[m[K:
[01m[K/usr/include/c++/7/bits/valarray_after.h:411:5:[m[K [01;36m[Knote: [m[Kcandidate: template<class _Dom> std::_Expr<std::_BinClos<std::__shift_right, std::_Expr, std::_ValArray, _Dom, typename _Dom::value_type>, typename std::__fun<std::__shift_right, typename _Dom1::value_type>::result_type> std::operator>>(const std::_Expr<_Dom1, typename _Dom1::value_type>&, const std::valarray<typename _Dom::value_type>&)
     [01;36m[K_[m[KDEFINE_EXPR_BINARY_OPERATOR(>>, __shift_right)
     [01;36m[K^[m[K
[01m[K/usr/include/c++/7/bits/valarray_after.h:411:5:[m[K [01;36m[Knote: [m[K  template argument deduction/substitution failed:
[01m[K/home/me/progetto_labiagi/src/ped/src/ped_server.cpp:83:22:[m[K [01;36m[Knote: [m[K  ‘[01m[Kstd::__cxx11::string {aka std::__cxx11::basic_string<char>}[m[K’ is not derived from ‘[01m[Kconst std::_Expr<_Dom1, typename _Dom1::value_type>[m[K’
   while (inFile s >> [01;36m[Kx[m[K >> y ) {
                      [01;36m[K^[m[K
In file included from [01m[K/usr/include/c++/7/valarray:592:0[m[K,
                 from [01m[K/usr/include/x86_64-linux-gnu/c++/7/bits/stdc++.h:95[m[K,
                 from [01m[K/home/me/progetto_labiagi/src/ped/src/ped_server.cpp:5[m[K:
[01m[K/usr/include/c++/7/bits/valarray_after.h:411:5:[m[K [01;36m[Knote: [m[Kcandidate: template<class _Dom> std::_Expr<std::_BinClos<std::__shift_right, std::_ValArray, std::_Expr, typename _Dom::value_type, _Dom>, typename std::__fun<std::__shift_right, typename _Dom1::value_type>::result_type> std::operator>>(const std::valarray<typename _Dom::value_type>&, const std::_Expr<_Dom1, typename _Dom1::value_type>&)
     [01;36m[K_[m[KDEFINE_EXPR_BINARY_OPERATOR(>>, __shift_right)
     [01;36m[K^[m[K
[01m[K/usr/include/c++/7/bits/valarray_after.h:411:5:[m[K [01;36m[Knote: [m[K  template argument deduction/substitution failed:
[01m[K/home/me/progetto_labiagi/src/ped/src/ped_server.cpp:83:22:[m[K [01;36m[Knote: [m[K  mismatched types ‘[01m[Kconst std::_Expr<_Dom1, typename _Dom1::value_type>[m[K’ and ‘[01m[Kfloat[m[K’
   while (inFile s >> [01;36m[Kx[m[K >> y ) {
                      [01;36m[K^[m[K
In file included from [01m[K/usr/include/x86_64-linux-gnu/c++/7/bits/stdc++.h:95:0[m[K,
                 from [01m[K/home/me/progetto_labiagi/src/ped/src/ped_server.cpp:5[m[K:
[01m[K/usr/include/c++/7/valarray:1181:1:[m[K [01;36m[Knote: [m[Kcandidate: template<class _Tp> std::_Expr<std::_BinClos<std::__shift_right, std::_ValArray, std::_ValArray, _Tp, _Tp>, typename std::__fun<std::__shift_right, _Tp>::result_type> std::operator>>(const std::valarray<_Tp>&, const std::valarray<_Tp>&)
 [01;36m[K_[m[KDEFINE_BINARY_OPERATOR(>>, __shift_right)
 [01;36m[K^[m[K
[01m[K/usr/include/c++/7/valarray:1181:1:[m[K [01;36m[Knote: [m[K  template argument deduction/substitution failed:
[01m[K/home/me/progetto_labiagi/src/ped/src/ped_server.cpp:83:22:[m[K [01;36m[Knote: [m[K  ‘[01m[Kstd::__cxx11::string {aka std::__cxx11::basic_string<char>}[m[K’ is not derived from ‘[01m[Kconst std::valarray<_Tp>[m[K’
   while (inFile s >> [01;36m[Kx[m[K >> y ) {
                      [01;36m[K^[m[K
In file included from [01m[K/usr/include/x86_64-linux-gnu/c++/7/bits/stdc++.h:95:0[m[K,
                 from [01m[K/home/me/progetto_labiagi/src/ped/src/ped_server.cpp:5[m[K:
[01m[K/usr/include/c++/7/valarray:1181:1:[m[K [01;36m[Knote: [m[Kcandidate: template<class _Tp> std::_Expr<std::_BinClos<std::__shift_right, std::_ValArray, std::_Constant, _Tp, _Tp>, typename std::__fun<std::__shift_right, _Tp>::result_type> std::operator>>(const std::valarray<_Tp>&, const _Tp&)
 [01;36m[K_[m[KDEFINE_BINARY_OPERATOR(>>, __shift_right)
 [01;36m[K^[m[K
[01m[K/usr/include/c++/7/valarray:1181:1:[m[K [01;36m[Knote: [m[K  template argument deduction/substitution failed:
[01m[K/home/me/progetto_labiagi/src/ped/src/ped_server.cpp:83:22:[m[K [01;36m[Knote: [m[K  ‘[01m[Kstd::__cxx11::string {aka std::__cxx11::basic_string<char>}[m[K’ is not derived from ‘[01m[Kconst std::valarray<_Tp>[m[K’
   while (inFile s >> [01;36m[Kx[m[K >> y ) {
                      [01;36m[K^[m[K
In file included from [01m[K/usr/include/x86_64-linux-gnu/c++/7/bits/stdc++.h:95:0[m[K,
                 from [01m[K/home/me/progetto_labiagi/src/ped/src/ped_server.cpp:5[m[K:
[01m[K/usr/include/c++/7/valarray:1181:1:[m[K [01;36m[Knote: [m[Kcandidate: template<class _Tp> std::_Expr<std::_BinClos<std::__shift_right, std::_Constant, std::_ValArray, _Tp, _Tp>, typename std::__fun<std::__shift_right, _Tp>::result_type> std::operator>>(const _Tp&, const std::valarray<_Tp>&)
 [01;36m[K_[m[KDEFINE_BINARY_OPERATOR(>>, __shift_right)
 [01;36m[K^[m[K
[01m[K/usr/include/c++/7/valarray:1181:1:[m[K [01;36m[Knote: [m[K  template argument deduction/substitution failed:
[01m[K/home/me/progetto_labiagi/src/ped/src/ped_server.cpp:83:22:[m[K [01;36m[Knote: [m[K  mismatched types ‘[01m[Kconst std::valarray<_Tp>[m[K’ and ‘[01m[Kfloat[m[K’
   while (inFile s >> [01;36m[Kx[m[K >> y ) {
                      [01;36m[K^[m[K
In file included from [01m[K/usr/include/c++/7/random:51:0[m[K,
                 from [01m[K/usr/include/x86_64-linux-gnu/c++/7/bits/stdc++.h:108[m[K,
                 from [01m[K/home/me/progetto_labiagi/src/ped/src/ped_server.cpp:5[m[K:
[01m[K/usr/include/c++/7/bits/random.tcc:505:5:[m[K [01;36m[Knote: [m[Kcandidate: template<class _UIntType1, long unsigned int __w1, long unsigned int __n1, long unsigned int __m1, long unsigned int __r1, _UIntType1 __a1, long unsigned int __u1, _UIntType1 __d1, long unsigned int __s1, _UIntType1 __b1, long unsigned int __t1, _UIntType1 __c1, long unsigned int __l1, _UIntType1 __f1, class _CharT, class _Traits> std::basic_istream<_CharT, _Traits>& std::operator>>(std::basic_istream<_CharT, _Traits>&, std::mersenne_twister_engine<_UIntType, __w, __n, __m, __r, __a, __u, __d, __s, __b, __t, __c, __l, __f>&)
     [01;36m[Koperator[m[K>>(std::basic_istream<_CharT, _Traits>& __is,
     [01;36m[K^~~~~~~~[m[K
[01m[K/usr/include/c++/7/bits/random.tcc:505:5:[m[K [01;36m[Knote: [m[K  template argument deduction/substitution failed:
[01m[K/home/me/progetto_labiagi/src/ped/src/ped_server.cpp:83:22:[m[K [01;36m[Knote: [m[K  ‘[01m[Kstd::__cxx11::string {aka std::__cxx11::basic_string<char>}[m[K’ is not derived from ‘[01m[Kstd::basic_istream<_CharT, _Traits>[m[K’
   while (inFile s >> [01;36m[Kx[m[K >> y ) {
                      [01;36m[K^[m[K
In file included from [01m[K/usr/include/c++/7/random:51:0[m[K,
                 from [01m[K/usr/include/x86_64-linux-gnu/c++/7/bits/stdc++.h:108[m[K,
                 from [01m[K/home/me/progetto_labiagi/src/ped/src/ped_server.cpp:5[m[K:
[01m[K/usr/include/c++/7/bits/random.tcc:898:5:[m[K [01;36m[Knote: [m[Kcandidate: template<class _IntType, class _CharT, class _Traits> std::basic_istream<_CharT, _Traits>& std::operator>>(std::basic_istream<_CharT, _Traits>&, std::uniform_int_distribution<_IntType>&)
     [01;36m[Koperator[m[K>>(std::basic_istream<_CharT, _Traits>& __is,
     [01;36m[K^~~~~~~~[m[K
[01m[K/usr/include/c++/7/bits/random.tcc:898:5:[m[K [01;36m[Knote: [m[K  template argument deduction/substitution failed:
[01m[K/home/me/progetto_labiagi/src/ped/src/ped_server.cpp:83:22:[m[K [01;36m[Knote: [m[K  ‘[01m[Kstd::__cxx11::string {aka std::__cxx11::basic_string<char>}[m[K’ is not derived from ‘[01m[Kstd::basic_istream<_CharT, _Traits>[m[K’
   while (inFile s >> [01;36m[Kx[m[K >> y ) {
                      [01;36m[K^[m[K
In file included from [01m[K/usr/include/c++/7/random:51:0[m[K,
                 from [01m[K/usr/include/x86_64-linux-gnu/c++/7/bits/stdc++.h:108[m[K,
                 from [01m[K/home/me/progetto_labiagi/src/ped/src/ped_server.cpp:5[m[K:
[01m[K/usr/include/c++/7/bits/random.tcc:960:5:[m[K [01;36m[Knote: [m[Kcandidate: template<class _RealType, class _CharT, class _Traits> std::basic_istream<_CharT, _Traits>& std::operator>>(std::basic_istream<_CharT, _Traits>&, std::uniform_real_distribution<_IntType>&)
     [01;36m[Koperator[m[K>>(std::basic_istream<_CharT, _Traits>& __is,
     [01;36m[K^~~~~~~~[m[K
[01m[K/usr/include/c++/7/bits/random.tcc:960:5:[m[K [01;36m[Knote: [m[K  template argument deduction/substitution failed:
[01m[K/home/me/progetto_labiagi/src/ped/src/ped_server.cpp:83:22:[m[K [01;36m[Knote: [m[K  ‘[01m[Kstd::__cxx11::string {aka std::__cxx11::basic_string<char>}[m[K’ is not derived from ‘[01m[Kstd::basic_istream<_CharT, _Traits>[m[K’
   while (inFile s >> [01;36m[Kx[m[K >> y ) {
                      [01;36m[K^[m[K
In file included from [01m[K/usr/include/c++/7/random:51:0[m[K,
                 from [01m[K/usr/include/x86_64-linux-gnu/c++/7/bits/stdc++.h:108[m[K,
                 from [01m[K/home/me/progetto_labiagi/src/ped/src/ped_server.cpp:5[m[K:
[01m[K/usr/include/c++/7/bits/random.tcc:2147:5:[m[K [01;36m[Knote: [m[Kcandidate: template<class _RealType, class _CharT, class _Traits> std::basic_istream<_CharT, _Traits>& std::operator>>(std::basic_istream<_CharT, _Traits>&, std::cauchy_distribution<_RealType>&)
     [01;36m[Koperator[m[K>>(std::basic_istream<_CharT, _Traits>& __is,
     [01;36m[K^~~~~~~~[m[K
[01m[K/usr/include/c++/7/bits/random.tcc:2147:5:[m[K [01;36m[Knote: [m[K  template argument deduction/substitution failed:
[01m[K/home/me/progetto_labiagi/src/ped/src/ped_server.cpp:83:22:[m[K [01;36m[Knote: [m[K  ‘[01m[Kstd::__cxx11::string {aka std::__cxx11::basic_string<char>}[m[K’ is not derived from ‘[01m[Kstd::basic_istream<_CharT, _Traits>[m[K’
   while (inFile s >> [01;36m[Kx[m[K >> y ) {
                      [01;36m[K^[m[K
In file included from [01m[K/usr/include/c++/7/random:49:0[m[K,
                 from [01m[K/usr/include/x86_64-linux-gnu/c++/7/bits/stdc++.h:108[m[K,
                 from [01m[K/home/me/progetto_labiagi/src/ped/src/ped_server.cpp:5[m[K:
[01m[K/usr/include/c++/7/bits/random.h:3644:5:[m[K [01;36m[Knote: [m[Kcandidate: template<class _CharT, class _Traits> std::basic_istream<_CharT, _Traits>& std::operator>>(std::basic_istream<_CharT, _Traits>&, std::bernoulli_distribution&)
     [01;36m[Koperator[m[K>>(std::basic_istream<_CharT, _Traits>& __is,
     [01;36m[K^~~~~~~~[m[K
[01m[K/usr/include/c++/7/bits/random.h:3644:5:[m[K [01;36m[Knote: [m[K  template argument deduction/substitution failed:
[01m[K/home/me/progetto_labiagi/src/ped/src/ped_server.cpp:83:22:[m[K [01;36m[Knote: [m[K  ‘[01m[Kstd::__cxx11::string {aka std::__cxx11::basic_string<char>}[m[K’ is not derived from ‘[01m[Kstd::basic_istream<_CharT, _Traits>[m[K’
   while (inFile s >> [01;36m[Kx[m[K >> y ) {
                      [01;36m[K^[m[K
In file included from [01m[K/usr/include/c++/7/random:51:0[m[K,
                 from [01m[K/usr/include/x86_64-linux-gnu/c++/7/bits/stdc++.h:108[m[K,
                 from [01m[K/home/me/progetto_labiagi/src/ped/src/ped_server.cpp:5[m[K:
[01m[K/usr/include/c++/7/bits/random.tcc:1925:5:[m[K [01;36m[Knote: [m[Kcandidate: template<class _RealType1, class _CharT, class _Traits> std::basic_istream<_CharT, _Traits>& std::operator>>(std::basic_istream<_CharT, _Traits>&, std::normal_distribution<_RealType>&)
     [01;36m[Koperator[m[K>>(std::basic_istream<_CharT, _Traits>& __is,
     [01;36m[K^~~~~~~~[m[K
[01m[K/usr/include/c++/7/bits/random.tcc:1925:5:[m[K [01;36m[Knote: [m[K  template argument deduction/substitution failed:
[01m[K/home/me/progetto_labiagi/src/ped/src/ped_server.cpp:83:22:[m[K [01;36m[Knote: [m[K  ‘[01m[Kstd::__cxx11::string {aka std::__cxx11::basic_string<char>}[m[K’ is not derived from ‘[01m[Kstd::basic_istream<_CharT, _Traits>[m[K’
   while (inFile s >> [01;36m[Kx[m[K >> y ) {
                      [01;36m[K^[m[K
In file included from [01m[K/usr/include/c++/7/random:51:0[m[K,
                 from [01m[K/usr/include/x86_64-linux-gnu/c++/7/bits/stdc++.h:108[m[K,
                 from [01m[K/home/me/progetto_labiagi/src/ped/src/ped_server.cpp:5[m[K:
[01m[K/usr/include/c++/7/bits/random.tcc:1104:5:[m[K [01;36m[Knote: [m[Kcandidate: template<class _IntType, class _CharT, class _Traits> std::basic_istream<_CharT, _Traits>& std::operator>>(std::basic_istream<_CharT, _Traits>&, std::geometric_distribution<_IntType>&)
     [01;36m[Koperator[m[K>>(std::basic_istream<_CharT, _Traits>& __is,
     [01;36m[K^~~~~~~~[m[K
[01m[K/usr/include/c++/7/bits/random.tcc:1104:5:[m[K [01;36m[Knote: [m[K  template argument deduction/substitution failed:
[01m[K/home/me/progetto_labiagi/src/ped/src/ped_server.cpp:83:22:[m[K [01;36m[Knote: [m[K  ‘[01m[Kstd::__cxx11::string {aka std::__cxx11::basic_string<char>}[m[K’ is not derived from ‘[01m[Kstd::basic_istream<_CharT, _Traits>[m[K’
   while (inFile s >> [01;36m[Kx[m[K >> y ) {
                      [01;36m[K^[m[K
In file included from [01m[K/usr/include/c++/7/random:51:0[m[K,
                 from [01m[K/usr/include/x86_64-linux-gnu/c++/7/bits/stdc++.h:108[m[K,
                 from [01m[K/home/me/progetto_labiagi/src/ped/src/ped_server.cpp:5[m[K:
[01m[K/usr/include/c++/7/bits/random.tcc:2469:5:[m[K [01;36m[Knote: [m[Kcandidate: template<class _RealType1, class _CharT, class _Traits> std::basic_istream<_CharT, _Traits>& std::operator>>(std::basic_istream<_CharT, _Traits>&, std::gamma_distribution<_RealType>&)
     [01;36m[Koperator[m[K>>(std::basic_istream<_CharT, _Traits>& __is,
     [01;36m[K^~~~~~~~[m[K
[01m[K/usr/include/c++/7/bits/random.tcc:2469:5:[m[K [01;36m[Knote: [m[K  template argument deduction/substitution failed:
[01m[K/home/me/progetto_labiagi/src/ped/src/ped_server.cpp:83:22:[m[K [01;36m[Knote: [m[K  ‘[01m[Kstd::__cxx11::string {aka std::__cxx11::basic_string<char>}[m[K’ is not derived from ‘[01m[Kstd::basic_istream<_CharT, _Traits>[m[K’
   while (inFile s >> [01;36m[Kx[m[K >> y ) {
                      [01;36m[K^[m[K
In file included from [01m[K/usr/include/c++/7/random:51:0[m[K,
                 from [01m[K/usr/include/x86_64-linux-gnu/c++/7/bits/stdc++.h:108[m[K,
                 from [01m[K/home/me/progetto_labiagi/src/ped/src/ped_server.cpp:5[m[K:
[01m[K/usr/include/c++/7/bits/random.tcc:1754:5:[m[K [01;36m[Knote: [m[Kcandidate: template<class _RealType, class _CharT, class _Traits> std::basic_istream<_CharT, _Traits>& std::operator>>(std::basic_istream<_CharT, _Traits>&, std::exponential_distribution<_RealType>&)
     [01;36m[Koperator[m[K>>(std::basic_istream<_CharT, _Traits>& __is,
     [01;36m[K^~~~~~~~[m[K
[01m[K/usr/include/c++/7/bits/random.tcc:1754:5:[m[K [01;36m[Knote: [m[K  template argument deduction/substitution failed:
[01m[K/home/me/progetto_labiagi/src/ped/src/ped_server.cpp:83:22:[m[K [01;36m[Knote: [m[K  ‘[01m[Kstd::__cxx11::string {aka std::__cxx11::basic_string<char>}[m[K’ is not derived from ‘[01m[Kstd::basic_istream<_CharT, _Traits>[m[K’
   while (inFile s >> [01;36m[Kx[m[K >> y ) {
                      [01;36m[K^[m[K
In file included from [01m[K/usr/include/c++/7/random:51:0[m[K,
                 from [01m[K/usr/include/x86_64-linux-gnu/c++/7/bits/stdc++.h:108[m[K,
                 from [01m[K/home/me/progetto_labiagi/src/ped/src/ped_server.cpp:5[m[K:
[01m[K/usr/include/c++/7/bits/random.tcc:2546:5:[m[K [01;36m[Knote: [m[Kcandidate: template<class _RealType, class _CharT, class _Traits> std::basic_istream<_CharT, _Traits>& std::operator>>(std::basic_istream<_CharT, _Traits>&, std::weibull_distribution<_RealType>&)
     [01;36m[Koperator[m[K>>(std::basic_istream<_CharT, _Traits>& __is,
     [01;36m[K^~~~~~~~[m[K
[01m[K/usr/include/c++/7/bits/random.tcc:2546:5:[m[K [01;36m[Knote: [m[K  template argument deduction/substitution failed:
[01m[K/home/me/progetto_labiagi/src/ped/src/ped_server.cpp:83:22:[m[K [01;36m[Knote: [m[K  ‘[01m[Kstd::__cxx11::string {aka std::__cxx11::basic_string<char>}[m[K’ is not derived from ‘[01m[Kstd::basic_istream<_CharT, _Traits>[m[K’
   while (inFile s >> [01;36m[Kx[m[K >> y ) {
                      [01;36m[K^[m[K
In file included from [01m[K/usr/include/c++/7/random:51:0[m[K,
                 from [01m[K/usr/include/x86_64-linux-gnu/c++/7/bits/stdc++.h:108[m[K,
                 from [01m[K/home/me/progetto_labiagi/src/ped/src/ped_server.cpp:5[m[K:
[01m[K/usr/include/c++/7/bits/random.tcc:2622:5:[m[K [01;36m[Knote: [m[Kcandidate: template<class _RealType, class _CharT, class _Traits> std::basic_istream<_CharT, _Traits>& std::operator>>(std::basic_istream<_CharT, _Traits>&, std::extreme_value_distribution<_RealType>&)
     [01;36m[Koperator[m[K>>(std::basic_istream<_CharT, _Traits>& __is,
     [01;36m[K^~~~~~~~[m[K
[01m[K/usr/include/c++/7/bits/random.tcc:2622:5:[m[K [01;36m[Knote: [m[K  template argument deduction/substitution failed:
[01m[K/home/me/progetto_labiagi/src/ped/src/ped_server.cpp:83:22:[m[K [01;36m[Knote: [m[K  ‘[01m[Kstd::__cxx11::string {aka std::__cxx11::basic_string<char>}[m[K’ is not derived from ‘[01m[Kstd::basic_istream<_CharT, _Traits>[m[K’
   while (inFile s >> [01;36m[Kx[m[K >> y ) {
                      [01;36m[K^[m[K
In file included from [01m[K/usr/include/c++/7/random:51:0[m[K,
                 from [01m[K/usr/include/x86_64-linux-gnu/c++/7/bits/stdc++.h:108[m[K,
                 from [01m[K/home/me/progetto_labiagi/src/ped/src/ped_server.cpp:5[m[K:
[01m[K/usr/include/c++/7/bits/random.tcc:178:5:[m[K [01;36m[Knote: [m[Kcandidate: template<class _UIntType, _UIntType __a, _UIntType __c, _UIntType __m, class _CharT, class _Traits> std::basic_istream<_CharT, _Traits>& std::operator>>(std::basic_istream<_CharT, _Traits>&, std::linear_congruential_engine<_UIntType, __a, __c, __m>&)
     [01;36m[Koperator[m[K>>(std::basic_istream<_CharT, _Traits>& __is,
     [01;36m[K^~~~~~~~[m[K
[01m[K/usr/include/c++/7/bits/random.tcc:178:5:[m[K [01;36m[Knote: [m[K  template argument deduction/substitution failed:
[01m[K/home/me/progetto_labiagi/src/ped/src/ped_server.cpp:83:22:[m[K [01;36m[Knote: [m[K  ‘[01m[Kstd::__cxx11::string {aka std::__cxx11::basic_string<char>}[m[K’ is not derived from ‘[01m[Kstd::basic_istream<_CharT, _Traits>[m[K’
   while (inFile s >> [01;36m[Kx[m[K >> y ) {
                      [01;36m[K^[m[K
In file included from [01m[K/usr/include/c++/7/random:51:0[m[K,
                 from [01m[K/usr/include/x86_64-linux-gnu/c++/7/bits/stdc++.h:108[m[K,
                 from [01m[K/home/me/progetto_labiagi/src/ped/src/ped_server.cpp:5[m[K:
[01m[K/usr/include/c++/7/bits/random.tcc:657:5:[m[K [01;36m[Knote: [m[Kcandidate: template<class _UIntType, long unsigned int __w, long unsigned int __s, long unsigned int __r, class _CharT, class _Traits> std::basic_istream<_CharT, _Traits>& std::operator>>(std::basic_istream<_CharT, _Traits>&, std::subtract_with_carry_engine<_UIntType, __w, __s, __r>&)
     [01;36m[Koperator[m[K>>(std::basic_istream<_CharT, _Traits>& __is,
     [01;36m[K^~~~~~~~[m[K
[01m[K/usr/include/c++/7/bits/random.tcc:657:5:[m[K [01;36m[Knote: [m[K  template argument deduction/substitution failed:
[01m[K/home/me/progetto_labiagi/src/ped/src/ped_server.cpp:83:22:[m[K [01;36m[Knote: [m[K  ‘[01m[Kstd::__cxx11::string {aka std::__cxx11::basic_string<char>}[m[K’ is not derived from ‘[01m[Kstd::basic_istream<_CharT, _Traits>[m[K’
   while (inFile s >> [01;36m[Kx[m[K >> y ) {
                      [01;36m[K^[m[K
In file included from [01m[K/usr/include/c++/7/random:51:0[m[K,
                 from [01m[K/usr/include/x86_64-linux-gnu/c++/7/bits/stdc++.h:108[m[K,
                 from [01m[K/home/me/progetto_labiagi/src/ped/src/ped_server.cpp:5[m[K:
[01m[K/usr/include/c++/7/bits/random.tcc:725:5:[m[K [01;36m[Knote: [m[Kcandidate: template<class _RandomNumberEngine, long unsigned int __p, long unsigned int __r, class _CharT, class _Traits> std::basic_istream<_CharT, _Traits>& std::operator>>(std::basic_istream<_CharT, _Traits>&, std::discard_block_engine<_RandomNumberEngine, __p, __r>&)
     [01;36m[Koperator[m[K>>(std::basic_istream<_CharT, _Traits>& __is,
     [01;36m[K^~~~~~~~[m[K
[01m[K/usr/include/c++/7/bits/random.tcc:725:5:[m[K [01;36m[Knote: [m[K  template argument deduction/substitution failed:
[01m[K/home/me/progetto_labiagi/src/ped/src/ped_server.cpp:83:22:[m[K [01;36m[Knote: [m[K  ‘[01m[Kstd::__cxx11::string {aka std::__cxx11::basic_string<char>}[m[K’ is not derived from ‘[01m[Kstd::basic_istream<_CharT, _Traits>[m[K’
   while (inFile s >> [01;36m[Kx[m[K >> y ) {
                      [01;36m[K^[m[K
In file included from [01m[K/usr/include/c++/7/random:51:0[m[K,
                 from [01m[K/usr/include/x86_64-linux-gnu/c++/7/bits/stdc++.h:108[m[K,
                 from [01m[K/home/me/progetto_labiagi/src/ped/src/ped_server.cpp:5[m[K:
[01m[K/usr/include/c++/7/bits/random.tcc:856:5:[m[K [01;36m[Knote: [m[Kcandidate: template<class _RandomNumberEngine, long unsigned int __k, class _CharT, class _Traits> std::basic_istream<_CharT, _Traits>& std::operator>>(std::basic_istream<_CharT, _Traits>&, std::shuffle_order_engine<_RandomNumberEngine, __k>&)
     [01;36m[Koperator[m[K>>(std::basic_istream<_CharT, _Traits>& __is,
     [01;36m[K^~~~~~~~[m[K
[01m[K/usr/include/c++/7/bits/random.tcc:856:5:[m[K [01;36m[Knote: [m[K  template argument deduction/substitution failed:
[01m[K/home/me/progetto_labiagi/src/ped/src/ped_server.cpp:83:22:[m[K [01;36m[Knote: [m[K  ‘[01m[Kstd::__cxx11::string {aka std::__cxx11::basic_string<char>}[m[K’ is not derived from ‘[01m[Kstd::basic_istream<_CharT, _Traits>[m[K’
   while (inFile s >> [01;36m[Kx[m[K >> y ) {
                      [01;36m[K^[m[K
In file included from [01m[K/usr/include/c++/7/random:51:0[m[K,
                 from [01m[K/usr/include/x86_64-linux-gnu/c++/7/bits/stdc++.h:108[m[K,
                 from [01m[K/home/me/progetto_labiagi/src/ped/src/ped_server.cpp:5[m[K:
[01m[K/usr/include/c++/7/bits/random.tcc:1220:5:[m[K [01;36m[Knote: [m[Kcandidate: template<class _IntType, class _CharT, class _Traits> std::basic_istream<_CharT, _Traits>& std::operator>>(std::basic_istream<_CharT, _Traits>&, std::negative_binomial_distribution<_IntType>&)
     [01;36m[Koperator[m[K>>(std::basic_istream<_CharT, _Traits>& __is,
     [01;36m[K^~~~~~~~[m[K
[01m[K/usr/include/c++/7/bits/random.tcc:1220:5:[m[K [01;36m[Knote: [m[K  template argument deduction/substitution failed:
[01m[K/home/me/progetto_labiagi/src/ped/src/ped_server.cpp:83:22:[m[K [01;36m[Knote: [m[K  ‘[01m[Kstd::__cxx11::string {aka std::__cxx11::basic_string<char>}[m[K’ is not derived from ‘[01m[Kstd::basic_istream<_CharT, _Traits>[m[K’
   while (inFile s >> [01;36m[Kx[m[K >> y ) {
                      [01;36m[K^[m[K
In file included from [01m[K/usr/include/c++/7/random:51:0[m[K,
                 from [01m[K/usr/include/x86_64-linux-gnu/c++/7/bits/stdc++.h:108[m[K,
                 from [01m[K/home/me/progetto_labiagi/src/ped/src/ped_server.cpp:5[m[K:
[01m[K/usr/include/c++/7/bits/random.tcc:1425:5:[m[K [01;36m[Knote: [m[Kcandidate: template<class _IntType, class _CharT, class _Traits> std::basic_istream<_CharT, _Traits>& std::operator>>(std::basic_istream<_CharT, _Traits>&, std::poisson_distribution<_IntType>&)
     [01;36m[Koperator[m[K>>(std::basic_istream<_CharT, _Traits>& __is,
     [01;36m[K^~~~~~~~[m[K
[01m[K/usr/include/c++/7/bits/random.tcc:1425:5:[m[K [01;36m[Knote: [m[K  template argument deduction/substitution failed:
[01m[K/home/me/progetto_labiagi/src/ped/src/ped_server.cpp:83:22:[m[K [01;36m[Knote: [m[K  ‘[01m[Kstd::__cxx11::string {aka std::__cxx11::basic_string<char>}[m[K’ is not derived from ‘[01m[Kstd::basic_istream<_CharT, _Traits>[m[K’
   while (inFile s >> [01;36m[Kx[m[K >> y ) {
                      [01;36m[K^[m[K
In file included from [01m[K/usr/include/c++/7/random:51:0[m[K,
                 from [01m[K/usr/include/x86_64-linux-gnu/c++/7/bits/stdc++.h:108[m[K,
                 from [01m[K/home/me/progetto_labiagi/src/ped/src/ped_server.cpp:5[m[K:
[01m[K/usr/include/c++/7/bits/random.tcc:1693:5:[m[K [01;36m[Knote: [m[Kcandidate: template<class _IntType, class _CharT, class _Traits> std::basic_istream<_CharT, _Traits>& std::operator>>(std::basic_istream<_CharT, _Traits>&, std::binomial_distribution<_IntType>&)
     [01;36m[Koperator[m[K>>(std::basic_istream<_CharT, _Traits>& __is,
     [01;36m[K^~~~~~~~[m[K
[01m[K/usr/include/c++/7/bits/random.tcc:1693:5:[m[K [01;36m[Knote: [m[K  template argument deduction/substitution failed:
[01m[K/home/me/progetto_labiagi/src/ped/src/ped_server.cpp:83:22:[m[K [01;36m[Knote: [m[K  ‘[01m[Kstd::__cxx11::string {aka std::__cxx11::basic_string<char>}[m[K’ is not derived from ‘[01m[Kstd::basic_istream<_CharT, _Traits>[m[K’
   while (inFile s >> [01;36m[Kx[m[K >> y ) {
                      [01;36m[K^[m[K
In file included from [01m[K/usr/include/c++/7/random:51:0[m[K,
                 from [01m[K/usr/include/x86_64-linux-gnu/c++/7/bits/stdc++.h:108[m[K,
                 from [01m[K/home/me/progetto_labiagi/src/ped/src/ped_server.cpp:5[m[K:
[01m[K/usr/include/c++/7/bits/random.tcc:1988:5:[m[K [01;36m[Knote: [m[Kcandidate: template<class _RealType, class _CharT, class _Traits> std::basic_istream<_CharT, _Traits>& std::operator>>(std::basic_istream<_CharT, _Traits>&, std::lognormal_distribution<_RealType>&)
     [01;36m[Koperator[m[K>>(std::basic_istream<_CharT, _Traits>& __is,
     [01;36m[K^~~~~~~~[m[K
[01m[K/usr/include/c++/7/bits/random.tcc:1988:5:[m[K [01;36m[Knote: [m[K  template argument deduction/substitution failed:
[01m[K/home/me/progetto_labiagi/src/ped/src/ped_server.cpp:83:22:[m[K [01;36m[Knote: [m[K  ‘[01m[Kstd::__cxx11::string {aka std::__cxx11::basic_string<char>}[m[K’ is not derived from ‘[01m[Kstd::basic_istream<_CharT, _Traits>[m[K’
   while (inFile s >> [01;36m[Kx[m[K >> y ) {
                      [01;36m[K^[m[K
In file included from [01m[K/usr/include/c++/7/random:51:0[m[K,
                 from [01m[K/usr/include/x86_64-linux-gnu/c++/7/bits/stdc++.h:108[m[K,
                 from [01m[K/home/me/progetto_labiagi/src/ped/src/ped_server.cpp:5[m[K:
[01m[K/usr/include/c++/7/bits/random.tcc:2060:5:[m[K [01;36m[Knote: [m[Kcandidate: template<class _RealType, class _CharT, class _Traits> std::basic_istream<_CharT, _Traits>& std::operator>>(std::basic_istream<_CharT, _Traits>&, std::chi_squared_distribution<_RealType>&)
     [01;36m[Koperator[m[K>>(std::basic_istream<_CharT, _Traits>& __is,
     [01;36m[K^~~~~~~~[m[K
[01m[K/usr/include/c++/7/bits/random.tcc:2060:5:[m[K [01;36m[Knote: [m[K  template argument deduction/substitution failed:
[01m[K/home/me/progetto_labiagi/src/ped/src/ped_server.cpp:83:22:[m[K [01;36m[Knote: [m[K  ‘[01m[Kstd::__cxx11::string {aka std::__cxx11::basic_string<char>}[m[K’ is not derived from ‘[01m[Kstd::basic_istream<_CharT, _Traits>[m[K’
   while (inFile s >> [01;36m[Kx[m[K >> y ) {
                      [01;36m[K^[m[K
In file included from [01m[K/usr/include/c++/7/random:51:0[m[K,
                 from [01m[K/usr/include/x86_64-linux-gnu/c++/7/bits/stdc++.h:108[m[K,
                 from [01m[K/home/me/progetto_labiagi/src/ped/src/ped_server.cpp:5[m[K:
[01m[K/usr/include/c++/7/bits/random.tcc:2225:5:[m[K [01;36m[Knote: [m[Kcandidate: template<class _RealType, class _CharT, class _Traits> std::basic_istream<_CharT, _Traits>& std::operator>>(std::basic_istream<_CharT, _Traits>&, std::fisher_f_distribution<_RealType>&)
     [01;36m[Koperator[m[K>>(std::basic_istream<_CharT, _Traits>& __is,
     [01;36m[K^~~~~~~~[m[K
[01m[K/usr/include/c++/7/bits/random.tcc:2225:5:[m[K [01;36m[Knote: [m[K  template argument deduction/substitution failed:
[01m[K/home/me/progetto_labiagi/src/ped/src/ped_server.cpp:83:22:[m[K [01;36m[Knote: [m[K  ‘[01m[Kstd::__cxx11::string {aka std::__cxx11::basic_string<char>}[m[K’ is not derived from ‘[01m[Kstd::basic_istream<_CharT, _Traits>[m[K’
   while (inFile s >> [01;36m[Kx[m[K >> y ) {
                      [01;36m[K^[m[K
In file included from [01m[K/usr/include/c++/7/random:51:0[m[K,
                 from [01m[K/usr/include/x86_64-linux-gnu/c++/7/bits/stdc++.h:108[m[K,
                 from [01m[K/home/me/progetto_labiagi/src/ped/src/ped_server.cpp:5[m[K:
[01m[K/usr/include/c++/7/bits/random.tcc:2299:5:[m[K [01;36m[Knote: [m[Kcandidate: template<class _RealType, class _CharT, class _Traits> std::basic_istream<_CharT, _Traits>& std::operator>>(std::basic_istream<_CharT, _Traits>&, std::student_t_distribution<_RealType>&)
     [01;36m[Koperator[m[K>>(std::basic_istream<_CharT, _Traits>& __is,
     [01;36m[K^~~~~~~~[m[K
[01m[K/usr/include/c++/7/bits/random.tcc:2299:5:[m[K [01;36m[Knote: [m[K  template argument deduction/substitution failed:
[01m[K/home/me/progetto_labiagi/src/ped/src/ped_server.cpp:83:22:[m[K [01;36m[Knote: [m[K  ‘[01m[Kstd::__cxx11::string {aka std::__cxx11::basic_string<char>}[m[K’ is not derived from ‘[01m[Kstd::basic_istream<_CharT, _Traits>[m[K’
   while (inFile s >> [01;36m[Kx[m[K >> y ) {
                      [01;36m[K^[m[K
In file included from [01m[K/usr/include/c++/7/random:51:0[m[K,
                 from [01m[K/usr/include/x86_64-linux-gnu/c++/7/bits/stdc++.h:108[m[K,
                 from [01m[K/home/me/progetto_labiagi/src/ped/src/ped_server.cpp:5[m[K:
[01m[K/usr/include/c++/7/bits/random.tcc:2761:5:[m[K [01;36m[Knote: [m[Kcandidate: template<class _IntType, class _CharT, class _Traits> std::basic_istream<_CharT, _Traits>& std::operator>>(std::basic_istream<_CharT, _Traits>&, std::discrete_distribution<_IntType>&)
     [01;36m[Koperator[m[K>>(std::basic_istream<_CharT, _Traits>& __is,
     [01;36m[K^~~~~~~~[m[K
[01m[K/usr/include/c++/7/bits/random.tcc:2761:5:[m[K [01;36m[Knote: [m[K  template argument deduction/substitution failed:
[01m[K/home/me/progetto_labiagi/src/ped/src/ped_server.cpp:83:22:[m[K [01;36m[Knote: [m[K  ‘[01m[Kstd::__cxx11::string {aka std::__cxx11::basic_string<char>}[m[K’ is not derived from ‘[01m[Kstd::basic_istream<_CharT, _Traits>[m[K’
   while (inFile s >> [01;36m[Kx[m[K >> y ) {
                      [01;36m[K^[m[K
In file included from [01m[K/usr/include/c++/7/random:51:0[m[K,
                 from [01m[K/usr/include/x86_64-linux-gnu/c++/7/bits/stdc++.h:108[m[K,
                 from [01m[K/home/me/progetto_labiagi/src/ped/src/ped_server.cpp:5[m[K:
[01m[K/usr/include/c++/7/bits/random.tcc:2976:5:[m[K [01;36m[Knote: [m[Kcandidate: template<class _RealType, class _CharT, class _Traits> std::basic_istream<_CharT, _Traits>& std::operator>>(std::basic_istream<_CharT, _Traits>&, std::piecewise_constant_distribution<_RealType>&)
     [01;36m[Koperator[m[K>>(std::basic_istream<_CharT, _Traits>& __is,
     [01;36m[K^~~~~~~~[m[K
[01m[K/usr/include/c++/7/bits/random.tcc:2976:5:[m[K [01;36m[Knote: [m[K  template argument deduction/substitution failed:
[01m[K/home/me/progetto_labiagi/src/ped/src/ped_server.cpp:83:22:[m[K [01;36m[Knote: [m[K  ‘[01m[Kstd::__cxx11::string {aka std::__cxx11::basic_string<char>}[m[K’ is not derived from ‘[01m[Kstd::basic_istream<_CharT, _Traits>[m[K’
   while (inFile s >> [01;36m[Kx[m[K >> y ) {
                      [01;36m[K^[m[K
In file included from [01m[K/usr/include/c++/7/random:51:0[m[K,
                 from [01m[K/usr/include/x86_64-linux-gnu/c++/7/bits/stdc++.h:108[m[K,
                 from [01m[K/home/me/progetto_labiagi/src/ped/src/ped_server.cpp:5[m[K:
[01m[K/usr/include/c++/7/bits/random.tcc:3192:5:[m[K [01;36m[Knote: [m[Kcandidate: template<class _RealType, class _CharT, class _Traits> std::basic_istream<_CharT, _Traits>& std::operator>>(std::basic_istream<_CharT, _Traits>&, std::piecewise_linear_distribution<_RealType>&)
     [01;36m[Koperator[m[K>>(std::basic_istream<_CharT, _Traits>& __is,
     [01;36m[K^~~~~~~~[m[K
[01m[K/usr/include/c++/7/bits/random.tcc:3192:5:[m[K [01;36m[Knote: [m[K  template argument deduction/substitution failed:
[01m[K/home/me/progetto_labiagi/src/ped/src/ped_server.cpp:83:22:[m[K [01;36m[Knote: [m[K  ‘[01m[Kstd::__cxx11::string {aka std::__cxx11::basic_string<char>}[m[K’ is not derived from ‘[01m[Kstd::basic_istream<_CharT, _Traits>[m[K’
   while (inFile s >> [01;36m[Kx[m[K >> y ) {
                      [01;36m[K^[m[K
make[2]: *** [CMakeFiles/ped_server.dir/src/ped_server.cpp.o] Error 1
make[1]: *** [CMakeFiles/ped_server.dir/all] Error 2
make: *** [all] Error 2
