Determining if the pthread_create exist failed with the following output:
Change Dir: /home/me/progetto_labiagi/build/ped/CMakeFiles/CMakeTmp

Run Build Command:"/usr/bin/make" "cmTC_f6b89/fast"
/usr/bin/make -f CMakeFiles/cmTC_f6b89.dir/build.make CMakeFiles/cmTC_f6b89.dir/build
make[1]: Entering directory '/home/me/progetto_labiagi/build/ped/CMakeFiles/CMakeTmp'
Building C object CMakeFiles/cmTC_f6b89.dir/CheckSymbolExists.c.o
/usr/bin/cc    -o CMakeFiles/cmTC_f6b89.dir/CheckSymbolExists.c.o   -c /home/me/progetto_labiagi/build/ped/CMakeFiles/CMakeTmp/CheckSymbolExists.c
Linking C executable cmTC_f6b89
/usr/bin/cmake -E cmake_link_script CMakeFiles/cmTC_f6b89.dir/link.txt --verbose=1
/usr/bin/cc      -rdynamic CMakeFiles/cmTC_f6b89.dir/CheckSymbolExists.c.o  -o cmTC_f6b89 
CMakeFiles/cmTC_f6b89.dir/CheckSymbolExists.c.o: In function `main':
CheckSymbolExists.c:(.text+0x1b): undefined reference to `pthread_create'
collect2: error: ld returned 1 exit status
CMakeFiles/cmTC_f6b89.dir/build.make:97: recipe for target 'cmTC_f6b89' failed
make[1]: *** [cmTC_f6b89] Error 1
make[1]: Leaving directory '/home/me/progetto_labiagi/build/ped/CMakeFiles/CMakeTmp'
Makefile:126: recipe for target 'cmTC_f6b89/fast' failed
make: *** [cmTC_f6b89/fast] Error 2

File /home/me/progetto_labiagi/build/ped/CMakeFiles/CMakeTmp/CheckSymbolExists.c:
/* */
#include <pthread.h>

int main(int argc, char** argv)
{
  (void)argv;
#ifndef pthread_create
  return ((int*)(&pthread_create))[argc];
#else
  (void)argc;
  return 0;
#endif
}

Determining if the function pthread_create exists in the pthreads failed with the following output:
Change Dir: /home/me/progetto_labiagi/build/ped/CMakeFiles/CMakeTmp

Run Build Command:"/usr/bin/make" "cmTC_1b0fa/fast"
/usr/bin/make -f CMakeFiles/cmTC_1b0fa.dir/build.make CMakeFiles/cmTC_1b0fa.dir/build
make[1]: Entering directory '/home/me/progetto_labiagi/build/ped/CMakeFiles/CMakeTmp'
Building C object CMakeFiles/cmTC_1b0fa.dir/CheckFunctionExists.c.o
/usr/bin/cc   -DCHECK_FUNCTION_EXISTS=pthread_create   -o CMakeFiles/cmTC_1b0fa.dir/CheckFunctionExists.c.o   -c /usr/share/cmake-3.10/Modules/CheckFunctionExists.c
Linking C executable cmTC_1b0fa
/usr/bin/cmake -E cmake_link_script CMakeFiles/cmTC_1b0fa.dir/link.txt --verbose=1
/usr/bin/cc  -DCHECK_FUNCTION_EXISTS=pthread_create    -rdynamic CMakeFiles/cmTC_1b0fa.dir/CheckFunctionExists.c.o  -o cmTC_1b0fa -lpthreads 
/usr/bin/ld: cannot find -lpthreads
collect2: error: ld returned 1 exit status
CMakeFiles/cmTC_1b0fa.dir/build.make:97: recipe for target 'cmTC_1b0fa' failed
make[1]: *** [cmTC_1b0fa] Error 1
make[1]: Leaving directory '/home/me/progetto_labiagi/build/ped/CMakeFiles/CMakeTmp'
Makefile:126: recipe for target 'cmTC_1b0fa/fast' failed
make: *** [cmTC_1b0fa/fast] Error 2


